2021-06-11 14:06:11,659 P3216 [INFO] ************************************************************
2021-06-11 14:06:11,659 P3216 [INFO] ConfigSet _OnInstanceBoot
2021-06-11 14:06:11,661 P3216 [INFO] ++++++++++++++++++++++++++++++++++++++++++++++++++++++++++++
2021-06-11 14:06:11,661 P3216 [INFO] Config AWSEBBaseConfig
2021-06-11 14:06:11,827 P3216 [INFO] ============================================================
2021-06-11 14:06:11,827 P3216 [INFO] Command clearbackupfiles
2021-06-11 14:06:11,831 P3216 [INFO] Completed successfully.
2021-06-11 14:06:11,835 P3216 [INFO] ++++++++++++++++++++++++++++++++++++++++++++++++++++++++++++
2021-06-11 14:06:11,835 P3216 [INFO] Config AWSEBCfnHupEndpointOverride
2021-06-11 14:06:11,836 P3216 [INFO] ============================================================
2021-06-11 14:06:11,836 P3216 [INFO] Command clearbackupfiles
2021-06-11 14:06:11,838 P3216 [INFO] Completed successfully.
2021-06-11 14:06:43,501 P3828 [INFO] ************************************************************
2021-06-11 14:06:43,502 P3828 [INFO] ConfigSet Infra-EmbeddedPreBuild
2021-06-11 14:07:27,020 P4465 [INFO] ************************************************************
2021-06-11 14:07:27,021 P4465 [INFO] ConfigSet Infra-EmbeddedPostBuild
2021-06-11 16:52:59,284 P1577 [INFO] ************************************************************
2021-06-11 16:52:59,284 P1577 [INFO] ConfigSet Infra-EmbeddedPreBuild
2021-06-11 16:53:02,231 P1888 [INFO] ************************************************************
2021-06-11 16:53:02,231 P1888 [INFO] ConfigSet Infra-EmbeddedPostBuild
2021-06-17 13:29:58,493 P5391 [INFO] ************************************************************
2021-06-17 13:29:58,494 P5391 [INFO] ConfigSet Infra-EmbeddedPreBuild
2021-06-17 13:30:01,638 P5680 [INFO] ************************************************************
2021-06-17 13:30:01,638 P5680 [INFO] ConfigSet Infra-EmbeddedPostBuild
2021-06-17 13:35:51,459 P6583 [INFO] ************************************************************
2021-06-17 13:35:51,459 P6583 [INFO] ConfigSet Infra-EmbeddedPreBuild
2021-06-17 13:35:54,249 P6891 [INFO] ************************************************************
2021-06-17 13:35:54,249 P6891 [INFO] ConfigSet Infra-EmbeddedPostBuild
2021-06-17 13:37:47,457 P7725 [INFO] ************************************************************
2021-06-17 13:37:47,457 P7725 [INFO] ConfigSet Infra-EmbeddedPreBuild
2021-06-17 13:38:01,060 P8225 [INFO] ************************************************************
2021-06-17 13:38:01,060 P8225 [INFO] ConfigSet Infra-EmbeddedPostBuild
2021-06-17 14:06:26,053 P9462 [INFO] ************************************************************
2021-06-17 14:06:26,053 P9462 [INFO] ConfigSet Infra-EmbeddedPreBuild
2021-06-17 14:06:39,335 P9960 [INFO] ************************************************************
2021-06-17 14:06:39,335 P9960 [INFO] ConfigSet Infra-EmbeddedPostBuild
2021-06-25 04:06:15,041 P10182 [INFO] ************************************************************
2021-06-25 04:06:15,041 P10182 [INFO] ConfigSet Infra-EmbeddedPreBuild
2021-06-25 04:06:29,248 P10767 [INFO] ************************************************************
2021-06-25 04:06:29,249 P10767 [INFO] ConfigSet Infra-EmbeddedPostBuild
2021-06-27 05:18:51,621 P14008 [INFO] ************************************************************
2021-06-27 05:18:51,621 P14008 [INFO] ConfigSet Infra-EmbeddedPreBuild
2021-06-27 05:19:06,487 P14515 [INFO] ************************************************************
2021-06-27 05:19:06,488 P14515 [INFO] ConfigSet Infra-EmbeddedPostBuild
2021-06-27 16:42:06,670 P23307 [INFO] ************************************************************
2021-06-27 16:42:06,670 P23307 [INFO] ConfigSet Infra-EmbeddedPreBuild
2021-06-27 16:42:24,102 P23809 [INFO] ************************************************************
2021-06-27 16:42:24,103 P23809 [INFO] ConfigSet Infra-EmbeddedPostBuild
2021-06-28 07:33:23,552 P2718 [INFO] ************************************************************
2021-06-28 07:33:23,552 P2718 [INFO] ConfigSet Infra-EmbeddedPreBuild
2021-06-28 07:33:43,502 P3253 [INFO] ************************************************************
2021-06-28 07:33:43,502 P3253 [INFO] ConfigSet Infra-EmbeddedPostBuild
2021-06-28 15:10:25,652 P9568 [INFO] ************************************************************
2021-06-28 15:10:25,652 P9568 [INFO] ConfigSet Infra-EmbeddedPreBuild
2021-06-28 15:10:45,410 P10073 [INFO] ************************************************************
2021-06-28 15:10:45,410 P10073 [INFO] ConfigSet Infra-EmbeddedPostBuild
2021-06-28 15:28:39,625 P11067 [INFO] ************************************************************
2021-06-28 15:28:39,625 P11067 [INFO] ConfigSet Infra-EmbeddedPreBuild
2021-06-28 15:28:59,733 P11581 [INFO] ************************************************************
2021-06-28 15:28:59,733 P11581 [INFO] ConfigSet Infra-EmbeddedPostBuild
2021-06-29 02:14:02,775 P20042 [INFO] ************************************************************
2021-06-29 02:14:02,775 P20042 [INFO] ConfigSet Infra-EmbeddedPreBuild
2021-06-29 02:14:23,021 P20585 [INFO] ************************************************************
2021-06-29 02:14:23,021 P20585 [INFO] ConfigSet Infra-EmbeddedPostBuild
2021-06-29 02:23:33,533 P21480 [INFO] ************************************************************
2021-06-29 02:23:33,533 P21480 [INFO] ConfigSet Infra-EmbeddedPreBuild
2021-06-29 02:23:53,457 P21998 [INFO] ************************************************************
2021-06-29 02:23:53,458 P21998 [INFO] ConfigSet Infra-EmbeddedPostBuild
2021-06-29 03:22:28,461 P23522 [INFO] ************************************************************
2021-06-29 03:22:28,461 P23522 [INFO] ConfigSet Infra-EmbeddedPreBuild
2021-06-29 03:22:49,596 P24026 [INFO] ************************************************************
2021-06-29 03:22:49,596 P24026 [INFO] ConfigSet Infra-EmbeddedPostBuild
2021-06-29 03:26:04,790 P24901 [INFO] ************************************************************
2021-06-29 03:26:04,790 P24901 [INFO] ConfigSet Infra-EmbeddedPreBuild
2021-06-29 03:26:10,412 P25194 [INFO] ************************************************************
2021-06-29 03:26:10,413 P25194 [INFO] ConfigSet Infra-EmbeddedPostBuild
