2021-06-11T14:07:13.801672291Z image pull node:14.16 (name=node)
2021-06-11T14:07:14.308239199Z container create 19629d46c3ba6df1244cab51b07a1e692a6e994659262f0b7baf922334ffd47c (image=sha256:6a353e22ce0146377bf23a2430c14dd1e75d2de6f56463e99fea573dc63f73e2, name=hardcore_blackburn)
2021-06-11T14:07:14.309033605Z container attach 19629d46c3ba6df1244cab51b07a1e692a6e994659262f0b7baf922334ffd47c (image=sha256:6a353e22ce0146377bf23a2430c14dd1e75d2de6f56463e99fea573dc63f73e2, name=hardcore_blackburn)
2021-06-11T14:07:14.397710624Z network connect 15783a8ee05c776ddd7fa2f607c33cfd05ceeb5def230c64f65ce8d64d70a041 (container=19629d46c3ba6df1244cab51b07a1e692a6e994659262f0b7baf922334ffd47c, name=bridge, type=bridge)
2021-06-11T14:07:15.311111687Z container start 19629d46c3ba6df1244cab51b07a1e692a6e994659262f0b7baf922334ffd47c (image=sha256:6a353e22ce0146377bf23a2430c14dd1e75d2de6f56463e99fea573dc63f73e2, name=hardcore_blackburn)
2021-06-11T14:07:15.342370288Z container die 19629d46c3ba6df1244cab51b07a1e692a6e994659262f0b7baf922334ffd47c (exitCode=0, image=sha256:6a353e22ce0146377bf23a2430c14dd1e75d2de6f56463e99fea573dc63f73e2, name=hardcore_blackburn)
2021-06-11T14:07:15.410851322Z network disconnect 15783a8ee05c776ddd7fa2f607c33cfd05ceeb5def230c64f65ce8d64d70a041 (container=19629d46c3ba6df1244cab51b07a1e692a6e994659262f0b7baf922334ffd47c, name=bridge, type=bridge)
2021-06-11T14:07:15.511538068Z container destroy 19629d46c3ba6df1244cab51b07a1e692a6e994659262f0b7baf922334ffd47c (image=sha256:6a353e22ce0146377bf23a2430c14dd1e75d2de6f56463e99fea573dc63f73e2, name=hardcore_blackburn)
2021-06-11T14:07:15.542636350Z container create 9603fd50be6cb22fe7d4f50d0f6e3d78ce7d13cf6bba09b29ebeb30949cb9986 (image=sha256:64ff3f8aa04204d87765b6777063784df4568c7f07728afcceee738d708f950b, name=zen_kepler)
2021-06-11T14:07:15.636445490Z container destroy 9603fd50be6cb22fe7d4f50d0f6e3d78ce7d13cf6bba09b29ebeb30949cb9986 (image=sha256:64ff3f8aa04204d87765b6777063784df4568c7f07728afcceee738d708f950b, name=zen_kepler)
2021-06-11T14:07:16.153575438Z container create 9c242f8c38bfe192f38c52753160749a157133286c9aa2f89e62d6b138b17e54 (image=sha256:460b9e4d72a4622c91e9ea07c8f7915175664e5662037c180e395c536c74d08d, name=boring_volhard)
2021-06-11T14:07:16.246343353Z container destroy 9c242f8c38bfe192f38c52753160749a157133286c9aa2f89e62d6b138b17e54 (image=sha256:460b9e4d72a4622c91e9ea07c8f7915175664e5662037c180e395c536c74d08d, name=boring_volhard)
2021-06-11T14:07:16.270406516Z container create 75f2abfbd762b7c62cc30598aa618889d722095fd0de81f782d93b720d384c45 (image=sha256:aedee8ce896b22a1e744797cba50b6fa26fd2f6e3a5705a5e9d8698fae4ad7b5, name=quirky_hellman)
2021-06-11T14:07:16.270639326Z container attach 75f2abfbd762b7c62cc30598aa618889d722095fd0de81f782d93b720d384c45 (image=sha256:aedee8ce896b22a1e744797cba50b6fa26fd2f6e3a5705a5e9d8698fae4ad7b5, name=quirky_hellman)
2021-06-11T14:07:16.337056274Z network connect 15783a8ee05c776ddd7fa2f607c33cfd05ceeb5def230c64f65ce8d64d70a041 (container=75f2abfbd762b7c62cc30598aa618889d722095fd0de81f782d93b720d384c45, name=bridge, type=bridge)
2021-06-11T14:07:16.804108390Z container start 75f2abfbd762b7c62cc30598aa618889d722095fd0de81f782d93b720d384c45 (image=sha256:aedee8ce896b22a1e744797cba50b6fa26fd2f6e3a5705a5e9d8698fae4ad7b5, name=quirky_hellman)
2021-06-11T14:07:23.085612545Z container die 75f2abfbd762b7c62cc30598aa618889d722095fd0de81f782d93b720d384c45 (exitCode=0, image=sha256:aedee8ce896b22a1e744797cba50b6fa26fd2f6e3a5705a5e9d8698fae4ad7b5, name=quirky_hellman)
2021-06-11T14:07:23.154016502Z network disconnect 15783a8ee05c776ddd7fa2f607c33cfd05ceeb5def230c64f65ce8d64d70a041 (container=75f2abfbd762b7c62cc30598aa618889d722095fd0de81f782d93b720d384c45, name=bridge, type=bridge)
2021-06-11T14:07:24.725255147Z container destroy 75f2abfbd762b7c62cc30598aa618889d722095fd0de81f782d93b720d384c45 (image=sha256:aedee8ce896b22a1e744797cba50b6fa26fd2f6e3a5705a5e9d8698fae4ad7b5, name=quirky_hellman)
2021-06-11T14:07:24.763840725Z container create c463256195e46d86353091d670b92ad4520d622c9cbe216dfea0ea654c812405 (image=sha256:414dc72b2ea17005eddad362205cf1016e1e91c5d7721d239e8b4d2cf18a634d, name=friendly_mclean)
2021-06-11T14:07:24.854173914Z container destroy c463256195e46d86353091d670b92ad4520d622c9cbe216dfea0ea654c812405 (image=sha256:414dc72b2ea17005eddad362205cf1016e1e91c5d7721d239e8b4d2cf18a634d, name=friendly_mclean)
2021-06-11T14:07:24.875973148Z container create 439bc26571e658f5e3fdd058e73c76d262dd439de12676cd62058a4550a5c2b2 (image=sha256:5c69d7b10fba276690926f2e7bd01b27e5b4d49098d1b0ecc77256177029a3ec, name=nice_hodgkin)
2021-06-11T14:07:24.968323819Z container destroy 439bc26571e658f5e3fdd058e73c76d262dd439de12676cd62058a4550a5c2b2 (image=sha256:5c69d7b10fba276690926f2e7bd01b27e5b4d49098d1b0ecc77256177029a3ec, name=nice_hodgkin)
2021-06-11T14:07:24.993550119Z image tag sha256:bab128bb5c2cb566c5e302fa9dd5c4c29bc0589e0e31f3fcb30637dbf433a355 (name=aws_beanstalk/staging-app:latest)
2021-06-11T14:07:27.134180649Z container create e001674721abff88255466d1f74565fc659159e65f3841dc65ae329a43e4fda9 (image=bab128bb5c2c, name=competent_benz)
2021-06-11T14:07:27.184850046Z network connect 15783a8ee05c776ddd7fa2f607c33cfd05ceeb5def230c64f65ce8d64d70a041 (container=e001674721abff88255466d1f74565fc659159e65f3841dc65ae329a43e4fda9, name=bridge, type=bridge)
2021-06-11T14:07:27.676137927Z container start e001674721abff88255466d1f74565fc659159e65f3841dc65ae329a43e4fda9 (image=bab128bb5c2c, name=competent_benz)
2021-06-11T14:07:33.263014195Z image tag sha256:bab128bb5c2cb566c5e302fa9dd5c4c29bc0589e0e31f3fcb30637dbf433a355 (name=aws_beanstalk/current-app:latest)
2021-06-11T14:07:33.303846966Z image untag sha256:bab128bb5c2cb566c5e302fa9dd5c4c29bc0589e0e31f3fcb30637dbf433a355 (name=sha256:bab128bb5c2cb566c5e302fa9dd5c4c29bc0589e0e31f3fcb30637dbf433a355)
2021-06-11T14:07:34.364152805Z image tag sha256:bab128bb5c2cb566c5e302fa9dd5c4c29bc0589e0e31f3fcb30637dbf433a355 (name=aws_beanstalk/current-app:latest)
2021-06-11T14:07:34.443630031Z image tag sha256:6a353e22ce0146377bf23a2430c14dd1e75d2de6f56463e99fea573dc63f73e2 (name=node:14.16)
2021-06-11T16:52:59.583124089Z image tag sha256:bab128bb5c2cb566c5e302fa9dd5c4c29bc0589e0e31f3fcb30637dbf433a355 (name=aws_beanstalk/current-app:latest)
2021-06-11T16:52:59.623947446Z image tag sha256:6a353e22ce0146377bf23a2430c14dd1e75d2de6f56463e99fea573dc63f73e2 (name=node:14.16)
2021-06-11T16:52:59.920260184Z image pull node:14.16 (name=node)
2021-06-11T16:53:00.206709662Z image tag sha256:bab128bb5c2cb566c5e302fa9dd5c4c29bc0589e0e31f3fcb30637dbf433a355 (name=aws_beanstalk/staging-app:latest)
2021-06-11T16:53:02.617467755Z container kill e001674721abff88255466d1f74565fc659159e65f3841dc65ae329a43e4fda9 (image=bab128bb5c2c, name=competent_benz, signal=15)
2021-06-11T16:53:02.642013389Z container die e001674721abff88255466d1f74565fc659159e65f3841dc65ae329a43e4fda9 (exitCode=0, image=bab128bb5c2c, name=competent_benz)
2021-06-11T16:53:02.739004541Z network disconnect 15783a8ee05c776ddd7fa2f607c33cfd05ceeb5def230c64f65ce8d64d70a041 (container=e001674721abff88255466d1f74565fc659159e65f3841dc65ae329a43e4fda9, name=bridge, type=bridge)
2021-06-11T16:53:02.780256791Z container stop e001674721abff88255466d1f74565fc659159e65f3841dc65ae329a43e4fda9 (image=bab128bb5c2c, name=competent_benz)
2021-06-11T16:53:03.217428538Z container destroy e001674721abff88255466d1f74565fc659159e65f3841dc65ae329a43e4fda9 (image=bab128bb5c2c, name=competent_benz)
2021-06-11T16:53:03.217453174Z container prune  (reclaimed=55)
2021-06-11T16:53:03.259131175Z image untag sha256:bab128bb5c2cb566c5e302fa9dd5c4c29bc0589e0e31f3fcb30637dbf433a355 (name=sha256:bab128bb5c2cb566c5e302fa9dd5c4c29bc0589e0e31f3fcb30637dbf433a355)
2021-06-11T16:53:03.328543642Z container create a9cefb8b6f9fbcf1e25d171e48df9b6aef7423f60a2871522a3516946c35b2d8 (image=bab128bb5c2c, name=nifty_hodgkin)
2021-06-11T16:53:03.428613629Z network connect 15783a8ee05c776ddd7fa2f607c33cfd05ceeb5def230c64f65ce8d64d70a041 (container=a9cefb8b6f9fbcf1e25d171e48df9b6aef7423f60a2871522a3516946c35b2d8, name=bridge, type=bridge)
2021-06-11T16:53:03.965999054Z container start a9cefb8b6f9fbcf1e25d171e48df9b6aef7423f60a2871522a3516946c35b2d8 (image=bab128bb5c2c, name=nifty_hodgkin)
2021-06-11T16:53:09.351809413Z image tag sha256:bab128bb5c2cb566c5e302fa9dd5c4c29bc0589e0e31f3fcb30637dbf433a355 (name=aws_beanstalk/current-app:latest)
2021-06-11T16:53:09.395219241Z image untag sha256:bab128bb5c2cb566c5e302fa9dd5c4c29bc0589e0e31f3fcb30637dbf433a355 (name=sha256:bab128bb5c2cb566c5e302fa9dd5c4c29bc0589e0e31f3fcb30637dbf433a355)
2021-06-11T16:53:10.453369082Z image tag sha256:bab128bb5c2cb566c5e302fa9dd5c4c29bc0589e0e31f3fcb30637dbf433a355 (name=aws_beanstalk/current-app:latest)
2021-06-11T16:53:10.534569028Z image tag sha256:6a353e22ce0146377bf23a2430c14dd1e75d2de6f56463e99fea573dc63f73e2 (name=node:14.16)
2021-06-17T13:29:58.827201974Z image tag sha256:bab128bb5c2cb566c5e302fa9dd5c4c29bc0589e0e31f3fcb30637dbf433a355 (name=aws_beanstalk/current-app:latest)
2021-06-17T13:29:58.868247498Z image tag sha256:6a353e22ce0146377bf23a2430c14dd1e75d2de6f56463e99fea573dc63f73e2 (name=node:14.16)
2021-06-17T13:29:59.235063937Z image pull node:14.16 (name=node)
2021-06-17T13:29:59.497127214Z image tag sha256:bab128bb5c2cb566c5e302fa9dd5c4c29bc0589e0e31f3fcb30637dbf433a355 (name=aws_beanstalk/staging-app:latest)
2021-06-17T13:30:02.432358222Z container kill a9cefb8b6f9fbcf1e25d171e48df9b6aef7423f60a2871522a3516946c35b2d8 (image=bab128bb5c2c, name=nifty_hodgkin, signal=15)
2021-06-17T13:30:02.523050101Z container die a9cefb8b6f9fbcf1e25d171e48df9b6aef7423f60a2871522a3516946c35b2d8 (exitCode=0, image=bab128bb5c2c, name=nifty_hodgkin)
2021-06-17T13:30:02.880047762Z network disconnect 15783a8ee05c776ddd7fa2f607c33cfd05ceeb5def230c64f65ce8d64d70a041 (container=a9cefb8b6f9fbcf1e25d171e48df9b6aef7423f60a2871522a3516946c35b2d8, name=bridge, type=bridge)
2021-06-17T13:30:02.932726806Z container stop a9cefb8b6f9fbcf1e25d171e48df9b6aef7423f60a2871522a3516946c35b2d8 (image=bab128bb5c2c, name=nifty_hodgkin)
2021-06-17T13:30:03.390912865Z container destroy a9cefb8b6f9fbcf1e25d171e48df9b6aef7423f60a2871522a3516946c35b2d8 (image=bab128bb5c2c, name=nifty_hodgkin)
2021-06-17T13:30:03.390935092Z container prune  (reclaimed=55)
2021-06-17T13:30:03.434389046Z image untag sha256:bab128bb5c2cb566c5e302fa9dd5c4c29bc0589e0e31f3fcb30637dbf433a355 (name=sha256:bab128bb5c2cb566c5e302fa9dd5c4c29bc0589e0e31f3fcb30637dbf433a355)
2021-06-17T13:30:03.501872482Z container create f973dfaa91e463deb2801607f7c5d4d0e7843acd9469c45684867432b6443ceb (image=bab128bb5c2c, name=dreamy_blackwell)
2021-06-17T13:30:03.601255737Z network connect 15783a8ee05c776ddd7fa2f607c33cfd05ceeb5def230c64f65ce8d64d70a041 (container=f973dfaa91e463deb2801607f7c5d4d0e7843acd9469c45684867432b6443ceb, name=bridge, type=bridge)
2021-06-17T13:30:04.054979747Z container start f973dfaa91e463deb2801607f7c5d4d0e7843acd9469c45684867432b6443ceb (image=bab128bb5c2c, name=dreamy_blackwell)
2021-06-17T13:30:09.499315039Z image tag sha256:bab128bb5c2cb566c5e302fa9dd5c4c29bc0589e0e31f3fcb30637dbf433a355 (name=aws_beanstalk/current-app:latest)
2021-06-17T13:30:09.540595060Z image untag sha256:bab128bb5c2cb566c5e302fa9dd5c4c29bc0589e0e31f3fcb30637dbf433a355 (name=sha256:bab128bb5c2cb566c5e302fa9dd5c4c29bc0589e0e31f3fcb30637dbf433a355)
2021-06-17T13:30:10.607740042Z image tag sha256:bab128bb5c2cb566c5e302fa9dd5c4c29bc0589e0e31f3fcb30637dbf433a355 (name=aws_beanstalk/current-app:latest)
2021-06-17T13:30:10.683357622Z image tag sha256:6a353e22ce0146377bf23a2430c14dd1e75d2de6f56463e99fea573dc63f73e2 (name=node:14.16)
2021-06-17T13:35:51.761130929Z image tag sha256:bab128bb5c2cb566c5e302fa9dd5c4c29bc0589e0e31f3fcb30637dbf433a355 (name=aws_beanstalk/current-app:latest)
2021-06-17T13:35:51.802107571Z image tag sha256:6a353e22ce0146377bf23a2430c14dd1e75d2de6f56463e99fea573dc63f73e2 (name=node:14.16)
2021-06-17T13:35:52.082160407Z image pull node:14.16 (name=node)
2021-06-17T13:35:52.353073029Z image tag sha256:bab128bb5c2cb566c5e302fa9dd5c4c29bc0589e0e31f3fcb30637dbf433a355 (name=aws_beanstalk/staging-app:latest)
2021-06-17T13:35:54.635447167Z container kill f973dfaa91e463deb2801607f7c5d4d0e7843acd9469c45684867432b6443ceb (image=bab128bb5c2c, name=dreamy_blackwell, signal=15)
2021-06-17T13:35:54.663736584Z container die f973dfaa91e463deb2801607f7c5d4d0e7843acd9469c45684867432b6443ceb (exitCode=0, image=bab128bb5c2c, name=dreamy_blackwell)
2021-06-17T13:35:54.722387878Z network disconnect 15783a8ee05c776ddd7fa2f607c33cfd05ceeb5def230c64f65ce8d64d70a041 (container=f973dfaa91e463deb2801607f7c5d4d0e7843acd9469c45684867432b6443ceb, name=bridge, type=bridge)
2021-06-17T13:35:54.765140518Z container stop f973dfaa91e463deb2801607f7c5d4d0e7843acd9469c45684867432b6443ceb (image=bab128bb5c2c, name=dreamy_blackwell)
2021-06-17T13:35:55.215212279Z container destroy f973dfaa91e463deb2801607f7c5d4d0e7843acd9469c45684867432b6443ceb (image=bab128bb5c2c, name=dreamy_blackwell)
2021-06-17T13:35:55.215234942Z container prune  (reclaimed=153)
2021-06-17T13:35:55.256324896Z image untag sha256:bab128bb5c2cb566c5e302fa9dd5c4c29bc0589e0e31f3fcb30637dbf433a355 (name=sha256:bab128bb5c2cb566c5e302fa9dd5c4c29bc0589e0e31f3fcb30637dbf433a355)
2021-06-17T13:35:55.323583977Z container create 2094b92f83fe0abd09cfe32b677afdf7948da28f16155686bd05ab3725dcc7f6 (image=bab128bb5c2c, name=loving_ishizaka)
2021-06-17T13:35:55.392015716Z network connect 15783a8ee05c776ddd7fa2f607c33cfd05ceeb5def230c64f65ce8d64d70a041 (container=2094b92f83fe0abd09cfe32b677afdf7948da28f16155686bd05ab3725dcc7f6, name=bridge, type=bridge)
2021-06-17T13:35:55.815692563Z container start 2094b92f83fe0abd09cfe32b677afdf7948da28f16155686bd05ab3725dcc7f6 (image=bab128bb5c2c, name=loving_ishizaka)
2021-06-17T13:36:01.201602136Z image tag sha256:bab128bb5c2cb566c5e302fa9dd5c4c29bc0589e0e31f3fcb30637dbf433a355 (name=aws_beanstalk/current-app:latest)
2021-06-17T13:36:01.243275908Z image untag sha256:bab128bb5c2cb566c5e302fa9dd5c4c29bc0589e0e31f3fcb30637dbf433a355 (name=sha256:bab128bb5c2cb566c5e302fa9dd5c4c29bc0589e0e31f3fcb30637dbf433a355)
2021-06-17T13:36:02.290792172Z image tag sha256:bab128bb5c2cb566c5e302fa9dd5c4c29bc0589e0e31f3fcb30637dbf433a355 (name=aws_beanstalk/current-app:latest)
2021-06-17T13:36:02.348881859Z image tag sha256:6a353e22ce0146377bf23a2430c14dd1e75d2de6f56463e99fea573dc63f73e2 (name=node:14.16)
2021-06-17T13:37:47.757358971Z image tag sha256:bab128bb5c2cb566c5e302fa9dd5c4c29bc0589e0e31f3fcb30637dbf433a355 (name=aws_beanstalk/current-app:latest)
2021-06-17T13:37:47.797732924Z image tag sha256:6a353e22ce0146377bf23a2430c14dd1e75d2de6f56463e99fea573dc63f73e2 (name=node:14.16)
2021-06-17T13:37:48.180933920Z image pull node:14.16 (name=node)
2021-06-17T13:37:49.251255948Z container create 66b48283c7c70844f89f8a5364ef080a10cf45969e4f53cb43a1686c0f9146ba (image=sha256:437f1e00ddf78ca8d4b46979f8cb6f6a236aa610d58bc5b18b289133fa5e121c, name=hungry_euclid)
2021-06-17T13:37:49.370380505Z container destroy 66b48283c7c70844f89f8a5364ef080a10cf45969e4f53cb43a1686c0f9146ba (image=sha256:437f1e00ddf78ca8d4b46979f8cb6f6a236aa610d58bc5b18b289133fa5e121c, name=hungry_euclid)
2021-06-17T13:37:49.386394175Z container create e6be9e47d73bea6490e541ae99369264520fa3ef3451002cd468c23e133cdccc (image=sha256:6e74d4359cde1c19d10adc2fc131907e4b31898b84e1a2d7bbeb738c2bc28d52, name=distracted_feynman)
2021-06-17T13:37:49.386572151Z container attach e6be9e47d73bea6490e541ae99369264520fa3ef3451002cd468c23e133cdccc (image=sha256:6e74d4359cde1c19d10adc2fc131907e4b31898b84e1a2d7bbeb738c2bc28d52, name=distracted_feynman)
2021-06-17T13:37:49.428051066Z network connect 15783a8ee05c776ddd7fa2f607c33cfd05ceeb5def230c64f65ce8d64d70a041 (container=e6be9e47d73bea6490e541ae99369264520fa3ef3451002cd468c23e133cdccc, name=bridge, type=bridge)
2021-06-17T13:37:49.871582211Z container start e6be9e47d73bea6490e541ae99369264520fa3ef3451002cd468c23e133cdccc (image=sha256:6e74d4359cde1c19d10adc2fc131907e4b31898b84e1a2d7bbeb738c2bc28d52, name=distracted_feynman)
2021-06-17T13:37:57.091128062Z container die e6be9e47d73bea6490e541ae99369264520fa3ef3451002cd468c23e133cdccc (exitCode=0, image=sha256:6e74d4359cde1c19d10adc2fc131907e4b31898b84e1a2d7bbeb738c2bc28d52, name=distracted_feynman)
2021-06-17T13:37:57.153312441Z network disconnect 15783a8ee05c776ddd7fa2f607c33cfd05ceeb5def230c64f65ce8d64d70a041 (container=e6be9e47d73bea6490e541ae99369264520fa3ef3451002cd468c23e133cdccc, name=bridge, type=bridge)
2021-06-17T13:37:58.765553861Z container destroy e6be9e47d73bea6490e541ae99369264520fa3ef3451002cd468c23e133cdccc (image=sha256:6e74d4359cde1c19d10adc2fc131907e4b31898b84e1a2d7bbeb738c2bc28d52, name=distracted_feynman)
2021-06-17T13:37:58.801658255Z container create 653d8a7d03c655ae6c6718461cac3cee57fe0c710ca32810973c7898d3ecbedd (image=sha256:ac23a7565d3614717bf4bd0ce5a5d1d5b271cd2bc961564c9d81374f93dbb490, name=bold_mclaren)
2021-06-17T13:37:58.911316504Z container destroy 653d8a7d03c655ae6c6718461cac3cee57fe0c710ca32810973c7898d3ecbedd (image=sha256:ac23a7565d3614717bf4bd0ce5a5d1d5b271cd2bc961564c9d81374f93dbb490, name=bold_mclaren)
2021-06-17T13:37:58.929491684Z container create 692bb0a5f94daa0569a0836341c69445df9bfe54fa72345727dec48278c464eb (image=sha256:8dbd4dc7f639c04eb55a8e4de39c8769ad1b187469f949c136de9f4ead8f7172, name=ecstatic_robinson)
2021-06-17T13:37:59.019080692Z container destroy 692bb0a5f94daa0569a0836341c69445df9bfe54fa72345727dec48278c464eb (image=sha256:8dbd4dc7f639c04eb55a8e4de39c8769ad1b187469f949c136de9f4ead8f7172, name=ecstatic_robinson)
2021-06-17T13:37:59.029418135Z image tag sha256:c29838b2cdf9f9d5f55ab4533cac2d2d67d86bced3845a8869f6e1e90db3ff5c (name=aws_beanstalk/staging-app:latest)
2021-06-17T13:38:01.449764360Z container kill 2094b92f83fe0abd09cfe32b677afdf7948da28f16155686bd05ab3725dcc7f6 (image=bab128bb5c2c, name=loving_ishizaka, signal=15)
2021-06-17T13:38:01.477548815Z container die 2094b92f83fe0abd09cfe32b677afdf7948da28f16155686bd05ab3725dcc7f6 (exitCode=0, image=bab128bb5c2c, name=loving_ishizaka)
2021-06-17T13:38:01.551084525Z network disconnect 15783a8ee05c776ddd7fa2f607c33cfd05ceeb5def230c64f65ce8d64d70a041 (container=2094b92f83fe0abd09cfe32b677afdf7948da28f16155686bd05ab3725dcc7f6, name=bridge, type=bridge)
2021-06-17T13:38:01.561478070Z container stop 2094b92f83fe0abd09cfe32b677afdf7948da28f16155686bd05ab3725dcc7f6 (image=bab128bb5c2c, name=loving_ishizaka)
2021-06-17T13:38:02.040131295Z container destroy 2094b92f83fe0abd09cfe32b677afdf7948da28f16155686bd05ab3725dcc7f6 (image=bab128bb5c2c, name=loving_ishizaka)
2021-06-17T13:38:02.040156463Z container prune  (reclaimed=153)
2021-06-17T13:38:02.083550560Z image untag sha256:bab128bb5c2cb566c5e302fa9dd5c4c29bc0589e0e31f3fcb30637dbf433a355 (name=sha256:bab128bb5c2cb566c5e302fa9dd5c4c29bc0589e0e31f3fcb30637dbf433a355)
2021-06-17T13:38:02.084906359Z image delete sha256:bab128bb5c2cb566c5e302fa9dd5c4c29bc0589e0e31f3fcb30637dbf433a355 (name=sha256:bab128bb5c2cb566c5e302fa9dd5c4c29bc0589e0e31f3fcb30637dbf433a355)
2021-06-17T13:38:02.085925192Z image delete sha256:5c69d7b10fba276690926f2e7bd01b27e5b4d49098d1b0ecc77256177029a3ec (name=sha256:5c69d7b10fba276690926f2e7bd01b27e5b4d49098d1b0ecc77256177029a3ec)
2021-06-17T13:38:02.339412672Z image delete sha256:414dc72b2ea17005eddad362205cf1016e1e91c5d7721d239e8b4d2cf18a634d (name=sha256:414dc72b2ea17005eddad362205cf1016e1e91c5d7721d239e8b4d2cf18a634d)
2021-06-17T13:38:02.340763063Z image delete sha256:aedee8ce896b22a1e744797cba50b6fa26fd2f6e3a5705a5e9d8698fae4ad7b5 (name=sha256:aedee8ce896b22a1e744797cba50b6fa26fd2f6e3a5705a5e9d8698fae4ad7b5)
2021-06-17T13:38:02.349827733Z image delete sha256:460b9e4d72a4622c91e9ea07c8f7915175664e5662037c180e395c536c74d08d (name=sha256:460b9e4d72a4622c91e9ea07c8f7915175664e5662037c180e395c536c74d08d)
2021-06-17T13:38:02.439842415Z container create 3a96f67d68511a717ebe5b0a11832b672335d33926cf52b68d2413591c73cb52 (image=c29838b2cdf9, name=sleepy_borg)
2021-06-17T13:38:02.514040530Z network connect 15783a8ee05c776ddd7fa2f607c33cfd05ceeb5def230c64f65ce8d64d70a041 (container=3a96f67d68511a717ebe5b0a11832b672335d33926cf52b68d2413591c73cb52, name=bridge, type=bridge)
2021-06-17T13:38:02.963947147Z container start 3a96f67d68511a717ebe5b0a11832b672335d33926cf52b68d2413591c73cb52 (image=c29838b2cdf9, name=sleepy_borg)
2021-06-17T13:38:08.357791229Z image tag sha256:c29838b2cdf9f9d5f55ab4533cac2d2d67d86bced3845a8869f6e1e90db3ff5c (name=aws_beanstalk/current-app:latest)
2021-06-17T13:38:08.399739021Z image untag sha256:c29838b2cdf9f9d5f55ab4533cac2d2d67d86bced3845a8869f6e1e90db3ff5c (name=sha256:c29838b2cdf9f9d5f55ab4533cac2d2d67d86bced3845a8869f6e1e90db3ff5c)
2021-06-17T13:38:09.491126209Z image tag sha256:c29838b2cdf9f9d5f55ab4533cac2d2d67d86bced3845a8869f6e1e90db3ff5c (name=aws_beanstalk/current-app:latest)
2021-06-17T13:38:09.572584839Z image tag sha256:6a353e22ce0146377bf23a2430c14dd1e75d2de6f56463e99fea573dc63f73e2 (name=node:14.16)
2021-06-17T14:06:26.355380914Z image tag sha256:c29838b2cdf9f9d5f55ab4533cac2d2d67d86bced3845a8869f6e1e90db3ff5c (name=aws_beanstalk/current-app:latest)
2021-06-17T14:06:26.395650393Z image tag sha256:6a353e22ce0146377bf23a2430c14dd1e75d2de6f56463e99fea573dc63f73e2 (name=node:14.16)
2021-06-17T14:06:26.684651020Z image pull node:14.16 (name=node)
2021-06-17T14:06:27.429949898Z container create 7b6b7c0b53f34ebb4eec2312c1e0befeba3df0cc71c72a2a1d750bef019688bd (image=sha256:1c1ff3e9e3d063de5c318059dc2bf73f2883ed016b53355895b29f685ab53514, name=great_carson)
2021-06-17T14:06:27.521351670Z container destroy 7b6b7c0b53f34ebb4eec2312c1e0befeba3df0cc71c72a2a1d750bef019688bd (image=sha256:1c1ff3e9e3d063de5c318059dc2bf73f2883ed016b53355895b29f685ab53514, name=great_carson)
2021-06-17T14:06:27.538105717Z container create 2df58ef36b6f8067a8e99a5e28f26889cc9e31715c8d34ad967ea33c6dc22971 (image=sha256:f04f6350b4a15b1c6b121e288cf523a3b0514e7646201e00d8634b0f45c51519, name=sharp_blackwell)
2021-06-17T14:06:27.538367083Z container attach 2df58ef36b6f8067a8e99a5e28f26889cc9e31715c8d34ad967ea33c6dc22971 (image=sha256:f04f6350b4a15b1c6b121e288cf523a3b0514e7646201e00d8634b0f45c51519, name=sharp_blackwell)
2021-06-17T14:06:27.598399433Z network connect 15783a8ee05c776ddd7fa2f607c33cfd05ceeb5def230c64f65ce8d64d70a041 (container=2df58ef36b6f8067a8e99a5e28f26889cc9e31715c8d34ad967ea33c6dc22971, name=bridge, type=bridge)
2021-06-17T14:06:28.065736076Z container start 2df58ef36b6f8067a8e99a5e28f26889cc9e31715c8d34ad967ea33c6dc22971 (image=sha256:f04f6350b4a15b1c6b121e288cf523a3b0514e7646201e00d8634b0f45c51519, name=sharp_blackwell)
2021-06-17T14:06:35.296933117Z container die 2df58ef36b6f8067a8e99a5e28f26889cc9e31715c8d34ad967ea33c6dc22971 (exitCode=0, image=sha256:f04f6350b4a15b1c6b121e288cf523a3b0514e7646201e00d8634b0f45c51519, name=sharp_blackwell)
2021-06-17T14:06:35.368776929Z network disconnect 15783a8ee05c776ddd7fa2f607c33cfd05ceeb5def230c64f65ce8d64d70a041 (container=2df58ef36b6f8067a8e99a5e28f26889cc9e31715c8d34ad967ea33c6dc22971, name=bridge, type=bridge)
2021-06-17T14:06:36.974928286Z container destroy 2df58ef36b6f8067a8e99a5e28f26889cc9e31715c8d34ad967ea33c6dc22971 (image=sha256:f04f6350b4a15b1c6b121e288cf523a3b0514e7646201e00d8634b0f45c51519, name=sharp_blackwell)
2021-06-17T14:06:37.007457968Z container create 83b4c59d5bf11ead8c6a4bea68262b13763e61fddd78a4ff08644955b7683919 (image=sha256:bb0cbf2f6e1594c1f34799824614d9e30d2862fbd4431c5efbe7faf034e69e14, name=focused_poincare)
2021-06-17T14:06:37.093944698Z container destroy 83b4c59d5bf11ead8c6a4bea68262b13763e61fddd78a4ff08644955b7683919 (image=sha256:bb0cbf2f6e1594c1f34799824614d9e30d2862fbd4431c5efbe7faf034e69e14, name=focused_poincare)
2021-06-17T14:06:37.111489940Z container create c7e74c2c15751253018620a8dd4e089d4d3268210993329e4f20ba618a8900ca (image=sha256:4022e34d79fe55c7d837da6c344ba65bc2452e50f0c65ee80d25798d2fb84b94, name=frosty_poincare)
2021-06-17T14:06:37.196921011Z container destroy c7e74c2c15751253018620a8dd4e089d4d3268210993329e4f20ba618a8900ca (image=sha256:4022e34d79fe55c7d837da6c344ba65bc2452e50f0c65ee80d25798d2fb84b94, name=frosty_poincare)
2021-06-17T14:06:37.207064161Z image tag sha256:2f1382ca0aa7ae5545dffc9a5b0781ff630642fc666cbdb48955af7e55cb24a8 (name=aws_beanstalk/staging-app:latest)
2021-06-17T14:06:39.721136702Z container kill 3a96f67d68511a717ebe5b0a11832b672335d33926cf52b68d2413591c73cb52 (image=c29838b2cdf9, name=sleepy_borg, signal=15)
2021-06-17T14:06:39.746522061Z container die 3a96f67d68511a717ebe5b0a11832b672335d33926cf52b68d2413591c73cb52 (exitCode=0, image=c29838b2cdf9, name=sleepy_borg)
2021-06-17T14:06:39.813630548Z network disconnect 15783a8ee05c776ddd7fa2f607c33cfd05ceeb5def230c64f65ce8d64d70a041 (container=3a96f67d68511a717ebe5b0a11832b672335d33926cf52b68d2413591c73cb52, name=bridge, type=bridge)
2021-06-17T14:06:39.830959741Z container stop 3a96f67d68511a717ebe5b0a11832b672335d33926cf52b68d2413591c73cb52 (image=c29838b2cdf9, name=sleepy_borg)
2021-06-17T14:06:40.302757502Z container destroy 3a96f67d68511a717ebe5b0a11832b672335d33926cf52b68d2413591c73cb52 (image=c29838b2cdf9, name=sleepy_borg)
2021-06-17T14:06:40.302780540Z container prune  (reclaimed=55)
2021-06-17T14:06:40.347068775Z image untag sha256:c29838b2cdf9f9d5f55ab4533cac2d2d67d86bced3845a8869f6e1e90db3ff5c (name=sha256:c29838b2cdf9f9d5f55ab4533cac2d2d67d86bced3845a8869f6e1e90db3ff5c)
2021-06-17T14:06:40.348457909Z image delete sha256:c29838b2cdf9f9d5f55ab4533cac2d2d67d86bced3845a8869f6e1e90db3ff5c (name=sha256:c29838b2cdf9f9d5f55ab4533cac2d2d67d86bced3845a8869f6e1e90db3ff5c)
2021-06-17T14:06:40.349561038Z image delete sha256:8dbd4dc7f639c04eb55a8e4de39c8769ad1b187469f949c136de9f4ead8f7172 (name=sha256:8dbd4dc7f639c04eb55a8e4de39c8769ad1b187469f949c136de9f4ead8f7172)
2021-06-17T14:06:40.505071182Z image delete sha256:ac23a7565d3614717bf4bd0ce5a5d1d5b271cd2bc961564c9d81374f93dbb490 (name=sha256:ac23a7565d3614717bf4bd0ce5a5d1d5b271cd2bc961564c9d81374f93dbb490)
2021-06-17T14:06:40.506421018Z image delete sha256:6e74d4359cde1c19d10adc2fc131907e4b31898b84e1a2d7bbeb738c2bc28d52 (name=sha256:6e74d4359cde1c19d10adc2fc131907e4b31898b84e1a2d7bbeb738c2bc28d52)
2021-06-17T14:06:40.511452500Z image delete sha256:437f1e00ddf78ca8d4b46979f8cb6f6a236aa610d58bc5b18b289133fa5e121c (name=sha256:437f1e00ddf78ca8d4b46979f8cb6f6a236aa610d58bc5b18b289133fa5e121c)
2021-06-17T14:06:40.585870499Z container create 9bd1c509d86abd0c85fede8d88e946afc57d03291db6ca7756d88b605c0ae81c (image=2f1382ca0aa7, name=quirky_northcutt)
2021-06-17T14:06:40.661078512Z network connect 15783a8ee05c776ddd7fa2f607c33cfd05ceeb5def230c64f65ce8d64d70a041 (container=9bd1c509d86abd0c85fede8d88e946afc57d03291db6ca7756d88b605c0ae81c, name=bridge, type=bridge)
2021-06-17T14:06:41.173659852Z container start 9bd1c509d86abd0c85fede8d88e946afc57d03291db6ca7756d88b605c0ae81c (image=2f1382ca0aa7, name=quirky_northcutt)
2021-06-17T14:06:46.560574795Z image tag sha256:2f1382ca0aa7ae5545dffc9a5b0781ff630642fc666cbdb48955af7e55cb24a8 (name=aws_beanstalk/current-app:latest)
2021-06-17T14:06:46.606009222Z image untag sha256:2f1382ca0aa7ae5545dffc9a5b0781ff630642fc666cbdb48955af7e55cb24a8 (name=sha256:2f1382ca0aa7ae5545dffc9a5b0781ff630642fc666cbdb48955af7e55cb24a8)
2021-06-17T14:06:47.664710802Z image tag sha256:2f1382ca0aa7ae5545dffc9a5b0781ff630642fc666cbdb48955af7e55cb24a8 (name=aws_beanstalk/current-app:latest)
2021-06-17T14:06:47.750720377Z image tag sha256:6a353e22ce0146377bf23a2430c14dd1e75d2de6f56463e99fea573dc63f73e2 (name=node:14.16)
2021-06-25T04:06:15.386036118Z image tag sha256:2f1382ca0aa7ae5545dffc9a5b0781ff630642fc666cbdb48955af7e55cb24a8 (name=aws_beanstalk/current-app:latest)
2021-06-25T04:06:15.426823623Z image tag sha256:6a353e22ce0146377bf23a2430c14dd1e75d2de6f56463e99fea573dc63f73e2 (name=node:14.16)
2021-06-25T04:06:15.904784450Z image pull node:14.16 (name=node)
2021-06-25T04:06:17.025236466Z container create a3c962aa2d73f4777aba9e3d20e173a3528e6b8e3ad1dfc58a900d799ae700e8 (image=sha256:41fb585a370675a0ca1795231c9d5d0addba7d177fac1cc844467b4918bd28a3, name=fervent_poincare)
2021-06-25T04:06:17.107218905Z container destroy a3c962aa2d73f4777aba9e3d20e173a3528e6b8e3ad1dfc58a900d799ae700e8 (image=sha256:41fb585a370675a0ca1795231c9d5d0addba7d177fac1cc844467b4918bd28a3, name=fervent_poincare)
2021-06-25T04:06:17.124776000Z container create 69090ae7cbc2c9e6dfcd439075ee78aa3ce66ce7f3bfe005e439ab2449fa406c (image=sha256:d847be6a7d36886a959a514c5487b2192758d03f49e0a3350e41347fd2991080, name=eloquent_cori)
2021-06-25T04:06:17.124966981Z container attach 69090ae7cbc2c9e6dfcd439075ee78aa3ce66ce7f3bfe005e439ab2449fa406c (image=sha256:d847be6a7d36886a959a514c5487b2192758d03f49e0a3350e41347fd2991080, name=eloquent_cori)
2021-06-25T04:06:17.184197135Z network connect 15783a8ee05c776ddd7fa2f607c33cfd05ceeb5def230c64f65ce8d64d70a041 (container=69090ae7cbc2c9e6dfcd439075ee78aa3ce66ce7f3bfe005e439ab2449fa406c, name=bridge, type=bridge)
2021-06-25T04:06:17.715161334Z container start 69090ae7cbc2c9e6dfcd439075ee78aa3ce66ce7f3bfe005e439ab2449fa406c (image=sha256:d847be6a7d36886a959a514c5487b2192758d03f49e0a3350e41347fd2991080, name=eloquent_cori)
2021-06-25T04:06:25.106098500Z container die 69090ae7cbc2c9e6dfcd439075ee78aa3ce66ce7f3bfe005e439ab2449fa406c (exitCode=0, image=sha256:d847be6a7d36886a959a514c5487b2192758d03f49e0a3350e41347fd2991080, name=eloquent_cori)
2021-06-25T04:06:25.169896481Z network disconnect 15783a8ee05c776ddd7fa2f607c33cfd05ceeb5def230c64f65ce8d64d70a041 (container=69090ae7cbc2c9e6dfcd439075ee78aa3ce66ce7f3bfe005e439ab2449fa406c, name=bridge, type=bridge)
2021-06-25T04:06:26.779816361Z container destroy 69090ae7cbc2c9e6dfcd439075ee78aa3ce66ce7f3bfe005e439ab2449fa406c (image=sha256:d847be6a7d36886a959a514c5487b2192758d03f49e0a3350e41347fd2991080, name=eloquent_cori)
2021-06-25T04:06:26.806812083Z container create 14802557064d652a41d80ed21ab0ae2265b66a1e6170eb274569cf8c902d5f29 (image=sha256:f50db5964d29c52ac2a1047f72cd6692815b83df866215c5883afacd2784a07a, name=charming_nightingale)
2021-06-25T04:06:26.892331098Z container destroy 14802557064d652a41d80ed21ab0ae2265b66a1e6170eb274569cf8c902d5f29 (image=sha256:f50db5964d29c52ac2a1047f72cd6692815b83df866215c5883afacd2784a07a, name=charming_nightingale)
2021-06-25T04:06:26.909305755Z container create cc4c4f86628aec78f6534ccb401b4f50f2cbd68ae34532c7d213e2f9415d924e (image=sha256:e49407457d5a5d5bc93edc893ed21ca94720baada6a4fe592db8d8ba2ea07bcf, name=tender_johnson)
2021-06-25T04:06:27.009492003Z container destroy cc4c4f86628aec78f6534ccb401b4f50f2cbd68ae34532c7d213e2f9415d924e (image=sha256:e49407457d5a5d5bc93edc893ed21ca94720baada6a4fe592db8d8ba2ea07bcf, name=tender_johnson)
2021-06-25T04:06:27.019192877Z image tag sha256:48fe76c0688ecc15ddbe701cb44427209aa88f829e5c96096721208da687fc03 (name=aws_beanstalk/staging-app:latest)
2021-06-25T04:06:29.633943472Z container kill 9bd1c509d86abd0c85fede8d88e946afc57d03291db6ca7756d88b605c0ae81c (image=2f1382ca0aa7, name=quirky_northcutt, signal=15)
2021-06-25T04:06:29.657665177Z container die 9bd1c509d86abd0c85fede8d88e946afc57d03291db6ca7756d88b605c0ae81c (exitCode=0, image=2f1382ca0aa7, name=quirky_northcutt)
2021-06-25T04:06:29.725945353Z network disconnect 15783a8ee05c776ddd7fa2f607c33cfd05ceeb5def230c64f65ce8d64d70a041 (container=9bd1c509d86abd0c85fede8d88e946afc57d03291db6ca7756d88b605c0ae81c, name=bridge, type=bridge)
2021-06-25T04:06:29.736601444Z container stop 9bd1c509d86abd0c85fede8d88e946afc57d03291db6ca7756d88b605c0ae81c (image=2f1382ca0aa7, name=quirky_northcutt)
2021-06-25T04:06:30.188244060Z container destroy 9bd1c509d86abd0c85fede8d88e946afc57d03291db6ca7756d88b605c0ae81c (image=2f1382ca0aa7, name=quirky_northcutt)
2021-06-25T04:06:30.188270055Z container prune  (reclaimed=55)
2021-06-25T04:06:30.230012151Z image untag sha256:2f1382ca0aa7ae5545dffc9a5b0781ff630642fc666cbdb48955af7e55cb24a8 (name=sha256:2f1382ca0aa7ae5545dffc9a5b0781ff630642fc666cbdb48955af7e55cb24a8)
2021-06-25T04:06:30.231321312Z image delete sha256:2f1382ca0aa7ae5545dffc9a5b0781ff630642fc666cbdb48955af7e55cb24a8 (name=sha256:2f1382ca0aa7ae5545dffc9a5b0781ff630642fc666cbdb48955af7e55cb24a8)
2021-06-25T04:06:30.232349221Z image delete sha256:4022e34d79fe55c7d837da6c344ba65bc2452e50f0c65ee80d25798d2fb84b94 (name=sha256:4022e34d79fe55c7d837da6c344ba65bc2452e50f0c65ee80d25798d2fb84b94)
2021-06-25T04:06:30.373748323Z image delete sha256:bb0cbf2f6e1594c1f34799824614d9e30d2862fbd4431c5efbe7faf034e69e14 (name=sha256:bb0cbf2f6e1594c1f34799824614d9e30d2862fbd4431c5efbe7faf034e69e14)
2021-06-25T04:06:30.379880245Z image delete sha256:f04f6350b4a15b1c6b121e288cf523a3b0514e7646201e00d8634b0f45c51519 (name=sha256:f04f6350b4a15b1c6b121e288cf523a3b0514e7646201e00d8634b0f45c51519)
2021-06-25T04:06:30.384958311Z image delete sha256:1c1ff3e9e3d063de5c318059dc2bf73f2883ed016b53355895b29f685ab53514 (name=sha256:1c1ff3e9e3d063de5c318059dc2bf73f2883ed016b53355895b29f685ab53514)
2021-06-25T04:06:30.478804733Z container create 918655ebf3bdcbee5ba8a656afa86291bc917895af744cbb730d4f21a485239b (image=48fe76c0688e, name=focused_lumiere)
2021-06-25T04:06:30.541849070Z network connect 15783a8ee05c776ddd7fa2f607c33cfd05ceeb5def230c64f65ce8d64d70a041 (container=918655ebf3bdcbee5ba8a656afa86291bc917895af744cbb730d4f21a485239b, name=bridge, type=bridge)
2021-06-25T04:06:31.019911752Z container start 918655ebf3bdcbee5ba8a656afa86291bc917895af744cbb730d4f21a485239b (image=48fe76c0688e, name=focused_lumiere)
2021-06-25T04:06:36.408827247Z image tag sha256:48fe76c0688ecc15ddbe701cb44427209aa88f829e5c96096721208da687fc03 (name=aws_beanstalk/current-app:latest)
2021-06-25T04:06:36.449916678Z image untag sha256:48fe76c0688ecc15ddbe701cb44427209aa88f829e5c96096721208da687fc03 (name=sha256:48fe76c0688ecc15ddbe701cb44427209aa88f829e5c96096721208da687fc03)
2021-06-25T04:06:37.487885896Z image tag sha256:48fe76c0688ecc15ddbe701cb44427209aa88f829e5c96096721208da687fc03 (name=aws_beanstalk/current-app:latest)
2021-06-25T04:06:37.570989309Z image tag sha256:6a353e22ce0146377bf23a2430c14dd1e75d2de6f56463e99fea573dc63f73e2 (name=node:14.16)
2021-06-27T05:18:51.930466977Z image tag sha256:48fe76c0688ecc15ddbe701cb44427209aa88f829e5c96096721208da687fc03 (name=aws_beanstalk/current-app:latest)
2021-06-27T05:18:51.971306387Z image tag sha256:6a353e22ce0146377bf23a2430c14dd1e75d2de6f56463e99fea573dc63f73e2 (name=node:14.16)
2021-06-27T05:18:52.680207870Z image pull node:14.16 (name=node)
2021-06-27T05:18:54.226224130Z container create fb07e3ca7f40b1edfbc554ac3493eda515fe83ef6e5d3980868a7495697ef102 (image=sha256:d34d7d9f6c59fe2fed3c3cd938f4f66a6503683e0caea9b4e6b054a987864847, name=magical_engelbart)
2021-06-27T05:18:54.325971552Z container destroy fb07e3ca7f40b1edfbc554ac3493eda515fe83ef6e5d3980868a7495697ef102 (image=sha256:d34d7d9f6c59fe2fed3c3cd938f4f66a6503683e0caea9b4e6b054a987864847, name=magical_engelbart)
2021-06-27T05:18:54.343233543Z container create 2e55a31eaa4e5226e5242dc1cec96445a2e76d54e0a1e1ff1867d6dc6712dc2b (image=sha256:914262f208b9577052a6a69a0f93dac9fbaf5f7de25ce05fd7deb6b4c670dae1, name=priceless_driscoll)
2021-06-27T05:18:54.343443769Z container attach 2e55a31eaa4e5226e5242dc1cec96445a2e76d54e0a1e1ff1867d6dc6712dc2b (image=sha256:914262f208b9577052a6a69a0f93dac9fbaf5f7de25ce05fd7deb6b4c670dae1, name=priceless_driscoll)
2021-06-27T05:18:54.398146134Z network connect 15783a8ee05c776ddd7fa2f607c33cfd05ceeb5def230c64f65ce8d64d70a041 (container=2e55a31eaa4e5226e5242dc1cec96445a2e76d54e0a1e1ff1867d6dc6712dc2b, name=bridge, type=bridge)
2021-06-27T05:18:54.872973748Z container start 2e55a31eaa4e5226e5242dc1cec96445a2e76d54e0a1e1ff1867d6dc6712dc2b (image=sha256:914262f208b9577052a6a69a0f93dac9fbaf5f7de25ce05fd7deb6b4c670dae1, name=priceless_driscoll)
2021-06-27T05:19:02.329638779Z container die 2e55a31eaa4e5226e5242dc1cec96445a2e76d54e0a1e1ff1867d6dc6712dc2b (exitCode=0, image=sha256:914262f208b9577052a6a69a0f93dac9fbaf5f7de25ce05fd7deb6b4c670dae1, name=priceless_driscoll)
2021-06-27T05:19:02.417542628Z network disconnect 15783a8ee05c776ddd7fa2f607c33cfd05ceeb5def230c64f65ce8d64d70a041 (container=2e55a31eaa4e5226e5242dc1cec96445a2e76d54e0a1e1ff1867d6dc6712dc2b, name=bridge, type=bridge)
2021-06-27T05:19:04.040374432Z container destroy 2e55a31eaa4e5226e5242dc1cec96445a2e76d54e0a1e1ff1867d6dc6712dc2b (image=sha256:914262f208b9577052a6a69a0f93dac9fbaf5f7de25ce05fd7deb6b4c670dae1, name=priceless_driscoll)
2021-06-27T05:19:04.077642176Z container create 8c7f470bbb90e7d522158912834c2752e18447ed83502590bc5e9369bcee5bc7 (image=sha256:86f7963b4737267bb95396b9ca52d0988a7a8d90a0d33bc8348e377a7cb1de52, name=eager_galois)
2021-06-27T05:19:04.168986893Z container destroy 8c7f470bbb90e7d522158912834c2752e18447ed83502590bc5e9369bcee5bc7 (image=sha256:86f7963b4737267bb95396b9ca52d0988a7a8d90a0d33bc8348e377a7cb1de52, name=eager_galois)
2021-06-27T05:19:04.188243931Z container create a56db08b633972fd72552fc82a0952622077cd9d0adce7d7510f85e5156928d5 (image=sha256:1c2a6a880c226954421f58a7e209b577c31bbb95ccb28fca6898780dbf05360b, name=tender_banach)
2021-06-27T05:19:04.276036443Z container destroy a56db08b633972fd72552fc82a0952622077cd9d0adce7d7510f85e5156928d5 (image=sha256:1c2a6a880c226954421f58a7e209b577c31bbb95ccb28fca6898780dbf05360b, name=tender_banach)
2021-06-27T05:19:04.286858547Z image tag sha256:9b2bb243156549e7cdb34561d43c50b79252fa48230d5c7f89c54e2aea864606 (name=aws_beanstalk/staging-app:latest)
2021-06-27T05:19:06.864757829Z container kill 918655ebf3bdcbee5ba8a656afa86291bc917895af744cbb730d4f21a485239b (image=48fe76c0688e, name=focused_lumiere, signal=15)
2021-06-27T05:19:06.888855283Z container die 918655ebf3bdcbee5ba8a656afa86291bc917895af744cbb730d4f21a485239b (exitCode=0, image=48fe76c0688e, name=focused_lumiere)
2021-06-27T05:19:06.950562606Z network disconnect 15783a8ee05c776ddd7fa2f607c33cfd05ceeb5def230c64f65ce8d64d70a041 (container=918655ebf3bdcbee5ba8a656afa86291bc917895af744cbb730d4f21a485239b, name=bridge, type=bridge)
2021-06-27T05:19:06.960323021Z container stop 918655ebf3bdcbee5ba8a656afa86291bc917895af744cbb730d4f21a485239b (image=48fe76c0688e, name=focused_lumiere)
2021-06-27T05:19:07.415366580Z container destroy 918655ebf3bdcbee5ba8a656afa86291bc917895af744cbb730d4f21a485239b (image=48fe76c0688e, name=focused_lumiere)
2021-06-27T05:19:07.415392088Z container prune  (reclaimed=55)
2021-06-27T05:19:07.458917117Z image untag sha256:48fe76c0688ecc15ddbe701cb44427209aa88f829e5c96096721208da687fc03 (name=sha256:48fe76c0688ecc15ddbe701cb44427209aa88f829e5c96096721208da687fc03)
2021-06-27T05:19:07.460249530Z image delete sha256:48fe76c0688ecc15ddbe701cb44427209aa88f829e5c96096721208da687fc03 (name=sha256:48fe76c0688ecc15ddbe701cb44427209aa88f829e5c96096721208da687fc03)
2021-06-27T05:19:07.461282618Z image delete sha256:e49407457d5a5d5bc93edc893ed21ca94720baada6a4fe592db8d8ba2ea07bcf (name=sha256:e49407457d5a5d5bc93edc893ed21ca94720baada6a4fe592db8d8ba2ea07bcf)
2021-06-27T05:19:07.618377266Z image delete sha256:f50db5964d29c52ac2a1047f72cd6692815b83df866215c5883afacd2784a07a (name=sha256:f50db5964d29c52ac2a1047f72cd6692815b83df866215c5883afacd2784a07a)
2021-06-27T05:19:07.620900731Z image delete sha256:d847be6a7d36886a959a514c5487b2192758d03f49e0a3350e41347fd2991080 (name=sha256:d847be6a7d36886a959a514c5487b2192758d03f49e0a3350e41347fd2991080)
2021-06-27T05:19:07.624851766Z image delete sha256:41fb585a370675a0ca1795231c9d5d0addba7d177fac1cc844467b4918bd28a3 (name=sha256:41fb585a370675a0ca1795231c9d5d0addba7d177fac1cc844467b4918bd28a3)
2021-06-27T05:19:07.709495655Z container create 6a03c2444c14aa5313057fc36528716d506456a9ce7193a26f6bfce3dfd75bb4 (image=9b2bb2431565, name=nice_cerf)
2021-06-27T05:19:07.797371399Z network connect 15783a8ee05c776ddd7fa2f607c33cfd05ceeb5def230c64f65ce8d64d70a041 (container=6a03c2444c14aa5313057fc36528716d506456a9ce7193a26f6bfce3dfd75bb4, name=bridge, type=bridge)
2021-06-27T05:19:08.291451680Z container start 6a03c2444c14aa5313057fc36528716d506456a9ce7193a26f6bfce3dfd75bb4 (image=9b2bb2431565, name=nice_cerf)
2021-06-27T05:19:13.689428168Z image tag sha256:9b2bb243156549e7cdb34561d43c50b79252fa48230d5c7f89c54e2aea864606 (name=aws_beanstalk/current-app:latest)
2021-06-27T05:19:13.730718462Z image untag sha256:9b2bb243156549e7cdb34561d43c50b79252fa48230d5c7f89c54e2aea864606 (name=sha256:9b2bb243156549e7cdb34561d43c50b79252fa48230d5c7f89c54e2aea864606)
2021-06-27T05:19:14.816180174Z image tag sha256:9b2bb243156549e7cdb34561d43c50b79252fa48230d5c7f89c54e2aea864606 (name=aws_beanstalk/current-app:latest)
2021-06-27T05:19:14.898238994Z image tag sha256:6a353e22ce0146377bf23a2430c14dd1e75d2de6f56463e99fea573dc63f73e2 (name=node:14.16)
2021-06-27T16:42:06.991188402Z image tag sha256:9b2bb243156549e7cdb34561d43c50b79252fa48230d5c7f89c54e2aea864606 (name=aws_beanstalk/current-app:latest)
2021-06-27T16:42:07.032464801Z image tag sha256:6a353e22ce0146377bf23a2430c14dd1e75d2de6f56463e99fea573dc63f73e2 (name=node:14.16)
2021-06-27T16:42:07.964724031Z image pull node:14.16 (name=node)
2021-06-27T16:42:11.900212991Z container create 1e49f263fab12c939a2c48ce26229ffd7247e8fabb07c62fdd2fc1611b4bbe6f (image=sha256:4cc58b2801216632a429f895e47b2ddc41d2bde4be9e997233e91eeb0cc68543, name=wonderful_cartwright)
2021-06-27T16:42:12.071726529Z container destroy 1e49f263fab12c939a2c48ce26229ffd7247e8fabb07c62fdd2fc1611b4bbe6f (image=sha256:4cc58b2801216632a429f895e47b2ddc41d2bde4be9e997233e91eeb0cc68543, name=wonderful_cartwright)
2021-06-27T16:42:12.087661724Z container create 5f619b7966835365d9ba6f405226ca2dbd8a8e51bfccb5d1b8ad9a050630eea4 (image=sha256:f33d201863bb904955321b8e178becf46ba0ba7bc18299c6110c146fa4567dd1, name=romantic_borg)
2021-06-27T16:42:12.087874573Z container attach 5f619b7966835365d9ba6f405226ca2dbd8a8e51bfccb5d1b8ad9a050630eea4 (image=sha256:f33d201863bb904955321b8e178becf46ba0ba7bc18299c6110c146fa4567dd1, name=romantic_borg)
2021-06-27T16:42:12.151643883Z network connect 15783a8ee05c776ddd7fa2f607c33cfd05ceeb5def230c64f65ce8d64d70a041 (container=5f619b7966835365d9ba6f405226ca2dbd8a8e51bfccb5d1b8ad9a050630eea4, name=bridge, type=bridge)
2021-06-27T16:42:12.695802432Z container start 5f619b7966835365d9ba6f405226ca2dbd8a8e51bfccb5d1b8ad9a050630eea4 (image=sha256:f33d201863bb904955321b8e178becf46ba0ba7bc18299c6110c146fa4567dd1, name=romantic_borg)
2021-06-27T16:42:19.891031680Z container die 5f619b7966835365d9ba6f405226ca2dbd8a8e51bfccb5d1b8ad9a050630eea4 (exitCode=0, image=sha256:f33d201863bb904955321b8e178becf46ba0ba7bc18299c6110c146fa4567dd1, name=romantic_borg)
2021-06-27T16:42:19.953246804Z network disconnect 15783a8ee05c776ddd7fa2f607c33cfd05ceeb5def230c64f65ce8d64d70a041 (container=5f619b7966835365d9ba6f405226ca2dbd8a8e51bfccb5d1b8ad9a050630eea4, name=bridge, type=bridge)
2021-06-27T16:42:21.533569258Z container destroy 5f619b7966835365d9ba6f405226ca2dbd8a8e51bfccb5d1b8ad9a050630eea4 (image=sha256:f33d201863bb904955321b8e178becf46ba0ba7bc18299c6110c146fa4567dd1, name=romantic_borg)
2021-06-27T16:42:21.561079289Z container create 0289f6833693b0466745be849830861d5b51c421c4e5f75b54b8705feb32a9aa (image=sha256:cf20d95eebb09c4ff7390a83238ac9840268cafde86888e9be63bf001d3f2ade, name=objective_shirley)
2021-06-27T16:42:21.660440120Z container destroy 0289f6833693b0466745be849830861d5b51c421c4e5f75b54b8705feb32a9aa (image=sha256:cf20d95eebb09c4ff7390a83238ac9840268cafde86888e9be63bf001d3f2ade, name=objective_shirley)
2021-06-27T16:42:21.676854545Z container create ec613ffe68103fe7d027f0b175f2a6d0b7ced883c7fcf7bfa5fe95c348450e11 (image=sha256:5f07f824507f3b1a958067619fb655385a275cdeddb53006f684957b418dfc89, name=adoring_hypatia)
2021-06-27T16:42:21.764485072Z container destroy ec613ffe68103fe7d027f0b175f2a6d0b7ced883c7fcf7bfa5fe95c348450e11 (image=sha256:5f07f824507f3b1a958067619fb655385a275cdeddb53006f684957b418dfc89, name=adoring_hypatia)
2021-06-27T16:42:21.776129438Z image tag sha256:e67143631f89eac456c8a5ea7ab539b0bbaa06f22ff1b8bd43fcc1613b2f8321 (name=aws_beanstalk/staging-app:latest)
2021-06-27T16:42:24.474521978Z container kill 6a03c2444c14aa5313057fc36528716d506456a9ce7193a26f6bfce3dfd75bb4 (image=9b2bb2431565, name=nice_cerf, signal=15)
2021-06-27T16:42:24.503747527Z container die 6a03c2444c14aa5313057fc36528716d506456a9ce7193a26f6bfce3dfd75bb4 (exitCode=0, image=9b2bb2431565, name=nice_cerf)
2021-06-27T16:42:24.569493996Z network disconnect 15783a8ee05c776ddd7fa2f607c33cfd05ceeb5def230c64f65ce8d64d70a041 (container=6a03c2444c14aa5313057fc36528716d506456a9ce7193a26f6bfce3dfd75bb4, name=bridge, type=bridge)
2021-06-27T16:42:24.582876711Z container stop 6a03c2444c14aa5313057fc36528716d506456a9ce7193a26f6bfce3dfd75bb4 (image=9b2bb2431565, name=nice_cerf)
2021-06-27T16:42:25.012950079Z container destroy 6a03c2444c14aa5313057fc36528716d506456a9ce7193a26f6bfce3dfd75bb4 (image=9b2bb2431565, name=nice_cerf)
2021-06-27T16:42:25.012973839Z container prune  (reclaimed=55)
2021-06-27T16:42:25.055513766Z image untag sha256:9b2bb243156549e7cdb34561d43c50b79252fa48230d5c7f89c54e2aea864606 (name=sha256:9b2bb243156549e7cdb34561d43c50b79252fa48230d5c7f89c54e2aea864606)
2021-06-27T16:42:25.056811223Z image delete sha256:9b2bb243156549e7cdb34561d43c50b79252fa48230d5c7f89c54e2aea864606 (name=sha256:9b2bb243156549e7cdb34561d43c50b79252fa48230d5c7f89c54e2aea864606)
2021-06-27T16:42:25.057823343Z image delete sha256:1c2a6a880c226954421f58a7e209b577c31bbb95ccb28fca6898780dbf05360b (name=sha256:1c2a6a880c226954421f58a7e209b577c31bbb95ccb28fca6898780dbf05360b)
2021-06-27T16:42:25.234015035Z image delete sha256:86f7963b4737267bb95396b9ca52d0988a7a8d90a0d33bc8348e377a7cb1de52 (name=sha256:86f7963b4737267bb95396b9ca52d0988a7a8d90a0d33bc8348e377a7cb1de52)
2021-06-27T16:42:25.236720821Z image delete sha256:914262f208b9577052a6a69a0f93dac9fbaf5f7de25ce05fd7deb6b4c670dae1 (name=sha256:914262f208b9577052a6a69a0f93dac9fbaf5f7de25ce05fd7deb6b4c670dae1)
2021-06-27T16:42:25.241387706Z image delete sha256:d34d7d9f6c59fe2fed3c3cd938f4f66a6503683e0caea9b4e6b054a987864847 (name=sha256:d34d7d9f6c59fe2fed3c3cd938f4f66a6503683e0caea9b4e6b054a987864847)
2021-06-27T16:42:25.313215993Z container create e224d18341a3ac6638a28355e81fcdf0ff7496529afe8f61fcfd703ad5c210db (image=e67143631f89, name=optimistic_chaum)
2021-06-27T16:42:25.375892964Z network connect 15783a8ee05c776ddd7fa2f607c33cfd05ceeb5def230c64f65ce8d64d70a041 (container=e224d18341a3ac6638a28355e81fcdf0ff7496529afe8f61fcfd703ad5c210db, name=bridge, type=bridge)
2021-06-27T16:42:25.823621463Z container start e224d18341a3ac6638a28355e81fcdf0ff7496529afe8f61fcfd703ad5c210db (image=e67143631f89, name=optimistic_chaum)
2021-06-27T16:42:31.216851505Z image tag sha256:e67143631f89eac456c8a5ea7ab539b0bbaa06f22ff1b8bd43fcc1613b2f8321 (name=aws_beanstalk/current-app:latest)
2021-06-27T16:42:31.259560125Z image untag sha256:e67143631f89eac456c8a5ea7ab539b0bbaa06f22ff1b8bd43fcc1613b2f8321 (name=sha256:e67143631f89eac456c8a5ea7ab539b0bbaa06f22ff1b8bd43fcc1613b2f8321)
2021-06-27T16:42:32.319577340Z image tag sha256:e67143631f89eac456c8a5ea7ab539b0bbaa06f22ff1b8bd43fcc1613b2f8321 (name=aws_beanstalk/current-app:latest)
2021-06-27T16:42:32.401002597Z image tag sha256:6a353e22ce0146377bf23a2430c14dd1e75d2de6f56463e99fea573dc63f73e2 (name=node:14.16)
2021-06-28T07:33:23.874223332Z image tag sha256:e67143631f89eac456c8a5ea7ab539b0bbaa06f22ff1b8bd43fcc1613b2f8321 (name=aws_beanstalk/current-app:latest)
2021-06-28T07:33:23.914987609Z image tag sha256:6a353e22ce0146377bf23a2430c14dd1e75d2de6f56463e99fea573dc63f73e2 (name=node:14.16)
2021-06-28T07:33:25.071859219Z image pull node:14.16 (name=node)
2021-06-28T07:33:29.652173009Z container create 0aeca4aa2fa1edb1d47e75438087eca8fd6e683d996d89c318e306e42200a25e (image=sha256:7c6f8741eae1fa766265133e3d765ee4e27fe190c31e7fd0c187ac6bc6658bf4, name=ecstatic_golick)
2021-06-28T07:33:29.733612983Z container destroy 0aeca4aa2fa1edb1d47e75438087eca8fd6e683d996d89c318e306e42200a25e (image=sha256:7c6f8741eae1fa766265133e3d765ee4e27fe190c31e7fd0c187ac6bc6658bf4, name=ecstatic_golick)
2021-06-28T07:33:29.758953553Z container create beecc5a43a9b1b48969c7930756becd4fd44a1230db06b21da917254ea4048eb (image=sha256:cda0556d40189c1092f6c93296998c7dc75399385121440be99e5ed3b148384f, name=nervous_nash)
2021-06-28T07:33:29.759135998Z container attach beecc5a43a9b1b48969c7930756becd4fd44a1230db06b21da917254ea4048eb (image=sha256:cda0556d40189c1092f6c93296998c7dc75399385121440be99e5ed3b148384f, name=nervous_nash)
2021-06-28T07:33:29.817404679Z network connect 15783a8ee05c776ddd7fa2f607c33cfd05ceeb5def230c64f65ce8d64d70a041 (container=beecc5a43a9b1b48969c7930756becd4fd44a1230db06b21da917254ea4048eb, name=bridge, type=bridge)
2021-06-28T07:33:30.437166609Z container start beecc5a43a9b1b48969c7930756becd4fd44a1230db06b21da917254ea4048eb (image=sha256:cda0556d40189c1092f6c93296998c7dc75399385121440be99e5ed3b148384f, name=nervous_nash)
2021-06-28T07:33:38.032565531Z container die beecc5a43a9b1b48969c7930756becd4fd44a1230db06b21da917254ea4048eb (exitCode=0, image=sha256:cda0556d40189c1092f6c93296998c7dc75399385121440be99e5ed3b148384f, name=nervous_nash)
2021-06-28T07:33:38.097607355Z network disconnect 15783a8ee05c776ddd7fa2f607c33cfd05ceeb5def230c64f65ce8d64d70a041 (container=beecc5a43a9b1b48969c7930756becd4fd44a1230db06b21da917254ea4048eb, name=bridge, type=bridge)
2021-06-28T07:33:39.706684699Z container destroy beecc5a43a9b1b48969c7930756becd4fd44a1230db06b21da917254ea4048eb (image=sha256:cda0556d40189c1092f6c93296998c7dc75399385121440be99e5ed3b148384f, name=nervous_nash)
2021-06-28T07:33:39.733703199Z container create d03ae2b77dd27f3936713884b1930b0a03e0f02320734b7b85462165ba0f2fdc (image=sha256:a6674ff9c9cd135029ae2ad23081fc31692c39f6921b456c1c1363dca548140e, name=eloquent_villani)
2021-06-28T07:33:39.823989732Z container destroy d03ae2b77dd27f3936713884b1930b0a03e0f02320734b7b85462165ba0f2fdc (image=sha256:a6674ff9c9cd135029ae2ad23081fc31692c39f6921b456c1c1363dca548140e, name=eloquent_villani)
2021-06-28T07:33:39.857187704Z container create eb39214d2cc3bb53efc8cc434043875ac2032cf542da84e952b348ab22b770ee (image=sha256:616adbb17ebd3e6674f38d1cdb439ebf681fdd1ae6c47f8d8af53c1424550855, name=wonderful_hypatia)
2021-06-28T07:33:39.942263992Z container destroy eb39214d2cc3bb53efc8cc434043875ac2032cf542da84e952b348ab22b770ee (image=sha256:616adbb17ebd3e6674f38d1cdb439ebf681fdd1ae6c47f8d8af53c1424550855, name=wonderful_hypatia)
2021-06-28T07:33:39.959067322Z image tag sha256:3830e7348d9385f380dc507ab8c6329925dfb4cbccbb1c05a0dba743416a5a2b (name=aws_beanstalk/staging-app:latest)
2021-06-28T07:33:43.902890593Z container kill e224d18341a3ac6638a28355e81fcdf0ff7496529afe8f61fcfd703ad5c210db (image=e67143631f89, name=optimistic_chaum, signal=15)
2021-06-28T07:33:43.933705988Z container die e224d18341a3ac6638a28355e81fcdf0ff7496529afe8f61fcfd703ad5c210db (exitCode=0, image=e67143631f89, name=optimistic_chaum)
2021-06-28T07:33:43.997454026Z network disconnect 15783a8ee05c776ddd7fa2f607c33cfd05ceeb5def230c64f65ce8d64d70a041 (container=e224d18341a3ac6638a28355e81fcdf0ff7496529afe8f61fcfd703ad5c210db, name=bridge, type=bridge)
2021-06-28T07:33:44.008550112Z container stop e224d18341a3ac6638a28355e81fcdf0ff7496529afe8f61fcfd703ad5c210db (image=e67143631f89, name=optimistic_chaum)
2021-06-28T07:33:44.458925604Z container destroy e224d18341a3ac6638a28355e81fcdf0ff7496529afe8f61fcfd703ad5c210db (image=e67143631f89, name=optimistic_chaum)
2021-06-28T07:33:44.458972038Z container prune  (reclaimed=55)
2021-06-28T07:33:44.502385413Z image untag sha256:e67143631f89eac456c8a5ea7ab539b0bbaa06f22ff1b8bd43fcc1613b2f8321 (name=sha256:e67143631f89eac456c8a5ea7ab539b0bbaa06f22ff1b8bd43fcc1613b2f8321)
2021-06-28T07:33:44.504154418Z image delete sha256:e67143631f89eac456c8a5ea7ab539b0bbaa06f22ff1b8bd43fcc1613b2f8321 (name=sha256:e67143631f89eac456c8a5ea7ab539b0bbaa06f22ff1b8bd43fcc1613b2f8321)
2021-06-28T07:33:44.505223212Z image delete sha256:5f07f824507f3b1a958067619fb655385a275cdeddb53006f684957b418dfc89 (name=sha256:5f07f824507f3b1a958067619fb655385a275cdeddb53006f684957b418dfc89)
2021-06-28T07:33:44.812105297Z image delete sha256:cf20d95eebb09c4ff7390a83238ac9840268cafde86888e9be63bf001d3f2ade (name=sha256:cf20d95eebb09c4ff7390a83238ac9840268cafde86888e9be63bf001d3f2ade)
2021-06-28T07:33:44.813495913Z image delete sha256:f33d201863bb904955321b8e178becf46ba0ba7bc18299c6110c146fa4567dd1 (name=sha256:f33d201863bb904955321b8e178becf46ba0ba7bc18299c6110c146fa4567dd1)
2021-06-28T07:33:44.818532841Z image delete sha256:4cc58b2801216632a429f895e47b2ddc41d2bde4be9e997233e91eeb0cc68543 (name=sha256:4cc58b2801216632a429f895e47b2ddc41d2bde4be9e997233e91eeb0cc68543)
2021-06-28T07:33:44.971028667Z container create 7ef809c3277efc2f14318d2ce6ceeb06633147f04edaa7fe8b2aa411498ec0c0 (image=3830e7348d93, name=exciting_archimedes)
2021-06-28T07:33:45.046291247Z network connect 15783a8ee05c776ddd7fa2f607c33cfd05ceeb5def230c64f65ce8d64d70a041 (container=7ef809c3277efc2f14318d2ce6ceeb06633147f04edaa7fe8b2aa411498ec0c0, name=bridge, type=bridge)
2021-06-28T07:33:45.491617989Z container start 7ef809c3277efc2f14318d2ce6ceeb06633147f04edaa7fe8b2aa411498ec0c0 (image=3830e7348d93, name=exciting_archimedes)
2021-06-28T07:33:50.902187254Z image tag sha256:3830e7348d9385f380dc507ab8c6329925dfb4cbccbb1c05a0dba743416a5a2b (name=aws_beanstalk/current-app:latest)
2021-06-28T07:33:50.943270779Z image untag sha256:3830e7348d9385f380dc507ab8c6329925dfb4cbccbb1c05a0dba743416a5a2b (name=sha256:3830e7348d9385f380dc507ab8c6329925dfb4cbccbb1c05a0dba743416a5a2b)
2021-06-28T07:33:51.986561713Z image tag sha256:3830e7348d9385f380dc507ab8c6329925dfb4cbccbb1c05a0dba743416a5a2b (name=aws_beanstalk/current-app:latest)
2021-06-28T07:33:52.065132511Z image tag sha256:6a353e22ce0146377bf23a2430c14dd1e75d2de6f56463e99fea573dc63f73e2 (name=node:14.16)
2021-06-28T15:10:25.997073980Z image tag sha256:3830e7348d9385f380dc507ab8c6329925dfb4cbccbb1c05a0dba743416a5a2b (name=aws_beanstalk/current-app:latest)
2021-06-28T15:10:26.041900542Z image tag sha256:6a353e22ce0146377bf23a2430c14dd1e75d2de6f56463e99fea573dc63f73e2 (name=node:14.16)
2021-06-28T15:10:27.100008599Z image pull node:14.16 (name=node)
2021-06-28T15:10:31.986820882Z container create bb7d538cf8bd44bf2bbb523d83db3699af97eefeebd7c67618d2d0138db370eb (image=sha256:0bf77d6fdb680e8f113988b5a48a122fa0953e9ada8b8fe555db8879aefac57f, name=youthful_bartik)
2021-06-28T15:10:32.224059007Z container destroy bb7d538cf8bd44bf2bbb523d83db3699af97eefeebd7c67618d2d0138db370eb (image=sha256:0bf77d6fdb680e8f113988b5a48a122fa0953e9ada8b8fe555db8879aefac57f, name=youthful_bartik)
2021-06-28T15:10:32.242957338Z container create 13360cd1c3b6a3c12ed940eca63fb5ca59ac1f9f2f79450ab4ac30efdffe4cce (image=sha256:eeaf1b0b7d29e617bee63a18ace3e9f5987412368712c9f8df41b8c9e617d8b7, name=xenodochial_hypatia)
2021-06-28T15:10:32.243147106Z container attach 13360cd1c3b6a3c12ed940eca63fb5ca59ac1f9f2f79450ab4ac30efdffe4cce (image=sha256:eeaf1b0b7d29e617bee63a18ace3e9f5987412368712c9f8df41b8c9e617d8b7, name=xenodochial_hypatia)
2021-06-28T15:10:32.329655644Z network connect 15783a8ee05c776ddd7fa2f607c33cfd05ceeb5def230c64f65ce8d64d70a041 (container=13360cd1c3b6a3c12ed940eca63fb5ca59ac1f9f2f79450ab4ac30efdffe4cce, name=bridge, type=bridge)
2021-06-28T15:10:33.047606599Z container start 13360cd1c3b6a3c12ed940eca63fb5ca59ac1f9f2f79450ab4ac30efdffe4cce (image=sha256:eeaf1b0b7d29e617bee63a18ace3e9f5987412368712c9f8df41b8c9e617d8b7, name=xenodochial_hypatia)
2021-06-28T15:10:41.018161749Z container die 13360cd1c3b6a3c12ed940eca63fb5ca59ac1f9f2f79450ab4ac30efdffe4cce (exitCode=0, image=sha256:eeaf1b0b7d29e617bee63a18ace3e9f5987412368712c9f8df41b8c9e617d8b7, name=xenodochial_hypatia)
2021-06-28T15:10:41.078355736Z network disconnect 15783a8ee05c776ddd7fa2f607c33cfd05ceeb5def230c64f65ce8d64d70a041 (container=13360cd1c3b6a3c12ed940eca63fb5ca59ac1f9f2f79450ab4ac30efdffe4cce, name=bridge, type=bridge)
2021-06-28T15:10:42.720164054Z container destroy 13360cd1c3b6a3c12ed940eca63fb5ca59ac1f9f2f79450ab4ac30efdffe4cce (image=sha256:eeaf1b0b7d29e617bee63a18ace3e9f5987412368712c9f8df41b8c9e617d8b7, name=xenodochial_hypatia)
2021-06-28T15:10:42.748752434Z container create 09911b9ae26340801856482c39b37d817866dec38e10b90859cdffed74d52b6c (image=sha256:2818c546efef270ad3a0e9898fe93a520a066f431493d8c7fbbb4038a52a101c, name=heuristic_pasteur)
2021-06-28T15:10:42.831721533Z container destroy 09911b9ae26340801856482c39b37d817866dec38e10b90859cdffed74d52b6c (image=sha256:2818c546efef270ad3a0e9898fe93a520a066f431493d8c7fbbb4038a52a101c, name=heuristic_pasteur)
2021-06-28T15:10:42.849117320Z container create 0a88f109add9c9e3ceb754dea9b9f35f55b3f380498ede372e7b00ff50db75a5 (image=sha256:7442aeacab8cc8a5d1dddcc21dd835d64351a9930405707e9b8210c0c6604ded, name=wizardly_panini)
2021-06-28T15:10:42.953847368Z container destroy 0a88f109add9c9e3ceb754dea9b9f35f55b3f380498ede372e7b00ff50db75a5 (image=sha256:7442aeacab8cc8a5d1dddcc21dd835d64351a9930405707e9b8210c0c6604ded, name=wizardly_panini)
2021-06-28T15:10:42.971293420Z image tag sha256:b9cb8eca960e9c4c2b91544c5cf58518080e0af06f8112845bfc950ff86da374 (name=aws_beanstalk/staging-app:latest)
2021-06-28T15:10:45.801058199Z container kill 7ef809c3277efc2f14318d2ce6ceeb06633147f04edaa7fe8b2aa411498ec0c0 (image=3830e7348d93, name=exciting_archimedes, signal=15)
2021-06-28T15:10:45.826287770Z container die 7ef809c3277efc2f14318d2ce6ceeb06633147f04edaa7fe8b2aa411498ec0c0 (exitCode=0, image=3830e7348d93, name=exciting_archimedes)
2021-06-28T15:10:45.891090001Z network disconnect 15783a8ee05c776ddd7fa2f607c33cfd05ceeb5def230c64f65ce8d64d70a041 (container=7ef809c3277efc2f14318d2ce6ceeb06633147f04edaa7fe8b2aa411498ec0c0, name=bridge, type=bridge)
2021-06-28T15:10:45.910641744Z container stop 7ef809c3277efc2f14318d2ce6ceeb06633147f04edaa7fe8b2aa411498ec0c0 (image=3830e7348d93, name=exciting_archimedes)
2021-06-28T15:10:46.358006247Z container destroy 7ef809c3277efc2f14318d2ce6ceeb06633147f04edaa7fe8b2aa411498ec0c0 (image=3830e7348d93, name=exciting_archimedes)
2021-06-28T15:10:46.358053118Z container prune  (reclaimed=55)
2021-06-28T15:10:46.400978608Z image untag sha256:3830e7348d9385f380dc507ab8c6329925dfb4cbccbb1c05a0dba743416a5a2b (name=sha256:3830e7348d9385f380dc507ab8c6329925dfb4cbccbb1c05a0dba743416a5a2b)
2021-06-28T15:10:46.403293388Z image delete sha256:3830e7348d9385f380dc507ab8c6329925dfb4cbccbb1c05a0dba743416a5a2b (name=sha256:3830e7348d9385f380dc507ab8c6329925dfb4cbccbb1c05a0dba743416a5a2b)
2021-06-28T15:10:46.404383642Z image delete sha256:616adbb17ebd3e6674f38d1cdb439ebf681fdd1ae6c47f8d8af53c1424550855 (name=sha256:616adbb17ebd3e6674f38d1cdb439ebf681fdd1ae6c47f8d8af53c1424550855)
2021-06-28T15:10:46.667824181Z image delete sha256:a6674ff9c9cd135029ae2ad23081fc31692c39f6921b456c1c1363dca548140e (name=sha256:a6674ff9c9cd135029ae2ad23081fc31692c39f6921b456c1c1363dca548140e)
2021-06-28T15:10:46.669191364Z image delete sha256:cda0556d40189c1092f6c93296998c7dc75399385121440be99e5ed3b148384f (name=sha256:cda0556d40189c1092f6c93296998c7dc75399385121440be99e5ed3b148384f)
2021-06-28T15:10:46.678394501Z image delete sha256:7c6f8741eae1fa766265133e3d765ee4e27fe190c31e7fd0c187ac6bc6658bf4 (name=sha256:7c6f8741eae1fa766265133e3d765ee4e27fe190c31e7fd0c187ac6bc6658bf4)
2021-06-28T15:10:46.759564132Z container create 871de39d9de78ef9786121fe136f2f4889a37784de93b245c56a161cce5b53f8 (image=b9cb8eca960e, name=xenodochial_benz)
2021-06-28T15:10:46.824557294Z network connect 15783a8ee05c776ddd7fa2f607c33cfd05ceeb5def230c64f65ce8d64d70a041 (container=871de39d9de78ef9786121fe136f2f4889a37784de93b245c56a161cce5b53f8, name=bridge, type=bridge)
2021-06-28T15:10:47.264101514Z container start 871de39d9de78ef9786121fe136f2f4889a37784de93b245c56a161cce5b53f8 (image=b9cb8eca960e, name=xenodochial_benz)
2021-06-28T15:10:52.651900354Z image tag sha256:b9cb8eca960e9c4c2b91544c5cf58518080e0af06f8112845bfc950ff86da374 (name=aws_beanstalk/current-app:latest)
2021-06-28T15:10:52.697101334Z image untag sha256:b9cb8eca960e9c4c2b91544c5cf58518080e0af06f8112845bfc950ff86da374 (name=sha256:b9cb8eca960e9c4c2b91544c5cf58518080e0af06f8112845bfc950ff86da374)
2021-06-28T15:10:53.767529330Z image tag sha256:b9cb8eca960e9c4c2b91544c5cf58518080e0af06f8112845bfc950ff86da374 (name=aws_beanstalk/current-app:latest)
2021-06-28T15:10:53.846430778Z image tag sha256:6a353e22ce0146377bf23a2430c14dd1e75d2de6f56463e99fea573dc63f73e2 (name=node:14.16)
2021-06-28T15:28:39.926751149Z image tag sha256:b9cb8eca960e9c4c2b91544c5cf58518080e0af06f8112845bfc950ff86da374 (name=aws_beanstalk/current-app:latest)
2021-06-28T15:28:39.967727912Z image tag sha256:6a353e22ce0146377bf23a2430c14dd1e75d2de6f56463e99fea573dc63f73e2 (name=node:14.16)
2021-06-28T15:28:41.514304733Z image pull node:14.16 (name=node)
2021-06-28T15:28:46.641733807Z container create a08323402b8c4363b16bfcc6a6c470525544b21df52cca649d294591d0890f9e (image=sha256:38a3d0d318eabb28669415bea694f43db353ecaa60710dec3bc016e94d556cfe, name=flamboyant_cray)
2021-06-28T15:28:46.791836106Z container destroy a08323402b8c4363b16bfcc6a6c470525544b21df52cca649d294591d0890f9e (image=sha256:38a3d0d318eabb28669415bea694f43db353ecaa60710dec3bc016e94d556cfe, name=flamboyant_cray)
2021-06-28T15:28:46.809588525Z container create a2a4bcd6a29d4231b585ab2218c577ec616bb036acbc4521034bffa9bed49098 (image=sha256:d4094b794342a474274eb2c35e398910074d2a24a2665aed7d818f5c1069727c, name=sad_heisenberg)
2021-06-28T15:28:46.809802333Z container attach a2a4bcd6a29d4231b585ab2218c577ec616bb036acbc4521034bffa9bed49098 (image=sha256:d4094b794342a474274eb2c35e398910074d2a24a2665aed7d818f5c1069727c, name=sad_heisenberg)
2021-06-28T15:28:46.889548250Z network connect 15783a8ee05c776ddd7fa2f607c33cfd05ceeb5def230c64f65ce8d64d70a041 (container=a2a4bcd6a29d4231b585ab2218c577ec616bb036acbc4521034bffa9bed49098, name=bridge, type=bridge)
2021-06-28T15:28:47.559185168Z container start a2a4bcd6a29d4231b585ab2218c577ec616bb036acbc4521034bffa9bed49098 (image=sha256:d4094b794342a474274eb2c35e398910074d2a24a2665aed7d818f5c1069727c, name=sad_heisenberg)
2021-06-28T15:28:55.144947951Z container die a2a4bcd6a29d4231b585ab2218c577ec616bb036acbc4521034bffa9bed49098 (exitCode=0, image=sha256:d4094b794342a474274eb2c35e398910074d2a24a2665aed7d818f5c1069727c, name=sad_heisenberg)
2021-06-28T15:28:55.222621421Z network disconnect 15783a8ee05c776ddd7fa2f607c33cfd05ceeb5def230c64f65ce8d64d70a041 (container=a2a4bcd6a29d4231b585ab2218c577ec616bb036acbc4521034bffa9bed49098, name=bridge, type=bridge)
2021-06-28T15:28:56.833480818Z container destroy a2a4bcd6a29d4231b585ab2218c577ec616bb036acbc4521034bffa9bed49098 (image=sha256:d4094b794342a474274eb2c35e398910074d2a24a2665aed7d818f5c1069727c, name=sad_heisenberg)
2021-06-28T15:28:56.872874442Z container create a4420163a320dd87d90c86ff4b3eadf5b2d86f4cf1b3c671974026af01a10001 (image=sha256:f86ac4a974d4b4b2925b6ba076852ef25b8853c2ffa2b8673dda2f42a1cfe20c, name=strange_euler)
2021-06-28T15:28:56.958802137Z container destroy a4420163a320dd87d90c86ff4b3eadf5b2d86f4cf1b3c671974026af01a10001 (image=sha256:f86ac4a974d4b4b2925b6ba076852ef25b8853c2ffa2b8673dda2f42a1cfe20c, name=strange_euler)
2021-06-28T15:28:56.976022240Z container create 9b68b6684c5fdbd1ebee7a3bcf3c74a280daf9debf0a22d46328b5e3327dc2b5 (image=sha256:c0b67f7000a82b641496259494a6d5a2694c6fcb28b8b526e6e7228c241b64ab, name=epic_stonebraker)
2021-06-28T15:28:57.062161020Z container destroy 9b68b6684c5fdbd1ebee7a3bcf3c74a280daf9debf0a22d46328b5e3327dc2b5 (image=sha256:c0b67f7000a82b641496259494a6d5a2694c6fcb28b8b526e6e7228c241b64ab, name=epic_stonebraker)
2021-06-28T15:28:57.079760213Z image tag sha256:8bf4c3f50eb10e44dcecebc0b066bea0b4a94feeea775dbe11bfb9ea6c27a2b7 (name=aws_beanstalk/staging-app:latest)
2021-06-28T15:29:00.199597010Z container kill 871de39d9de78ef9786121fe136f2f4889a37784de93b245c56a161cce5b53f8 (image=b9cb8eca960e, name=xenodochial_benz, signal=15)
2021-06-28T15:29:00.226082714Z container die 871de39d9de78ef9786121fe136f2f4889a37784de93b245c56a161cce5b53f8 (exitCode=0, image=b9cb8eca960e, name=xenodochial_benz)
2021-06-28T15:29:00.310021043Z network disconnect 15783a8ee05c776ddd7fa2f607c33cfd05ceeb5def230c64f65ce8d64d70a041 (container=871de39d9de78ef9786121fe136f2f4889a37784de93b245c56a161cce5b53f8, name=bridge, type=bridge)
2021-06-28T15:29:00.326418556Z container stop 871de39d9de78ef9786121fe136f2f4889a37784de93b245c56a161cce5b53f8 (image=b9cb8eca960e, name=xenodochial_benz)
2021-06-28T15:29:00.784404263Z container destroy 871de39d9de78ef9786121fe136f2f4889a37784de93b245c56a161cce5b53f8 (image=b9cb8eca960e, name=xenodochial_benz)
2021-06-28T15:29:00.784430625Z container prune  (reclaimed=55)
2021-06-28T15:29:00.827707182Z image untag sha256:b9cb8eca960e9c4c2b91544c5cf58518080e0af06f8112845bfc950ff86da374 (name=sha256:b9cb8eca960e9c4c2b91544c5cf58518080e0af06f8112845bfc950ff86da374)
2021-06-28T15:29:00.838952077Z image delete sha256:b9cb8eca960e9c4c2b91544c5cf58518080e0af06f8112845bfc950ff86da374 (name=sha256:b9cb8eca960e9c4c2b91544c5cf58518080e0af06f8112845bfc950ff86da374)
2021-06-28T15:29:00.840100952Z image delete sha256:7442aeacab8cc8a5d1dddcc21dd835d64351a9930405707e9b8210c0c6604ded (name=sha256:7442aeacab8cc8a5d1dddcc21dd835d64351a9930405707e9b8210c0c6604ded)
2021-06-28T15:29:01.161110771Z image delete sha256:2818c546efef270ad3a0e9898fe93a520a066f431493d8c7fbbb4038a52a101c (name=sha256:2818c546efef270ad3a0e9898fe93a520a066f431493d8c7fbbb4038a52a101c)
2021-06-28T15:29:01.164999640Z image delete sha256:eeaf1b0b7d29e617bee63a18ace3e9f5987412368712c9f8df41b8c9e617d8b7 (name=sha256:eeaf1b0b7d29e617bee63a18ace3e9f5987412368712c9f8df41b8c9e617d8b7)
2021-06-28T15:29:01.171852223Z image delete sha256:0bf77d6fdb680e8f113988b5a48a122fa0953e9ada8b8fe555db8879aefac57f (name=sha256:0bf77d6fdb680e8f113988b5a48a122fa0953e9ada8b8fe555db8879aefac57f)
2021-06-28T15:29:01.271836170Z container create c2063b92b2a9f7b8a2719151a81d54719893475c98536529c79beb446c6b8c25 (image=8bf4c3f50eb1, name=focused_elion)
2021-06-28T15:29:01.376078588Z network connect 15783a8ee05c776ddd7fa2f607c33cfd05ceeb5def230c64f65ce8d64d70a041 (container=c2063b92b2a9f7b8a2719151a81d54719893475c98536529c79beb446c6b8c25, name=bridge, type=bridge)
2021-06-28T15:29:02.002229500Z container start c2063b92b2a9f7b8a2719151a81d54719893475c98536529c79beb446c6b8c25 (image=8bf4c3f50eb1, name=focused_elion)
2021-06-28T15:29:07.449109090Z image tag sha256:8bf4c3f50eb10e44dcecebc0b066bea0b4a94feeea775dbe11bfb9ea6c27a2b7 (name=aws_beanstalk/current-app:latest)
2021-06-28T15:29:07.494743570Z image untag sha256:8bf4c3f50eb10e44dcecebc0b066bea0b4a94feeea775dbe11bfb9ea6c27a2b7 (name=sha256:8bf4c3f50eb10e44dcecebc0b066bea0b4a94feeea775dbe11bfb9ea6c27a2b7)
2021-06-28T15:29:08.552331522Z image tag sha256:8bf4c3f50eb10e44dcecebc0b066bea0b4a94feeea775dbe11bfb9ea6c27a2b7 (name=aws_beanstalk/current-app:latest)
2021-06-28T15:29:08.632627808Z image tag sha256:6a353e22ce0146377bf23a2430c14dd1e75d2de6f56463e99fea573dc63f73e2 (name=node:14.16)
2021-06-29T02:14:03.121104216Z image tag sha256:8bf4c3f50eb10e44dcecebc0b066bea0b4a94feeea775dbe11bfb9ea6c27a2b7 (name=aws_beanstalk/current-app:latest)
2021-06-29T02:14:03.162780644Z image tag sha256:6a353e22ce0146377bf23a2430c14dd1e75d2de6f56463e99fea573dc63f73e2 (name=node:14.16)
2021-06-29T02:14:04.511348734Z image pull node:14.16 (name=node)
2021-06-29T02:14:09.703670267Z container create de709de8d92060e1b18d0c4ab42ab16344a2413b62e520d6cb744681af8442c7 (image=sha256:f0eec08007c13eb05e9f821f77bc5e2a0039ffebd4a62133d404ad39248d05bf, name=priceless_taussig)
2021-06-29T02:14:09.868204536Z container destroy de709de8d92060e1b18d0c4ab42ab16344a2413b62e520d6cb744681af8442c7 (image=sha256:f0eec08007c13eb05e9f821f77bc5e2a0039ffebd4a62133d404ad39248d05bf, name=priceless_taussig)
2021-06-29T02:14:09.892100668Z container create d18410989a9ccccd9dc65d4cf71b22e4090286d58c9bffa0a7c6f66e9932ea9d (image=sha256:7e46678418938f0f6e1f4bf6bfc8c983b77f230eabaf8a174a00e1b33c38ae62, name=gracious_sinoussi)
2021-06-29T02:14:09.892339725Z container attach d18410989a9ccccd9dc65d4cf71b22e4090286d58c9bffa0a7c6f66e9932ea9d (image=sha256:7e46678418938f0f6e1f4bf6bfc8c983b77f230eabaf8a174a00e1b33c38ae62, name=gracious_sinoussi)
2021-06-29T02:14:09.978107907Z network connect 15783a8ee05c776ddd7fa2f607c33cfd05ceeb5def230c64f65ce8d64d70a041 (container=d18410989a9ccccd9dc65d4cf71b22e4090286d58c9bffa0a7c6f66e9932ea9d, name=bridge, type=bridge)
2021-06-29T02:14:10.659662535Z container start d18410989a9ccccd9dc65d4cf71b22e4090286d58c9bffa0a7c6f66e9932ea9d (image=sha256:7e46678418938f0f6e1f4bf6bfc8c983b77f230eabaf8a174a00e1b33c38ae62, name=gracious_sinoussi)
2021-06-29T02:14:18.467687060Z container die d18410989a9ccccd9dc65d4cf71b22e4090286d58c9bffa0a7c6f66e9932ea9d (exitCode=0, image=sha256:7e46678418938f0f6e1f4bf6bfc8c983b77f230eabaf8a174a00e1b33c38ae62, name=gracious_sinoussi)
2021-06-29T02:14:18.546068733Z network disconnect 15783a8ee05c776ddd7fa2f607c33cfd05ceeb5def230c64f65ce8d64d70a041 (container=d18410989a9ccccd9dc65d4cf71b22e4090286d58c9bffa0a7c6f66e9932ea9d, name=bridge, type=bridge)
2021-06-29T02:14:20.161062195Z container destroy d18410989a9ccccd9dc65d4cf71b22e4090286d58c9bffa0a7c6f66e9932ea9d (image=sha256:7e46678418938f0f6e1f4bf6bfc8c983b77f230eabaf8a174a00e1b33c38ae62, name=gracious_sinoussi)
2021-06-29T02:14:20.187605630Z container create be8bf23dcb0b8989df44f4a1379893aa635c464719e80d059fbe44251344a482 (image=sha256:f13ffab43cadc45feadd874520a771eee536faa44951a8c138878fe54f9a677d, name=intelligent_perlman)
2021-06-29T02:14:20.270309337Z container destroy be8bf23dcb0b8989df44f4a1379893aa635c464719e80d059fbe44251344a482 (image=sha256:f13ffab43cadc45feadd874520a771eee536faa44951a8c138878fe54f9a677d, name=intelligent_perlman)
2021-06-29T02:14:20.302518986Z container create e35ef2f31cb1960418ba47a12a11ed452907880ac1cd2d2edc20e35c43066fd5 (image=sha256:f65491299c6702cde843edb32b26273a00963e33aa5b31a784020bc1bc599e14, name=bold_haslett)
2021-06-29T02:14:20.388675689Z container destroy e35ef2f31cb1960418ba47a12a11ed452907880ac1cd2d2edc20e35c43066fd5 (image=sha256:f65491299c6702cde843edb32b26273a00963e33aa5b31a784020bc1bc599e14, name=bold_haslett)
2021-06-29T02:14:20.410912292Z image tag sha256:43c5e7881ad5f60d6fa90c7c14ede38bb28667115da8397be5484d51792fef91 (name=aws_beanstalk/staging-app:latest)
2021-06-29T02:14:23.485731430Z container kill c2063b92b2a9f7b8a2719151a81d54719893475c98536529c79beb446c6b8c25 (image=8bf4c3f50eb1, name=focused_elion, signal=15)
2021-06-29T02:14:23.513348498Z container die c2063b92b2a9f7b8a2719151a81d54719893475c98536529c79beb446c6b8c25 (exitCode=0, image=8bf4c3f50eb1, name=focused_elion)
2021-06-29T02:14:23.573943080Z network disconnect 15783a8ee05c776ddd7fa2f607c33cfd05ceeb5def230c64f65ce8d64d70a041 (container=c2063b92b2a9f7b8a2719151a81d54719893475c98536529c79beb446c6b8c25, name=bridge, type=bridge)
2021-06-29T02:14:23.584639540Z container stop c2063b92b2a9f7b8a2719151a81d54719893475c98536529c79beb446c6b8c25 (image=8bf4c3f50eb1, name=focused_elion)
2021-06-29T02:14:24.022737738Z container destroy c2063b92b2a9f7b8a2719151a81d54719893475c98536529c79beb446c6b8c25 (image=8bf4c3f50eb1, name=focused_elion)
2021-06-29T02:14:24.022766261Z container prune  (reclaimed=55)
2021-06-29T02:14:24.065414140Z image untag sha256:8bf4c3f50eb10e44dcecebc0b066bea0b4a94feeea775dbe11bfb9ea6c27a2b7 (name=sha256:8bf4c3f50eb10e44dcecebc0b066bea0b4a94feeea775dbe11bfb9ea6c27a2b7)
2021-06-29T02:14:24.067086200Z image delete sha256:8bf4c3f50eb10e44dcecebc0b066bea0b4a94feeea775dbe11bfb9ea6c27a2b7 (name=sha256:8bf4c3f50eb10e44dcecebc0b066bea0b4a94feeea775dbe11bfb9ea6c27a2b7)
2021-06-29T02:14:24.068111912Z image delete sha256:c0b67f7000a82b641496259494a6d5a2694c6fcb28b8b526e6e7228c241b64ab (name=sha256:c0b67f7000a82b641496259494a6d5a2694c6fcb28b8b526e6e7228c241b64ab)
2021-06-29T02:14:24.352777678Z image delete sha256:f86ac4a974d4b4b2925b6ba076852ef25b8853c2ffa2b8673dda2f42a1cfe20c (name=sha256:f86ac4a974d4b4b2925b6ba076852ef25b8853c2ffa2b8673dda2f42a1cfe20c)
2021-06-29T02:14:24.357050357Z image delete sha256:d4094b794342a474274eb2c35e398910074d2a24a2665aed7d818f5c1069727c (name=sha256:d4094b794342a474274eb2c35e398910074d2a24a2665aed7d818f5c1069727c)
2021-06-29T02:14:24.361717178Z image delete sha256:38a3d0d318eabb28669415bea694f43db353ecaa60710dec3bc016e94d556cfe (name=sha256:38a3d0d318eabb28669415bea694f43db353ecaa60710dec3bc016e94d556cfe)
2021-06-29T02:14:24.451767649Z container create bd120689982da05cc8c30291a222acb563415b8ef6b56fa82d6e6c4678635fc0 (image=43c5e7881ad5, name=objective_gates)
2021-06-29T02:14:24.516597174Z network connect 15783a8ee05c776ddd7fa2f607c33cfd05ceeb5def230c64f65ce8d64d70a041 (container=bd120689982da05cc8c30291a222acb563415b8ef6b56fa82d6e6c4678635fc0, name=bridge, type=bridge)
2021-06-29T02:14:24.975522322Z container start bd120689982da05cc8c30291a222acb563415b8ef6b56fa82d6e6c4678635fc0 (image=43c5e7881ad5, name=objective_gates)
2021-06-29T02:14:30.428823502Z image tag sha256:43c5e7881ad5f60d6fa90c7c14ede38bb28667115da8397be5484d51792fef91 (name=aws_beanstalk/current-app:latest)
2021-06-29T02:14:30.471027340Z image untag sha256:43c5e7881ad5f60d6fa90c7c14ede38bb28667115da8397be5484d51792fef91 (name=sha256:43c5e7881ad5f60d6fa90c7c14ede38bb28667115da8397be5484d51792fef91)
2021-06-29T02:14:31.534789407Z image tag sha256:43c5e7881ad5f60d6fa90c7c14ede38bb28667115da8397be5484d51792fef91 (name=aws_beanstalk/current-app:latest)
2021-06-29T02:14:31.615207744Z image tag sha256:6a353e22ce0146377bf23a2430c14dd1e75d2de6f56463e99fea573dc63f73e2 (name=node:14.16)
2021-06-29T02:23:33.836269520Z image tag sha256:43c5e7881ad5f60d6fa90c7c14ede38bb28667115da8397be5484d51792fef91 (name=aws_beanstalk/current-app:latest)
2021-06-29T02:23:33.877351128Z image tag sha256:6a353e22ce0146377bf23a2430c14dd1e75d2de6f56463e99fea573dc63f73e2 (name=node:14.16)
2021-06-29T02:23:35.398149212Z image pull node:14.16 (name=node)
2021-06-29T02:23:40.577080238Z container create c0e91959acea03a8c42927a5257555fc4c58418f2994081a4392e75e21d138ce (image=sha256:77b82518e1f27abfd0125e588aa7b98b18a4683c6feb22183c180af701160390, name=condescending_gauss)
2021-06-29T02:23:40.731995695Z container destroy c0e91959acea03a8c42927a5257555fc4c58418f2994081a4392e75e21d138ce (image=sha256:77b82518e1f27abfd0125e588aa7b98b18a4683c6feb22183c180af701160390, name=condescending_gauss)
2021-06-29T02:23:40.749467606Z container create 8ed75604d9d206054032e6a846ad55de1207fb3f4bcc49007b52b8dd4f816302 (image=sha256:98f9566880fc4ea865ce8cc9aff047b39134c7fe9b29f6de7f0f2f89f0c6711c, name=vibrant_black)
2021-06-29T02:23:40.749671608Z container attach 8ed75604d9d206054032e6a846ad55de1207fb3f4bcc49007b52b8dd4f816302 (image=sha256:98f9566880fc4ea865ce8cc9aff047b39134c7fe9b29f6de7f0f2f89f0c6711c, name=vibrant_black)
2021-06-29T02:23:40.804406715Z network connect 15783a8ee05c776ddd7fa2f607c33cfd05ceeb5def230c64f65ce8d64d70a041 (container=8ed75604d9d206054032e6a846ad55de1207fb3f4bcc49007b52b8dd4f816302, name=bridge, type=bridge)
2021-06-29T02:23:41.421319632Z container start 8ed75604d9d206054032e6a846ad55de1207fb3f4bcc49007b52b8dd4f816302 (image=sha256:98f9566880fc4ea865ce8cc9aff047b39134c7fe9b29f6de7f0f2f89f0c6711c, name=vibrant_black)
2021-06-29T02:23:49.051629451Z container die 8ed75604d9d206054032e6a846ad55de1207fb3f4bcc49007b52b8dd4f816302 (exitCode=0, image=sha256:98f9566880fc4ea865ce8cc9aff047b39134c7fe9b29f6de7f0f2f89f0c6711c, name=vibrant_black)
2021-06-29T02:23:49.113982000Z network disconnect 15783a8ee05c776ddd7fa2f607c33cfd05ceeb5def230c64f65ce8d64d70a041 (container=8ed75604d9d206054032e6a846ad55de1207fb3f4bcc49007b52b8dd4f816302, name=bridge, type=bridge)
2021-06-29T02:23:50.750510068Z container destroy 8ed75604d9d206054032e6a846ad55de1207fb3f4bcc49007b52b8dd4f816302 (image=sha256:98f9566880fc4ea865ce8cc9aff047b39134c7fe9b29f6de7f0f2f89f0c6711c, name=vibrant_black)
2021-06-29T02:23:50.787164264Z container create 0fae0e4a52b7c4874bbb95c04eb3cc350562cc2e2a61cab306ef7c329cb48404 (image=sha256:6ccfc94a4ccd3abbb95d80d25feb349a47db9a285f00253566e5c3e8f09f4856, name=loving_turing)
2021-06-29T02:23:50.877512811Z container destroy 0fae0e4a52b7c4874bbb95c04eb3cc350562cc2e2a61cab306ef7c329cb48404 (image=sha256:6ccfc94a4ccd3abbb95d80d25feb349a47db9a285f00253566e5c3e8f09f4856, name=loving_turing)
2021-06-29T02:23:50.895762473Z container create 529c1c89166867373e5fbc54a13b192b45987617d28f132176fcfb7abd44b746 (image=sha256:93f8de35253212a1d961ffcf3f8800224a27f9de1e0d9abc9e77c3ec0f8edaa4, name=funny_banach)
2021-06-29T02:23:50.982999886Z container destroy 529c1c89166867373e5fbc54a13b192b45987617d28f132176fcfb7abd44b746 (image=sha256:93f8de35253212a1d961ffcf3f8800224a27f9de1e0d9abc9e77c3ec0f8edaa4, name=funny_banach)
2021-06-29T02:23:51.002096343Z image tag sha256:53e993bb36e4e411b3b2cf3135166faef779385b78078e26159c88a44a5fb179 (name=aws_beanstalk/staging-app:latest)
2021-06-29T02:23:53.884021330Z container kill bd120689982da05cc8c30291a222acb563415b8ef6b56fa82d6e6c4678635fc0 (image=43c5e7881ad5, name=objective_gates, signal=15)
2021-06-29T02:23:53.907877670Z container die bd120689982da05cc8c30291a222acb563415b8ef6b56fa82d6e6c4678635fc0 (exitCode=0, image=43c5e7881ad5, name=objective_gates)
2021-06-29T02:23:53.977465332Z network disconnect 15783a8ee05c776ddd7fa2f607c33cfd05ceeb5def230c64f65ce8d64d70a041 (container=bd120689982da05cc8c30291a222acb563415b8ef6b56fa82d6e6c4678635fc0, name=bridge, type=bridge)
2021-06-29T02:23:53.989048977Z container stop bd120689982da05cc8c30291a222acb563415b8ef6b56fa82d6e6c4678635fc0 (image=43c5e7881ad5, name=objective_gates)
2021-06-29T02:23:54.474737137Z container destroy bd120689982da05cc8c30291a222acb563415b8ef6b56fa82d6e6c4678635fc0 (image=43c5e7881ad5, name=objective_gates)
2021-06-29T02:23:54.474763979Z container prune  (reclaimed=55)
2021-06-29T02:23:54.520740420Z image untag sha256:43c5e7881ad5f60d6fa90c7c14ede38bb28667115da8397be5484d51792fef91 (name=sha256:43c5e7881ad5f60d6fa90c7c14ede38bb28667115da8397be5484d51792fef91)
2021-06-29T02:23:54.526022749Z image delete sha256:43c5e7881ad5f60d6fa90c7c14ede38bb28667115da8397be5484d51792fef91 (name=sha256:43c5e7881ad5f60d6fa90c7c14ede38bb28667115da8397be5484d51792fef91)
2021-06-29T02:23:54.527219429Z image delete sha256:f65491299c6702cde843edb32b26273a00963e33aa5b31a784020bc1bc599e14 (name=sha256:f65491299c6702cde843edb32b26273a00963e33aa5b31a784020bc1bc599e14)
2021-06-29T02:23:54.815005083Z image delete sha256:f13ffab43cadc45feadd874520a771eee536faa44951a8c138878fe54f9a677d (name=sha256:f13ffab43cadc45feadd874520a771eee536faa44951a8c138878fe54f9a677d)
2021-06-29T02:23:54.816383466Z image delete sha256:7e46678418938f0f6e1f4bf6bfc8c983b77f230eabaf8a174a00e1b33c38ae62 (name=sha256:7e46678418938f0f6e1f4bf6bfc8c983b77f230eabaf8a174a00e1b33c38ae62)
2021-06-29T02:23:54.821823581Z image delete sha256:f0eec08007c13eb05e9f821f77bc5e2a0039ffebd4a62133d404ad39248d05bf (name=sha256:f0eec08007c13eb05e9f821f77bc5e2a0039ffebd4a62133d404ad39248d05bf)
2021-06-29T02:23:54.904273862Z container create c3c70968b257bae06b7ff8c688c945d18cc899a033a9e18d997b6f39f0467daa (image=53e993bb36e4, name=unruffled_feistel)
2021-06-29T02:23:54.981112136Z network connect 15783a8ee05c776ddd7fa2f607c33cfd05ceeb5def230c64f65ce8d64d70a041 (container=c3c70968b257bae06b7ff8c688c945d18cc899a033a9e18d997b6f39f0467daa, name=bridge, type=bridge)
2021-06-29T02:23:55.422132150Z container start c3c70968b257bae06b7ff8c688c945d18cc899a033a9e18d997b6f39f0467daa (image=53e993bb36e4, name=unruffled_feistel)
2021-06-29T02:24:00.857403654Z image tag sha256:53e993bb36e4e411b3b2cf3135166faef779385b78078e26159c88a44a5fb179 (name=aws_beanstalk/current-app:latest)
2021-06-29T02:24:00.899282957Z image untag sha256:53e993bb36e4e411b3b2cf3135166faef779385b78078e26159c88a44a5fb179 (name=sha256:53e993bb36e4e411b3b2cf3135166faef779385b78078e26159c88a44a5fb179)
2021-06-29T02:24:01.952893819Z image tag sha256:53e993bb36e4e411b3b2cf3135166faef779385b78078e26159c88a44a5fb179 (name=aws_beanstalk/current-app:latest)
2021-06-29T02:24:01.997357838Z image tag sha256:6a353e22ce0146377bf23a2430c14dd1e75d2de6f56463e99fea573dc63f73e2 (name=node:14.16)
2021-06-29T03:22:28.778148772Z image tag sha256:53e993bb36e4e411b3b2cf3135166faef779385b78078e26159c88a44a5fb179 (name=aws_beanstalk/current-app:latest)
2021-06-29T03:22:28.820015305Z image tag sha256:6a353e22ce0146377bf23a2430c14dd1e75d2de6f56463e99fea573dc63f73e2 (name=node:14.16)
2021-06-29T03:22:30.477527392Z image pull node:14.16 (name=node)
2021-06-29T03:22:35.639809603Z container create 157f56e99f10dbc56be53b22639b4f095337c724c6c9edb13c640f99b6cc99a6 (image=sha256:23d6969efbc23d1a75a64bb4d0fd31fbd70f17d876da0052861a4a9331753b7c, name=zen_bouman)
2021-06-29T03:22:35.777591077Z container destroy 157f56e99f10dbc56be53b22639b4f095337c724c6c9edb13c640f99b6cc99a6 (image=sha256:23d6969efbc23d1a75a64bb4d0fd31fbd70f17d876da0052861a4a9331753b7c, name=zen_bouman)
2021-06-29T03:22:35.798880546Z container create 0cccc80f9de67beb5298fe2023bcc4f84913a06ef81978d29c5266b71777ad93 (image=sha256:0008de2ec32ff8b26e139d8dfea5824429890d95cd001e548c63ec8073d4d350, name=interesting_joliot)
2021-06-29T03:22:35.799767893Z container attach 0cccc80f9de67beb5298fe2023bcc4f84913a06ef81978d29c5266b71777ad93 (image=sha256:0008de2ec32ff8b26e139d8dfea5824429890d95cd001e548c63ec8073d4d350, name=interesting_joliot)
2021-06-29T03:22:35.872436824Z network connect 15783a8ee05c776ddd7fa2f607c33cfd05ceeb5def230c64f65ce8d64d70a041 (container=0cccc80f9de67beb5298fe2023bcc4f84913a06ef81978d29c5266b71777ad93, name=bridge, type=bridge)
2021-06-29T03:22:36.851205849Z container start 0cccc80f9de67beb5298fe2023bcc4f84913a06ef81978d29c5266b71777ad93 (image=sha256:0008de2ec32ff8b26e139d8dfea5824429890d95cd001e548c63ec8073d4d350, name=interesting_joliot)
2021-06-29T03:22:44.677754085Z container die 0cccc80f9de67beb5298fe2023bcc4f84913a06ef81978d29c5266b71777ad93 (exitCode=0, image=sha256:0008de2ec32ff8b26e139d8dfea5824429890d95cd001e548c63ec8073d4d350, name=interesting_joliot)
2021-06-29T03:22:44.741636441Z network disconnect 15783a8ee05c776ddd7fa2f607c33cfd05ceeb5def230c64f65ce8d64d70a041 (container=0cccc80f9de67beb5298fe2023bcc4f84913a06ef81978d29c5266b71777ad93, name=bridge, type=bridge)
2021-06-29T03:22:46.387933353Z container destroy 0cccc80f9de67beb5298fe2023bcc4f84913a06ef81978d29c5266b71777ad93 (image=sha256:0008de2ec32ff8b26e139d8dfea5824429890d95cd001e548c63ec8073d4d350, name=interesting_joliot)
2021-06-29T03:22:46.423467754Z container create eafcb9d69626a2cdbc56c2f2c03ee468d498356e54626a86f7baa66204d07d00 (image=sha256:5050defb10a5068c4824787c5bce242332da654af151490f8555b1630d6cb1b1, name=inspiring_herschel)
2021-06-29T03:22:46.511306119Z container destroy eafcb9d69626a2cdbc56c2f2c03ee468d498356e54626a86f7baa66204d07d00 (image=sha256:5050defb10a5068c4824787c5bce242332da654af151490f8555b1630d6cb1b1, name=inspiring_herschel)
2021-06-29T03:22:46.529509058Z container create 295bd8f4d4fa22c3ed2729e11a97d34eb92c392b38acb4e056f9e23e2591fbd7 (image=sha256:93205d4c25d6a9de5328c3ab420b59cf3f9368dcbc941d20077e62a949b9a50d, name=funny_bose)
2021-06-29T03:22:46.630462387Z container destroy 295bd8f4d4fa22c3ed2729e11a97d34eb92c392b38acb4e056f9e23e2591fbd7 (image=sha256:93205d4c25d6a9de5328c3ab420b59cf3f9368dcbc941d20077e62a949b9a50d, name=funny_bose)
2021-06-29T03:22:46.647240078Z image tag sha256:378df7e727367b6db7ba3d746b3a05970497c6dbcc952bfdd0b0fc6551c30140 (name=aws_beanstalk/staging-app:latest)
2021-06-29T03:22:50.120859103Z container kill c3c70968b257bae06b7ff8c688c945d18cc899a033a9e18d997b6f39f0467daa (image=53e993bb36e4, name=unruffled_feistel, signal=15)
2021-06-29T03:22:50.161568057Z container die c3c70968b257bae06b7ff8c688c945d18cc899a033a9e18d997b6f39f0467daa (exitCode=0, image=53e993bb36e4, name=unruffled_feistel)
2021-06-29T03:22:50.230494718Z network disconnect 15783a8ee05c776ddd7fa2f607c33cfd05ceeb5def230c64f65ce8d64d70a041 (container=c3c70968b257bae06b7ff8c688c945d18cc899a033a9e18d997b6f39f0467daa, name=bridge, type=bridge)
2021-06-29T03:22:50.253403898Z container stop c3c70968b257bae06b7ff8c688c945d18cc899a033a9e18d997b6f39f0467daa (image=53e993bb36e4, name=unruffled_feistel)
2021-06-29T03:22:50.698632957Z container destroy c3c70968b257bae06b7ff8c688c945d18cc899a033a9e18d997b6f39f0467daa (image=53e993bb36e4, name=unruffled_feistel)
2021-06-29T03:22:50.698667162Z container prune  (reclaimed=55)
2021-06-29T03:22:50.742262914Z image untag sha256:53e993bb36e4e411b3b2cf3135166faef779385b78078e26159c88a44a5fb179 (name=sha256:53e993bb36e4e411b3b2cf3135166faef779385b78078e26159c88a44a5fb179)
2021-06-29T03:22:50.744551729Z image delete sha256:53e993bb36e4e411b3b2cf3135166faef779385b78078e26159c88a44a5fb179 (name=sha256:53e993bb36e4e411b3b2cf3135166faef779385b78078e26159c88a44a5fb179)
2021-06-29T03:22:50.745602457Z image delete sha256:93f8de35253212a1d961ffcf3f8800224a27f9de1e0d9abc9e77c3ec0f8edaa4 (name=sha256:93f8de35253212a1d961ffcf3f8800224a27f9de1e0d9abc9e77c3ec0f8edaa4)
2021-06-29T03:22:51.046787641Z image delete sha256:6ccfc94a4ccd3abbb95d80d25feb349a47db9a285f00253566e5c3e8f09f4856 (name=sha256:6ccfc94a4ccd3abbb95d80d25feb349a47db9a285f00253566e5c3e8f09f4856)
2021-06-29T03:22:51.048190887Z image delete sha256:98f9566880fc4ea865ce8cc9aff047b39134c7fe9b29f6de7f0f2f89f0c6711c (name=sha256:98f9566880fc4ea865ce8cc9aff047b39134c7fe9b29f6de7f0f2f89f0c6711c)
2021-06-29T03:22:51.053980720Z image delete sha256:77b82518e1f27abfd0125e588aa7b98b18a4683c6feb22183c180af701160390 (name=sha256:77b82518e1f27abfd0125e588aa7b98b18a4683c6feb22183c180af701160390)
2021-06-29T03:22:51.144310363Z container create 728aa8b84f952f5046eef0479369f86810a36cb53995404cbc5ec7173e762bef (image=378df7e72736, name=beautiful_cori)
2021-06-29T03:22:51.208104648Z network connect 15783a8ee05c776ddd7fa2f607c33cfd05ceeb5def230c64f65ce8d64d70a041 (container=728aa8b84f952f5046eef0479369f86810a36cb53995404cbc5ec7173e762bef, name=bridge, type=bridge)
2021-06-29T03:22:51.662319146Z container start 728aa8b84f952f5046eef0479369f86810a36cb53995404cbc5ec7173e762bef (image=378df7e72736, name=beautiful_cori)
2021-06-29T03:22:57.136428555Z image tag sha256:378df7e727367b6db7ba3d746b3a05970497c6dbcc952bfdd0b0fc6551c30140 (name=aws_beanstalk/current-app:latest)
2021-06-29T03:22:57.178486377Z image untag sha256:378df7e727367b6db7ba3d746b3a05970497c6dbcc952bfdd0b0fc6551c30140 (name=sha256:378df7e727367b6db7ba3d746b3a05970497c6dbcc952bfdd0b0fc6551c30140)
2021-06-29T03:22:58.266431144Z image tag sha256:378df7e727367b6db7ba3d746b3a05970497c6dbcc952bfdd0b0fc6551c30140 (name=aws_beanstalk/current-app:latest)
2021-06-29T03:22:58.361482977Z image tag sha256:6a353e22ce0146377bf23a2430c14dd1e75d2de6f56463e99fea573dc63f73e2 (name=node:14.16)
2021-06-29T03:26:05.119250472Z image tag sha256:378df7e727367b6db7ba3d746b3a05970497c6dbcc952bfdd0b0fc6551c30140 (name=aws_beanstalk/current-app:latest)
2021-06-29T03:26:05.166960207Z image tag sha256:6a353e22ce0146377bf23a2430c14dd1e75d2de6f56463e99fea573dc63f73e2 (name=node:14.16)
2021-06-29T03:26:06.686923413Z image pull node:14.16 (name=node)
2021-06-29T03:26:08.026727705Z image tag sha256:378df7e727367b6db7ba3d746b3a05970497c6dbcc952bfdd0b0fc6551c30140 (name=aws_beanstalk/staging-app:latest)
2021-06-29T03:26:15.866703452Z container kill 728aa8b84f952f5046eef0479369f86810a36cb53995404cbc5ec7173e762bef (image=378df7e72736, name=beautiful_cori, signal=15)
2021-06-29T03:26:15.886397516Z container die 728aa8b84f952f5046eef0479369f86810a36cb53995404cbc5ec7173e762bef (exitCode=0, image=378df7e72736, name=beautiful_cori)
2021-06-29T03:26:15.953708877Z network disconnect 15783a8ee05c776ddd7fa2f607c33cfd05ceeb5def230c64f65ce8d64d70a041 (container=728aa8b84f952f5046eef0479369f86810a36cb53995404cbc5ec7173e762bef, name=bridge, type=bridge)
2021-06-29T03:26:15.965857429Z container stop 728aa8b84f952f5046eef0479369f86810a36cb53995404cbc5ec7173e762bef (image=378df7e72736, name=beautiful_cori)
2021-06-29T03:26:16.429865601Z container destroy 728aa8b84f952f5046eef0479369f86810a36cb53995404cbc5ec7173e762bef (image=378df7e72736, name=beautiful_cori)
2021-06-29T03:26:16.429894175Z container prune  (reclaimed=55)
2021-06-29T03:26:16.473029881Z image untag sha256:378df7e727367b6db7ba3d746b3a05970497c6dbcc952bfdd0b0fc6551c30140 (name=sha256:378df7e727367b6db7ba3d746b3a05970497c6dbcc952bfdd0b0fc6551c30140)
2021-06-29T03:26:16.562700670Z container create 19ce5f40f63b1511351d35a9ebdd778d85b2c54ff88359579c7c84bd4b0ac37e (image=378df7e72736, name=vigorous_ganguly)
2021-06-29T03:26:16.642761420Z network connect 15783a8ee05c776ddd7fa2f607c33cfd05ceeb5def230c64f65ce8d64d70a041 (container=19ce5f40f63b1511351d35a9ebdd778d85b2c54ff88359579c7c84bd4b0ac37e, name=bridge, type=bridge)
2021-06-29T03:26:17.194302967Z container start 19ce5f40f63b1511351d35a9ebdd778d85b2c54ff88359579c7c84bd4b0ac37e (image=378df7e72736, name=vigorous_ganguly)
2021-06-29T03:26:22.650873405Z image tag sha256:378df7e727367b6db7ba3d746b3a05970497c6dbcc952bfdd0b0fc6551c30140 (name=aws_beanstalk/current-app:latest)
2021-06-29T03:26:22.691556666Z image untag sha256:378df7e727367b6db7ba3d746b3a05970497c6dbcc952bfdd0b0fc6551c30140 (name=sha256:378df7e727367b6db7ba3d746b3a05970497c6dbcc952bfdd0b0fc6551c30140)
2021-06-29T03:26:23.710635986Z image tag sha256:378df7e727367b6db7ba3d746b3a05970497c6dbcc952bfdd0b0fc6551c30140 (name=aws_beanstalk/current-app:latest)
2021-06-29T03:26:23.788517168Z image tag sha256:6a353e22ce0146377bf23a2430c14dd1e75d2de6f56463e99fea573dc63f73e2 (name=node:14.16)
