[2021-06-11T14:06:10Z] Started EB User Data
+ SLEEP_TIME=10
+ SLEEP_TIME_MAX=3600
+ true
+ curl https://elasticbeanstalk-platform-assets-us-east-1.s3.amazonaws.com/stalks/eb_docker_amazon_linux_2_1.0.1435.0_20210528180907/lib/UserDataScript.sh
  % Total    % Received % Xferd  Average Speed   Time    Time     Time  Current
                                 Dload  Upload   Total   Spent    Left  Speed
  0     0    0     0    0     0      0      0 --:--:-- --:--:-- --:--:--     0100  4635  100  4635    0     0  58670      0 --:--:-- --:--:-- --:--:-- 58670
+ RESULT=0
+ [[ 0 -ne 0 ]]
+ SLEEP_TIME=2
+ /bin/bash /tmp/ebbootstrap.sh 'https://cloudformation-waitcondition-us-east-1.s3.amazonaws.com/arn%3Aaws%3Acloudformation%3Aus-east-1%3A718795813953%3Astack/awseb-e-emhnxc6vv3-stack/02cba6b0-cabe-11eb-b271-0a0703eab8ad/AWSEBInstanceLaunchWaitHandle?X-Amz-Algorithm=AWS4-HMAC-SHA256&X-Amz-Date=20210611T140508Z&X-Amz-SignedHeaders=host&X-Amz-Expires=86399&X-Amz-Credential=AKIAIIT3CWAIMJYUTISA%2F20210611%2Fus-east-1%2Fs3%2Faws4_request&X-Amz-Signature=f13e5a6cb1fe315a969bec3a2db86523c1657599ebecd42b54696b59516f6df6' arn:aws:cloudformation:us-east-1:718795813953:stack/awseb-e-emhnxc6vv3-stack/02cba6b0-cabe-11eb-b271-0a0703eab8ad a8dcdeb3-4ff1-46c8-9a66-627836981f89 https://elasticbeanstalk-health.us-east-1.amazonaws.com '' https://elasticbeanstalk-platform-assets-us-east-1.s3.amazonaws.com/stalks/eb_docker_amazon_linux_2_1.0.1435.0_20210528180907 us-east-1
[2021-06-11T14:06:10.904Z] Started EB Bootstrapping Script.
[2021-06-11T14:06:10.924Z] Received parameters:
 TARBALLS = 
 EB_GEMS = 
 SIGNAL_URL = https://cloudformation-waitcondition-us-east-1.s3.amazonaws.com/arn%3Aaws%3Acloudformation%3Aus-east-1%3A718795813953%3Astack/awseb-e-emhnxc6vv3-stack/02cba6b0-cabe-11eb-b271-0a0703eab8ad/AWSEBInstanceLaunchWaitHandle?X-Amz-Algorithm=AWS4-HMAC-SHA256&X-Amz-Date=20210611T140508Z&X-Amz-SignedHeaders=host&X-Amz-Expires=86399&X-Amz-Credential=AKIAIIT3CWAIMJYUTISA%2F20210611%2Fus-east-1%2Fs3%2Faws4_request&X-Amz-Signature=f13e5a6cb1fe315a969bec3a2db86523c1657599ebecd42b54696b59516f6df6
 STACK_ID = arn:aws:cloudformation:us-east-1:718795813953:stack/awseb-e-emhnxc6vv3-stack/02cba6b0-cabe-11eb-b271-0a0703eab8ad
 REGION = us-east-1
 GUID = 
 HEALTHD_GROUP_ID = a8dcdeb3-4ff1-46c8-9a66-627836981f89
 HEALTHD_ENDPOINT = https://elasticbeanstalk-health.us-east-1.amazonaws.com
 PROXY_SERVER = 
 HEALTHD_PROXY_LOG_LOCATION = 
 PLATFORM_ASSETS_URL = https://elasticbeanstalk-platform-assets-us-east-1.s3.amazonaws.com/stalks/eb_docker_amazon_linux_2_1.0.1435.0_20210528180907
[2021-06-11T14:06:11.998Z] engine url is set to https://elasticbeanstalk-platform-assets-us-east-1.s3.amazonaws.com/stalks/eb_docker_amazon_linux_2_1.0.1435.0_20210528180907/lib/platform-engine.zip
[2021-06-11T14:06:11.064Z] first init of instance.
[2021-06-11T14:06:11.078Z] Started executing cfn_init _OnInstanceBoot.
[2021-06-11T14:06:11.089Z] Running cfn-init ConfigSet: _OnInstanceBoot.
[2021-06-11T14:06:11.108Z] Using stack-id from userdata
[2021-06-11T14:06:11.862Z] Command Returned: 
[2021-06-11T14:06:11.870Z] Completed executing cfn_init.
[2021-06-11T14:06:11.880Z] finished _OnInstanceBoot
--2021-06-11 14:06:11--  https://elasticbeanstalk-platform-assets-us-east-1.s3.amazonaws.com/stalks/eb_docker_amazon_linux_2_1.0.1435.0_20210528180907/lib/platform-engine.zip
Resolving elasticbeanstalk-platform-assets-us-east-1.s3.amazonaws.com (elasticbeanstalk-platform-assets-us-east-1.s3.amazonaws.com)... 52.217.91.36
Connecting to elasticbeanstalk-platform-assets-us-east-1.s3.amazonaws.com (elasticbeanstalk-platform-assets-us-east-1.s3.amazonaws.com)|52.217.91.36|:443... connected.
HTTP request sent, awaiting response... 200 OK
Length: 27064811 (26M) [application/zip]
Saving to: ‘/tmp/platform-engine.zip’

     0K .......... .......... .......... .......... ..........  0% 6.59M 4s
    50K .......... .......... .......... .......... ..........  0% 6.59M 4s
   100K .......... .......... .......... .......... ..........  0%  182M 3s
   150K .......... .......... .......... .......... ..........  0% 7.99M 3s
   200K .......... .......... .......... .......... ..........  0%  111M 2s
   250K .......... .......... .......... .......... ..........  1%  256M 2s
   300K .......... .......... .......... .......... ..........  1%  258M 2s
   350K .......... .......... .......... .......... ..........  1%  260M 1s
   400K .......... .......... .......... .......... ..........  1%  176M 1s
   450K .......... .......... .......... .......... ..........  1%  182M 1s
   500K .......... .......... .......... .......... ..........  2% 57.0M 1s
   550K .......... .......... .......... .......... ..........  2%  209M 1s
   600K .......... .......... .......... .......... ..........  2%  192M 1s
   650K .......... .......... .......... .......... ..........  2% 86.7M 1s
   700K .......... .......... .......... .......... ..........  2% 85.9M 1s
   750K .......... .......... .......... .......... ..........  3% 89.5M 1s
   800K .......... .......... .......... .......... ..........  3% 69.7M 1s
   850K .......... .......... .......... .......... ..........  3% 91.8M 1s
   900K .......... .......... .......... .......... ..........  3% 17.6M 1s
   950K .......... .......... .......... .......... ..........  3%  109M 1s
  1000K .......... .......... .......... .......... ..........  3% 91.7M 1s
  1050K .......... .......... .......... .......... ..........  4% 68.2M 1s
  1100K .......... .......... .......... .......... ..........  4% 92.3M 1s
  1150K .......... .......... .......... .......... ..........  4% 80.9M 1s
  1200K .......... .......... .......... .......... ..........  4% 2.38M 1s
  1250K .......... .......... .......... .......... ..........  4%  106M 1s
  1300K .......... .......... .......... .......... ..........  5% 92.0M 1s
  1350K .......... .......... .......... .......... ..........  5% 75.0M 1s
  1400K .......... .......... .......... .......... ..........  5%  108M 1s
  1450K .......... .......... .......... .......... ..........  5%  111M 1s
  1500K .......... .......... .......... .......... ..........  5%  103M 1s
  1550K .......... .......... .......... .......... ..........  6% 95.7M 1s
  1600K .......... .......... .......... .......... ..........  6% 97.7M 1s
  1650K .......... .......... .......... .......... ..........  6% 76.2M 1s
  1700K .......... .......... .......... .......... ..........  6% 87.7M 1s
  1750K .......... .......... .......... .......... ..........  6%  119M 1s
  1800K .......... .......... .......... .......... ..........  6%  107M 1s
  1850K .......... .......... .......... .......... ..........  7%  110M 1s
  1900K .......... .......... .......... .......... ..........  7% 82.6M 1s
  1950K .......... .......... .......... .......... ..........  7% 94.4M 1s
  2000K .......... .......... .......... .......... ..........  7% 73.3M 1s
  2050K .......... .......... .......... .......... ..........  7%  105M 1s
  2100K .......... .......... .......... .......... ..........  8%  104M 1s
  2150K .......... .......... .......... .......... ..........  8%  105M 1s
  2200K .......... .......... .......... .......... ..........  8% 81.0M 1s
  2250K .......... .......... .......... .......... ..........  8% 75.9M 1s
  2300K .......... .......... .......... .......... ..........  8%  101M 1s
  2350K .......... .......... .......... .......... ..........  9%  106M 1s
  2400K .......... .......... .......... .......... ..........  9% 95.8M 1s
  2450K .......... .......... .......... .......... ..........  9% 83.6M 1s
  2500K .......... .......... .......... .......... ..........  9% 81.3M 1s
  2550K .......... .......... .......... .......... ..........  9%  116M 1s
  2600K .......... .......... .......... .......... .......... 10%  122M 1s
  2650K .......... .......... .......... .......... .......... 10%  104M 1s
  2700K .......... .......... .......... .......... .......... 10%  101M 1s
  2750K .......... .......... .......... .......... .......... 10% 72.6M 1s
  2800K .......... .......... .......... .......... .......... 10% 91.0M 1s
  2850K .......... .......... .......... .......... .......... 10% 88.1M 1s
  2900K .......... .......... .......... .......... .......... 11%  112M 1s
  2950K .......... .......... .......... .......... .......... 11%  107M 1s
  3000K .......... .......... .......... .......... .......... 11%  114M 1s
  3050K .......... .......... .......... .......... .......... 11% 78.7M 1s
  3100K .......... .......... .......... .......... .......... 11% 79.5M 1s
  3150K .......... .......... .......... .......... .......... 12% 79.5M 1s
  3200K .......... .......... .......... .......... .......... 12%  110M 1s
  3250K .......... .......... .......... .......... .......... 12%  109M 1s
  3300K .......... .......... .......... .......... .......... 12%  110M 1s
  3350K .......... .......... .......... .......... .......... 12% 96.8M 1s
  3400K .......... .......... .......... .......... .......... 13%  103M 1s
  3450K .......... .......... .......... .......... .......... 13% 80.3M 1s
  3500K .......... .......... .......... .......... .......... 13% 84.7M 0s
  3550K .......... .......... .......... .......... .......... 13% 91.4M 0s
  3600K .......... .......... .......... .......... .......... 13%  111M 0s
  3650K .......... .......... .......... .......... .......... 13%  105M 0s
  3700K .......... .......... .......... .......... .......... 14%  103M 0s
  3750K .......... .......... .......... .......... .......... 14% 74.9M 0s
  3800K .......... .......... .......... .......... .......... 14% 70.3M 0s
  3850K .......... .......... .......... .......... .......... 14%  120M 0s
  3900K .......... .......... .......... .......... .......... 14%  111M 0s
  3950K .......... .......... .......... .......... .......... 15%  103M 0s
  4000K .......... .......... .......... .......... .......... 15%  108M 0s
  4050K .......... .......... .......... .......... .......... 15% 82.1M 0s
  4100K .......... .......... .......... .......... .......... 15% 69.4M 0s
  4150K .......... .......... .......... .......... .......... 15%  108M 0s
  4200K .......... .......... .......... .......... .......... 16% 88.1M 0s
  4250K .......... .......... .......... .......... .......... 16%  117M 0s
  4300K .......... .......... .......... .......... .......... 16%  122M 0s
  4350K .......... .......... .......... .......... .......... 16%  110M 0s
  4400K .......... .......... .......... .......... .......... 16% 71.6M 0s
  4450K .......... .......... .......... .......... .......... 17% 74.5M 0s
  4500K .......... .......... .......... .......... .......... 17%  101M 0s
  4550K .......... .......... .......... .......... .......... 17%  110M 0s
  4600K .......... .......... .......... .......... .......... 17% 4.86M 0s
  4650K .......... .......... .......... .......... .......... 17% 97.7M 0s
  4700K .......... .......... .......... .......... .......... 17%  116M 0s
  4750K .......... .......... .......... .......... .......... 18% 89.2M 0s
  4800K .......... .......... .......... .......... .......... 18%  107M 0s
  4850K .......... .......... .......... .......... .......... 18%  103M 0s
  4900K .......... .......... .......... .......... .......... 18%  106M 0s
  4950K .......... .......... .......... .......... .......... 18% 65.2M 0s
  5000K .......... .......... .......... .......... .......... 19%  108M 0s
  5050K .......... .......... .......... .......... .......... 19% 94.1M 0s
  5100K .......... .......... .......... .......... .......... 19% 87.5M 0s
  5150K .......... .......... .......... .......... .......... 19% 84.8M 0s
  5200K .......... .......... .......... .......... .......... 19%  103M 0s
  5250K .......... .......... .......... .......... .......... 20% 96.3M 0s
  5300K .......... .......... .......... .......... .......... 20%  104M 0s
  5350K .......... .......... .......... .......... .......... 20%  101M 0s
  5400K .......... .......... .......... .......... .......... 20%  104M 0s
  5450K .......... .......... .......... .......... .......... 20%  106M 0s
  5500K .......... .......... .......... .......... .......... 20%  104M 0s
  5550K .......... .......... .......... .......... .......... 21%  123M 0s
  5600K .......... .......... .......... .......... .......... 21% 97.1M 0s
  5650K .......... .......... .......... .......... .......... 21% 89.3M 0s
  5700K .......... .......... .......... .......... .......... 21% 81.3M 0s
  5750K .......... .......... .......... .......... .......... 21% 84.6M 0s
  5800K .......... .......... .......... .......... .......... 22% 87.2M 0s
  5850K .......... .......... .......... .......... .......... 22% 79.2M 0s
  5900K .......... .......... .......... .......... .......... 22% 73.3M 0s
  5950K .......... .......... .......... .......... .......... 22% 84.6M 0s
  6000K .......... .......... .......... .......... .......... 22% 96.5M 0s
  6050K .......... .......... .......... .......... .......... 23% 94.7M 0s
  6100K .......... .......... .......... .......... .......... 23% 6.36M 0s
  6150K .......... .......... .......... .......... .......... 23%  102M 0s
  6200K .......... .......... .......... .......... .......... 23%  112M 0s
  6250K .......... .......... .......... .......... .......... 23% 83.4M 0s
  6300K .......... .......... .......... .......... .......... 24% 85.2M 0s
  6350K .......... .......... .......... .......... .......... 24% 84.9M 0s
  6400K .......... .......... .......... .......... .......... 24% 33.4M 0s
  6450K .......... .......... .......... .......... .......... 24%  112M 0s
  6500K .......... .......... .......... .......... .......... 24%  102M 0s
  6550K .......... .......... .......... .......... .......... 24% 73.8M 0s
  6600K .......... .......... .......... .......... .......... 25% 82.1M 0s
  6650K .......... .......... .......... .......... .......... 25% 73.5M 0s
  6700K .......... .......... .......... .......... .......... 25% 81.3M 0s
  6750K .......... .......... .......... .......... .......... 25% 70.1M 0s
  6800K .......... .......... .......... .......... .......... 25% 99.4M 0s
  6850K .......... .......... .......... .......... .......... 26% 76.2M 0s
  6900K .......... .......... .......... .......... .......... 26% 85.8M 0s
  6950K .......... .......... .......... .......... .......... 26% 71.7M 0s
  7000K .......... .......... .......... .......... .......... 26%  110M 0s
  7050K .......... .......... .......... .......... .......... 26% 5.99M 0s
  7100K .......... .......... .......... .......... .......... 27%  100M 0s
  7150K .......... .......... .......... .......... .......... 27% 69.1M 0s
  7200K .......... .......... .......... .......... .......... 27% 83.2M 0s
  7250K .......... .......... .......... .......... .......... 27% 89.6M 0s
  7300K .......... .......... .......... .......... .......... 27% 83.8M 0s
  7350K .......... .......... .......... .......... .......... 27% 34.1M 0s
  7400K .......... .......... .......... .......... .......... 28%  108M 0s
  7450K .......... .......... .......... .......... .......... 28% 92.3M 0s
  7500K .......... .......... .......... .......... .......... 28% 83.4M 0s
  7550K .......... .......... .......... .......... .......... 28% 88.3M 0s
  7600K .......... .......... .......... .......... .......... 28% 78.7M 0s
  7650K .......... .......... .......... .......... .......... 29% 93.1M 0s
  7700K .......... .......... .......... .......... .......... 29% 96.7M 0s
  7750K .......... .......... .......... .......... .......... 29% 92.9M 0s
  7800K .......... .......... .......... .......... .......... 29% 34.3M 0s
  7850K .......... .......... .......... .......... .......... 29%  117M 0s
  7900K .......... .......... .......... .......... .......... 30% 4.28M 0s
  7950K .......... .......... .......... .......... .......... 30%  109M 0s
  8000K .......... .......... .......... .......... .......... 30% 88.5M 0s
  8050K .......... .......... .......... .......... .......... 30% 29.9M 0s
  8100K .......... .......... .......... .......... .......... 30%  128M 0s
  8150K .......... .......... .......... .......... .......... 31% 74.2M 0s
  8200K .......... .......... .......... .......... .......... 31% 88.0M 0s
  8250K .......... .......... .......... .......... .......... 31% 98.8M 0s
  8300K .......... .......... .......... .......... .......... 31% 40.1M 0s
  8350K .......... .......... .......... .......... .......... 31%  113M 0s
  8400K .......... .......... .......... .......... .......... 31% 78.7M 0s
  8450K .......... .......... .......... .......... .......... 32% 87.5M 0s
  8500K .......... .......... .......... .......... .......... 32% 41.7M 0s
  8550K .......... .......... .......... .......... .......... 32%  131M 0s
  8600K .......... .......... .......... .......... .......... 32% 90.5M 0s
  8650K .......... .......... .......... .......... .......... 32% 37.0M 0s
  8700K .......... .......... .......... .......... .......... 33%  115M 0s
  8750K .......... .......... .......... .......... .......... 33% 99.3M 0s
  8800K .......... .......... .......... .......... .......... 33% 39.9M 0s
  8850K .......... .......... .......... .......... .......... 33%  113M 0s
  8900K .......... .......... .......... .......... .......... 33%  110M 0s
  8950K .......... .......... .......... .......... .......... 34% 84.6M 0s
  9000K .......... .......... .......... .......... .......... 34% 98.0M 0s
  9050K .......... .......... .......... .......... .......... 34% 3.18M 0s
  9100K .......... .......... .......... .......... .......... 34%  105M 0s
  9150K .......... .......... .......... .......... .......... 34%  108M 0s
  9200K .......... .......... .......... .......... .......... 34%  109M 0s
  9250K .......... .......... .......... .......... .......... 35%  102M 0s
  9300K .......... .......... .......... .......... .......... 35% 87.7M 0s
  9350K .......... .......... .......... .......... .......... 35% 85.6M 0s
  9400K .......... .......... .......... .......... .......... 35%  130M 0s
  9450K .......... .......... .......... .......... .......... 35%  113M 0s
  9500K .......... .......... .......... .......... .......... 36%  105M 0s
  9550K .......... .......... .......... .......... .......... 36%  113M 0s
  9600K .......... .......... .......... .......... .......... 36%  116M 0s
  9650K .......... .......... .......... .......... .......... 36%  116M 0s
  9700K .......... .......... .......... .......... .......... 36%  114M 0s
  9750K .......... .......... .......... .......... .......... 37%  116M 0s
  9800K .......... .......... .......... .......... .......... 37%  125M 0s
  9850K .......... .......... .......... .......... .......... 37%  112M 0s
  9900K .......... .......... .......... .......... .......... 37% 84.3M 0s
  9950K .......... .......... .......... .......... .......... 37% 31.9M 0s
 10000K .......... .......... .......... .......... .......... 38%  115M 0s
 10050K .......... .......... .......... .......... .......... 38% 96.3M 0s
 10100K .......... .......... .......... .......... .......... 38% 98.9M 0s
 10150K .......... .......... .......... .......... .......... 38% 89.8M 0s
 10200K .......... .......... .......... .......... .......... 38% 99.1M 0s
 10250K .......... .......... .......... .......... .......... 38% 82.6M 0s
 10300K .......... .......... .......... .......... .......... 39% 43.8M 0s
 10350K .......... .......... .......... .......... .......... 39%  116M 0s
 10400K .......... .......... .......... .......... .......... 39% 97.4M 0s
 10450K .......... .......... .......... .......... .......... 39% 40.0M 0s
 10500K .......... .......... .......... .......... .......... 39%  109M 0s
 10550K .......... .......... .......... .......... .......... 40% 86.6M 0s
 10600K .......... .......... .......... .......... .......... 40% 95.0M 0s
 10650K .......... .......... .......... .......... .......... 40%  122M 0s
 10700K .......... .......... .......... .......... .......... 40% 43.2M 0s
 10750K .......... .......... .......... .......... .......... 40%  116M 0s
 10800K .......... .......... .......... .......... .......... 41% 99.9M 0s
 10850K .......... .......... .......... .......... .......... 41% 83.2M 0s
 10900K .......... .......... .......... .......... .......... 41%  108M 0s
 10950K .......... .......... .......... .......... .......... 41% 46.0M 0s
 11000K .......... .......... .......... .......... .......... 41%  116M 0s
 11050K .......... .......... .......... .......... .......... 41%  101M 0s
 11100K .......... .......... .......... .......... .......... 42%  133M 0s
 11150K .......... .......... .......... .......... .......... 42% 93.4M 0s
 11200K .......... .......... .......... .......... .......... 42% 99.3M 0s
 11250K .......... .......... .......... .......... .......... 42% 5.69M 0s
 11300K .......... .......... .......... .......... .......... 42%  112M 0s
 11350K .......... .......... .......... .......... .......... 43%  114M 0s
 11400K .......... .......... .......... .......... .......... 43% 96.4M 0s
 11450K .......... .......... .......... .......... .......... 43% 94.9M 0s
 11500K .......... .......... .......... .......... .......... 43%  100M 0s
 11550K .......... .......... .......... .......... .......... 43% 38.2M 0s
 11600K .......... .......... .......... .......... .......... 44%  116M 0s
 11650K .......... .......... .......... .......... .......... 44% 85.7M 0s
 11700K .......... .......... .......... .......... .......... 44%  102M 0s
 11750K .......... .......... .......... .......... .......... 44% 87.1M 0s
 11800K .......... .......... .......... .......... .......... 44% 45.0M 0s
 11850K .......... .......... .......... .......... .......... 45%  115M 0s
 11900K .......... .......... .......... .......... .......... 45% 91.8M 0s
 11950K .......... .......... .......... .......... .......... 45% 98.8M 0s
 12000K .......... .......... .......... .......... .......... 45% 46.0M 0s
 12050K .......... .......... .......... .......... .......... 45%  117M 0s
 12100K .......... .......... .......... .......... .......... 45% 88.6M 0s
 12150K .......... .......... .......... .......... .......... 46%  110M 0s
 12200K .......... .......... .......... .......... .......... 46% 90.2M 0s
 12250K .......... .......... .......... .......... .......... 46%  102M 0s
 12300K .......... .......... .......... .......... .......... 46%  116M 0s
 12350K .......... .......... .......... .......... .......... 46% 7.70M 0s
 12400K .......... .......... .......... .......... .......... 47%  116M 0s
 12450K .......... .......... .......... .......... .......... 47%  116M 0s
 12500K .......... .......... .......... .......... .......... 47%  106M 0s
 12550K .......... .......... .......... .......... .......... 47%  112M 0s
 12600K .......... .......... .......... .......... .......... 47%  113M 0s
 12650K .......... .......... .......... .......... .......... 48%  115M 0s
 12700K .......... .......... .......... .......... .......... 48% 79.0M 0s
 12750K .......... .......... .......... .......... .......... 48%  112M 0s
 12800K .......... .......... .......... .......... .......... 48%  100M 0s
 12850K .......... .......... .......... .......... .......... 48%  115M 0s
 12900K .......... .......... .......... .......... .......... 48%  111M 0s
 12950K .......... .......... .......... .......... .......... 49%  110M 0s
 13000K .......... .......... .......... .......... .......... 49%  115M 0s
 13050K .......... .......... .......... .......... .......... 49%  115M 0s
 13100K .......... .......... .......... .......... .......... 49%  116M 0s
 13150K .......... .......... .......... .......... .......... 49%  114M 0s
 13200K .......... .......... .......... .......... .......... 50%  128M 0s
 13250K .......... .......... .......... .......... .......... 50%  115M 0s
 13300K .......... .......... .......... .......... .......... 50%  113M 0s
 13350K .......... .......... .......... .......... .......... 50%  109M 0s
 13400K .......... .......... .......... .......... .......... 50% 97.4M 0s
 13450K .......... .......... .......... .......... .......... 51% 78.4M 0s
 13500K .......... .......... .......... .......... .......... 51% 30.0M 0s
 13550K .......... .......... .......... .......... .......... 51% 8.61M 0s
 13600K .......... .......... .......... .......... .......... 51% 98.5M 0s
 13650K .......... .......... .......... .......... .......... 51% 5.59M 0s
 13700K .......... .......... .......... .......... .......... 52%  105M 0s
 13750K .......... .......... .......... .......... .......... 52%  115M 0s
 13800K .......... .......... .......... .......... .......... 52% 93.6M 0s
 13850K .......... .......... .......... .......... .......... 52%  116M 0s
 13900K .......... .......... .......... .......... .......... 52% 87.7M 0s
 13950K .......... .......... .......... .......... .......... 52% 94.4M 0s
 14000K .......... .......... .......... .......... .......... 53% 92.7M 0s
 14050K .......... .......... .......... .......... .......... 53% 44.7M 0s
 14100K .......... .......... .......... .......... .......... 53%  117M 0s
 14150K .......... .......... .......... .......... .......... 53% 93.5M 0s
 14200K .......... .......... .......... .......... .......... 53% 87.9M 0s
 14250K .......... .......... .......... .......... .......... 54% 79.0M 0s
 14300K .......... .......... .......... .......... .......... 54% 47.2M 0s
 14350K .......... .......... .......... .......... .......... 54%  101M 0s
 14400K .......... .......... .......... .......... .......... 54% 82.1M 0s
 14450K .......... .......... .......... .......... .......... 54% 4.70M 0s
 14500K .......... .......... .......... .......... .......... 55%  126M 0s
 14550K .......... .......... .......... .......... .......... 55%  114M 0s
 14600K .......... .......... .......... .......... .......... 55%  101M 0s
 14650K .......... .......... .......... .......... .......... 55% 98.3M 0s
 14700K .......... .......... .......... .......... .......... 55% 98.2M 0s
 14750K .......... .......... .......... .......... .......... 55% 98.1M 0s
 14800K .......... .......... .......... .......... .......... 56%  111M 0s
 14850K .......... .......... .......... .......... .......... 56%  108M 0s
 14900K .......... .......... .......... .......... .......... 56%  132M 0s
 14950K .......... .......... .......... .......... .......... 56%  114M 0s
 15000K .......... .......... .......... .......... .......... 56%  115M 0s
 15050K .......... .......... .......... .......... .......... 57%  114M 0s
 15100K .......... .......... .......... .......... .......... 57%  101M 0s
 15150K .......... .......... .......... .......... .......... 57% 84.4M 0s
 15200K .......... .......... .......... .......... .......... 57% 87.2M 0s
 15250K .......... .......... .......... .......... .......... 57%  104M 0s
 15300K .......... .......... .......... .......... .......... 58%  117M 0s
 15350K .......... .......... .......... .......... .......... 58%  129M 0s
 15400K .......... .......... .......... .......... .......... 58%  116M 0s
 15450K .......... .......... .......... .......... .......... 58%  116M 0s
 15500K .......... .......... .......... .......... .......... 58%  114M 0s
 15550K .......... .......... .......... .......... .......... 59%  115M 0s
 15600K .......... .......... .......... .......... .......... 59%  116M 0s
 15650K .......... .......... .......... .......... .......... 59%  114M 0s
 15700K .......... .......... .......... .......... .......... 59%  108M 0s
 15750K .......... .......... .......... .......... .......... 59%  125M 0s
 15800K .......... .......... .......... .......... .......... 59%  104M 0s
 15850K .......... .......... .......... .......... .......... 60% 78.8M 0s
 15900K .......... .......... .......... .......... .......... 60% 36.2M 0s
 15950K .......... .......... .......... .......... .......... 60%  116M 0s
 16000K .......... .......... .......... .......... .......... 60% 94.6M 0s
 16050K .......... .......... .......... .......... .......... 60% 6.65M 0s
 16100K .......... .......... .......... .......... .......... 61%  115M 0s
 16150K .......... .......... .......... .......... .......... 61%  114M 0s
 16200K .......... .......... .......... .......... .......... 61% 41.9M 0s
 16250K .......... .......... .......... .......... .......... 61%  116M 0s
 16300K .......... .......... .......... .......... .......... 61% 95.0M 0s
 16350K .......... .......... .......... .......... .......... 62% 70.3M 0s
 16400K .......... .......... .......... .......... .......... 62% 45.3M 0s
 16450K .......... .......... .......... .......... .......... 62%  103M 0s
 16500K .......... .......... .......... .......... .......... 62% 86.4M 0s
 16550K .......... .......... .......... .......... .......... 62% 38.6M 0s
 16600K .......... .......... .......... .......... .......... 62%  130M 0s
 16650K .......... .......... .......... .......... .......... 63% 93.6M 0s
 16700K .......... .......... .......... .......... .......... 63%  112M 0s
 16750K .......... .......... .......... .......... .......... 63%  104M 0s
 16800K .......... .......... .......... .......... .......... 63% 75.3M 0s
 16850K .......... .......... .......... .......... .......... 63%  110M 0s
 16900K .......... .......... .......... .......... .......... 64% 95.5M 0s
 16950K .......... .......... .......... .......... .......... 64% 45.3M 0s
 17000K .......... .......... .......... .......... .......... 64% 6.01M 0s
 17050K .......... .......... .......... .......... .......... 64%  121M 0s
 17100K .......... .......... .......... .......... .......... 64%  111M 0s
 17150K .......... .......... .......... .......... .......... 65% 89.2M 0s
 17200K .......... .......... .......... .......... .......... 65%  108M 0s
 17250K .......... .......... .......... .......... .......... 65%  114M 0s
 17300K .......... .......... .......... .......... .......... 65%  115M 0s
 17350K .......... .......... .......... .......... .......... 65%  115M 0s
 17400K .......... .......... .......... .......... .......... 66%  115M 0s
 17450K .......... .......... .......... .......... .......... 66%  127M 0s
 17500K .......... .......... .......... .......... .......... 66%  116M 0s
 17550K .......... .......... .......... .......... .......... 66%  116M 0s
 17600K .......... .......... .......... .......... .......... 66%  110M 0s
 17650K .......... .......... .......... .......... .......... 66%  106M 0s
 17700K .......... .......... .......... .......... .......... 67%  100M 0s
 17750K .......... .......... .......... .......... .......... 67% 79.3M 0s
 17800K .......... .......... .......... .......... .......... 67% 32.6M 0s
 17850K .......... .......... .......... .......... .......... 67%  123M 0s
 17900K .......... .......... .......... .......... .......... 67%  131M 0s
 17950K .......... .......... .......... .......... .......... 68% 78.0M 0s
 18000K .......... .......... .......... .......... .......... 68%  110M 0s
 18050K .......... .......... .......... .......... .......... 68% 80.2M 0s
 18100K .......... .......... .......... .......... .......... 68% 92.6M 0s
 18150K .......... .......... .......... .......... .......... 68% 3.36M 0s
 18200K .......... .......... .......... .......... .......... 69%  114M 0s
 18250K .......... .......... .......... .......... .......... 69%  112M 0s
 18300K .......... .......... .......... .......... .......... 69%  101M 0s
 18350K .......... .......... .......... .......... .......... 69% 89.3M 0s
 18400K .......... .......... .......... .......... .......... 69% 39.3M 0s
 18450K .......... .......... .......... .......... .......... 69%  108M 0s
 18500K .......... .......... .......... .......... .......... 70%  102M 0s
 18550K .......... .......... .......... .......... .......... 70%  113M 0s
 18600K .......... .......... .......... .......... .......... 70% 92.5M 0s
 18650K .......... .......... .......... .......... .......... 70%  115M 0s
 18700K .......... .......... .......... .......... .......... 70% 94.2M 0s
 18750K .......... .......... .......... .......... .......... 71%  113M 0s
 18800K .......... .......... .......... .......... .......... 71%  101M 0s
 18850K .......... .......... .......... .......... .......... 71% 88.3M 0s
 18900K .......... .......... .......... .......... .......... 71%  102M 0s
 18950K .......... .......... .......... .......... .......... 71% 87.4M 0s
 19000K .......... .......... .......... .......... .......... 72%  115M 0s
 19050K .......... .......... .......... .......... .......... 72%  115M 0s
 19100K .......... .......... .......... .......... .......... 72%  116M 0s
 19150K .......... .......... .......... .......... .......... 72%  131M 0s
 19200K .......... .......... .......... .......... .......... 72%  116M 0s
 19250K .......... .......... .......... .......... .......... 73%  114M 0s
 19300K .......... .......... .......... .......... .......... 73%  112M 0s
 19350K .......... .......... .......... .......... .......... 73%  110M 0s
 19400K .......... .......... .......... .......... .......... 73%  116M 0s
 19450K .......... .......... .......... .......... .......... 73%  112M 0s
 19500K .......... .......... .......... .......... .......... 73%  116M 0s
 19550K .......... .......... .......... .......... .......... 74%  118M 0s
 19600K .......... .......... .......... .......... .......... 74%  132M 0s
 19650K .......... .......... .......... .......... .......... 74% 95.5M 0s
 19700K .......... .......... .......... .......... .......... 74% 91.3M 0s
 19750K .......... .......... .......... .......... .......... 74% 91.7M 0s
 19800K .......... .......... .......... .......... .......... 75%  106M 0s
 19850K .......... .......... .......... .......... .......... 75% 98.9M 0s
 19900K .......... .......... .......... .......... .......... 75% 94.2M 0s
 19950K .......... .......... .......... .......... .......... 75%  115M 0s
 20000K .......... .......... .......... .......... .......... 75%  128M 0s
 20050K .......... .......... .......... .......... .......... 76%  113M 0s
 20100K .......... .......... .......... .......... .......... 76%  115M 0s
 20150K .......... .......... .......... .......... .......... 76%  115M 0s
 20200K .......... .......... .......... .......... .......... 76%  112M 0s
 20250K .......... .......... .......... .......... .......... 76%  109M 0s
 20300K .......... .......... .......... .......... .......... 76%  110M 0s
 20350K .......... .......... .......... .......... .......... 77%  115M 0s
 20400K .......... .......... .......... .......... .......... 77% 99.7M 0s
 20450K .......... .......... .......... .......... .......... 77%  102M 0s
 20500K .......... .......... .......... .......... .......... 77% 85.0M 0s
 20550K .......... .......... .......... .......... .......... 77% 7.41M 0s
 20600K .......... .......... .......... .......... .......... 78%  111M 0s
 20650K .......... .......... .......... .......... .......... 78%  114M 0s
 20700K .......... .......... .......... .......... .......... 78%  115M 0s
 20750K .......... .......... .......... .......... .......... 78%  113M 0s
 20800K .......... .......... .......... .......... .......... 78%  109M 0s
 20850K .......... .......... .......... .......... .......... 79%  125M 0s
 20900K .......... .......... .......... .......... .......... 79%  106M 0s
 20950K .......... .......... .......... .......... .......... 79%  114M 0s
 21000K .......... .......... .......... .......... .......... 79%  113M 0s
 21050K .......... .......... .......... .......... .......... 79%  113M 0s
 21100K .......... .......... .......... .......... .......... 80%  110M 0s
 21150K .......... .......... .......... .......... .......... 80%  114M 0s
 21200K .......... .......... .......... .......... .......... 80%  101M 0s
 21250K .......... .......... .......... .......... .......... 80% 86.4M 0s
 21300K .......... .......... .......... .......... .......... 80%  109M 0s
 21350K .......... .......... .......... .......... .......... 80% 91.9M 0s
 21400K .......... .......... .......... .......... .......... 81% 94.5M 0s
 21450K .......... .......... .......... .......... .......... 81%  113M 0s
 21500K .......... .......... .......... .......... .......... 81%  114M 0s
 21550K .......... .......... .......... .......... .......... 81%  115M 0s
 21600K .......... .......... .......... .......... .......... 81% 6.08M 0s
 21650K .......... .......... .......... .......... .......... 82%  112M 0s
 21700K .......... .......... .......... .......... .......... 82%  129M 0s
 21750K .......... .......... .......... .......... .......... 82%  113M 0s
 21800K .......... .......... .......... .......... .......... 82%  112M 0s
 21850K .......... .......... .......... .......... .......... 82%  108M 0s
 21900K .......... .......... .......... .......... .......... 83%  109M 0s
 21950K .......... .......... .......... .......... .......... 83%  113M 0s
 22000K .......... .......... .......... .......... .......... 83% 84.4M 0s
 22050K .......... .......... .......... .......... .......... 83%  100M 0s
 22100K .......... .......... .......... .......... .......... 83%  117M 0s
 22150K .......... .......... .......... .......... .......... 83%  130M 0s
 22200K .......... .......... .......... .......... .......... 84%  115M 0s
 22250K .......... .......... .......... .......... .......... 84%  106M 0s
 22300K .......... .......... .......... .......... .......... 84% 89.2M 0s
 22350K .......... .......... .......... .......... .......... 84%  114M 0s
 22400K .......... .......... .......... .......... .......... 84%  113M 0s
 22450K .......... .......... .......... .......... .......... 85%  112M 0s
 22500K .......... .......... .......... .......... .......... 85%  115M 0s
 22550K .......... .......... .......... .......... .......... 85%  128M 0s
 22600K .......... .......... .......... .......... .......... 85%  115M 0s
 22650K .......... .......... .......... .......... .......... 85%  115M 0s
 22700K .......... .......... .......... .......... .......... 86%  105M 0s
 22750K .......... .......... .......... .......... .......... 86%  109M 0s
 22800K .......... .......... .......... .......... .......... 86% 5.74M 0s
 22850K .......... .......... .......... .......... .......... 86%  110M 0s
 22900K .......... .......... .......... .......... .......... 86% 92.1M 0s
 22950K .......... .......... .......... .......... .......... 87% 89.0M 0s
 23000K .......... .......... .......... .......... .......... 87%  125M 0s
 23050K .......... .......... .......... .......... .......... 87%  107M 0s
 23100K .......... .......... .......... .......... .......... 87%  106M 0s
 23150K .......... .......... .......... .......... .......... 87% 94.2M 0s
 23200K .......... .......... .......... .......... .......... 87% 77.6M 0s
 23250K .......... .......... .......... .......... .......... 88% 97.5M 0s
 23300K .......... .......... .......... .......... .......... 88% 74.1M 0s
 23350K .......... .......... .......... .......... .......... 88% 97.6M 0s
 23400K .......... .......... .......... .......... .......... 88% 91.9M 0s
 23450K .......... .......... .......... .......... .......... 88% 89.7M 0s
 23500K .......... .......... .......... .......... .......... 89% 85.5M 0s
 23550K .......... .......... .......... .......... .......... 89% 96.1M 0s
 23600K .......... .......... .......... .......... .......... 89% 99.5M 0s
 23650K .......... .......... .......... .......... .......... 89% 94.2M 0s
 23700K .......... .......... .......... .......... .......... 89% 89.1M 0s
 23750K .......... .......... .......... .......... .......... 90%  105M 0s
 23800K .......... .......... .......... .......... .......... 90% 86.2M 0s
 23850K .......... .......... .......... .......... .......... 90% 85.5M 0s
 23900K .......... .......... .......... .......... .......... 90% 86.1M 0s
 23950K .......... .......... .......... .......... .......... 90% 89.9M 0s
 24000K .......... .......... .......... .......... .......... 90%  102M 0s
 24050K .......... .......... .......... .......... .......... 91% 6.50M 0s
 24100K .......... .......... .......... .......... .......... 91%  110M 0s
 24150K .......... .......... .......... .......... .......... 91% 97.6M 0s
 24200K .......... .......... .......... .......... .......... 91% 91.5M 0s
 24250K .......... .......... .......... .......... .......... 91%  120M 0s
 24300K .......... .......... .......... .......... .......... 92% 78.0M 0s
 24350K .......... .......... .......... .......... .......... 92% 86.0M 0s
 24400K .......... .......... .......... .......... .......... 92% 78.3M 0s
 24450K .......... .......... .......... .......... .......... 92% 80.9M 0s
 24500K .......... .......... .......... .......... .......... 92%  105M 0s
 24550K .......... .......... .......... .......... .......... 93%  107M 0s
 24600K .......... .......... .......... .......... .......... 93%  107M 0s
 24650K .......... .......... .......... .......... .......... 93%  102M 0s
 24700K .......... .......... .......... .......... .......... 93% 96.0M 0s
 24750K .......... .......... .......... .......... .......... 93% 84.7M 0s
 24800K .......... .......... .......... .......... .......... 94% 85.8M 0s
 24850K .......... .......... .......... .......... .......... 94% 86.6M 0s
 24900K .......... .......... .......... .......... .......... 94%  102M 0s
 24950K .......... .......... .......... .......... .......... 94%  110M 0s
 25000K .......... .......... .......... .......... .......... 94%  105M 0s
 25050K .......... .......... .......... .......... .......... 94%  106M 0s
 25100K .......... .......... .......... .......... .......... 95%  120M 0s
 25150K .......... .......... .......... .......... .......... 95% 6.63M 0s
 25200K .......... .......... .......... .......... .......... 95%  108M 0s
 25250K .......... .......... .......... .......... .......... 95%  102M 0s
 25300K .......... .......... .......... .......... .......... 95% 99.6M 0s
 25350K .......... .......... .......... .......... .......... 96%  107M 0s
 25400K .......... .......... .......... .......... .......... 96%  108M 0s
 25450K .......... .......... .......... .......... .......... 96%  108M 0s
 25500K .......... .......... .......... .......... .......... 96%  116M 0s
 25550K .......... .......... .......... .......... .......... 96%  124M 0s
 25600K .......... .......... .......... .......... .......... 97%  108M 0s
 25650K .......... .......... .......... .......... .......... 97%  111M 0s
 25700K .......... .......... .......... .......... .......... 97%  106M 0s
 25750K .......... .......... .......... .......... .......... 97%  101M 0s
 25800K .......... .......... .......... .......... .......... 97%  114M 0s
 25850K .......... .......... .......... .......... .......... 97%  103M 0s
 25900K .......... .......... .......... .......... .......... 98%  107M 0s
 25950K .......... .......... .......... .......... .......... 98%  120M 0s
 26000K .......... .......... .......... .......... .......... 98%  108M 0s
 26050K .......... .......... .......... .......... .......... 98%  110M 0s
 26100K .......... .......... .......... .......... .......... 98%  112M 0s
 26150K .......... .......... .......... .......... .......... 99%  103M 0s
 26200K .......... .......... .......... .......... .......... 99%  105M 0s
 26250K .......... .......... .......... .......... .......... 99%  111M 0s
 26300K .......... .......... .......... .......... .......... 99%  106M 0s
 26350K .......... .......... .......... .......... .......... 99%  119M 0s
 26400K .......... .......... ..........                      100% 42.2M=0.5s

2021-06-11 14:06:12 (54.8 MB/s) - ‘/tmp/platform-engine.zip’ saved [27064811/27064811]

Archive:  /tmp/platform-engine.zip
  inflating: /opt/elasticbeanstalk/bin/platform-engine  
  inflating: /opt/elasticbeanstalk/bin/get-config  
  inflating: /opt/elasticbeanstalk/bin/ebdockerstart  
  inflating: /opt/elasticbeanstalk/bin/publishlogs  
  inflating: /opt/elasticbeanstalk/config/private/aws-eb-command-handler.conf  
  inflating: /opt/elasticbeanstalk/config/private/aws-eb.target  
  inflating: /opt/elasticbeanstalk/config/private/logtasks/cron/publishlogs  
  inflating: /opt/elasticbeanstalk/config/private/docker.logrotate.conf.template  
  inflating: /opt/elasticbeanstalk/config/private/beanstalk-magic  
  inflating: /opt/elasticbeanstalk/config/private/nginx/elasticbeanstalk-nginx-docker-upstream.template  
  inflating: /opt/elasticbeanstalk/config/private/nginx/nginx.conf.template  
  inflating: /opt/elasticbeanstalk/config/private/nginx/staticfilesmapping.conf.template  
  inflating: /opt/elasticbeanstalk/config/private/nginx/nginx.template  
  inflating: /opt/elasticbeanstalk/config/private/nginx/applicationport.conf.template  
  inflating: /opt/elasticbeanstalk/config/private/eb-docker-log-sort  
  inflating: /opt/elasticbeanstalk/config/private/guidlocking/repo.py  
  inflating: /opt/elasticbeanstalk/config/private/systemd-append.template  
  inflating: /opt/elasticbeanstalk/config/private/rsyslog.conf.template  
  inflating: /opt/elasticbeanstalk/config/private/httpd/staticfilesmapping.conf.template  
  inflating: /opt/elasticbeanstalk/config/private/httpd/gzip.conf  
  inflating: /opt/elasticbeanstalk/config/private/httpd/applicationport.conf.template  
  inflating: /opt/elasticbeanstalk/config/private/httpd/httpd.conf.template  
  inflating: /opt/elasticbeanstalk/config/private/ruby_common_env  
  inflating: /opt/elasticbeanstalk/config/private/cfn-hup.conf.template  
  inflating: /opt/elasticbeanstalk/config/private/containercommandsupport/container-defaults.sh  
  inflating: /opt/elasticbeanstalk/config/private/containercommandsupport/leader-test.sh  
  inflating: /opt/elasticbeanstalk/config/private/healthd/logcleanup-cron.template  
  inflating: /opt/elasticbeanstalk/config/private/healthd/config.yaml.template  
  inflating: /opt/elasticbeanstalk/config/private/healthd/healthd_logformat.conf  
  inflating: /opt/elasticbeanstalk/config/private/healthd/healthd_httpd.conf  
  inflating: /opt/elasticbeanstalk/config/private/healthd/healthddependency  
  inflating: /opt/elasticbeanstalk/config/private/healthd/healthd_nginx.conf  
  inflating: /opt/elasticbeanstalk/config/private/eb-banner  
  inflating: /opt/elasticbeanstalk/config/private/docker-log.conf  
  inflating: /opt/elasticbeanstalk/config/private/eb-docker-log-start  
  inflating: /opt/elasticbeanstalk/config/private/systemd.template  
 extracting: /opt/elasticbeanstalk/config/private/restartcfn.sh  
  inflating: /opt/elasticbeanstalk/config/private/cfn-hup-wrapper  
  inflating: /opt/elasticbeanstalk/config/private/eb-docker-stop  
 extracting: /opt/elasticbeanstalk/config/private/dockerfile.template  
  inflating: /opt/elasticbeanstalk/config/private/sqsd/default.yaml.template  
  inflating: /opt/elasticbeanstalk/config/private/sqsd/sqsdversion.json  
  inflating: /opt/elasticbeanstalk/config/private/docker-rsyslog.conf  
  inflating: /opt/elasticbeanstalk/config/private/logrotate/logrotate.template  
  inflating: /opt/elasticbeanstalk/config/private/logrotate/logrotate-cron.template  
  inflating: /opt/elasticbeanstalk/tasks/bundlelogs.d/cfn-system.conf  
 extracting: /opt/elasticbeanstalk/tasks/bundlelogs.d/cloud-init-system.conf  
  inflating: /opt/elasticbeanstalk/tasks/bundlelogs.d/system.conf  
  inflating: /opt/elasticbeanstalk/tasks/bundlelogs.d/eb-app.conf  
  inflating: /opt/elasticbeanstalk/tasks/bundlelogs.d/eb-system.conf  
 extracting: /opt/elasticbeanstalk/tasks/bundlelogs.d/eb-hooks.conf  
 extracting: /opt/elasticbeanstalk/tasks/bundlelogs.d/rotate.conf  
  inflating: /opt/elasticbeanstalk/tasks/taillogs.d/eb-engine.conf  
 extracting: /opt/elasticbeanstalk/tasks/publishlogs.d/eb-app.conf  
[2021-06-11T14:06:19.384Z] Successfully bootstrapped instance.
[2021-06-11T14:06:19.397Z] Sending signal 0 to CFN wait condition https://cloudformation-waitcondition-us-east-1.s3.amazonaws.com/arn%3Aaws%3Acloudformation%3Aus-east-1%3A718795813953%3Astack/awseb-e-emhnxc6vv3-stack/02cba6b0-cabe-11eb-b271-0a0703eab8ad/AWSEBInstanceLaunchWaitHandle?X-Amz-Algorithm=AWS4-HMAC-SHA256&X-Amz-Date=20210611T140508Z&X-Amz-SignedHeaders=host&X-Amz-Expires=86399&X-Amz-Credential=AKIAIIT3CWAIMJYUTISA%2F20210611%2Fus-east-1%2Fs3%2Faws4_request&X-Amz-Signature=f13e5a6cb1fe315a969bec3a2db86523c1657599ebecd42b54696b59516f6df6
CloudFormation signaled successfully with %s.
[2021-06-11T14:06:19.818Z] Tailing /var/log/eb-commandprocessor.log

******************* eb-commandprocessor taillog *******************
***eb-commandprocessor is not available yet.***
******************* End of taillog *******************


[2021-06-11T14:06:19.828Z] Tailing /var/log/eb-activity.log

******************* eb-activity taillog *******************
***eb-activity is not available yet.***
******************* End of taillog *******************


[2021-06-11T14:06:19.848Z] Tailing /var/log/eb-tools.log

******************* eb-tools taillog *******************
***eb-tools is not available yet.***
******************* End of taillog *******************


[2021-06-11T14:06:19.860Z] Tailing /var/log/eb-version-deployment.log

******************* eb-version-deployment taillog *******************
***eb-version-deployment is not available yet.***
******************* End of taillog *******************


[2021-06-11T14:06:19.888Z] Tailing /var/log/cfn-init.log

******************* cfn-init taillog *******************
2021-06-11 14:06:11,651 [INFO] -----------------------Starting build-----------------------
2021-06-11 14:06:11,656 [INFO] Running configSets: _OnInstanceBoot
2021-06-11 14:06:11,659 [INFO] Running configSet _OnInstanceBoot
2021-06-11 14:06:11,661 [INFO] Running config AWSEBBaseConfig
2021-06-11 14:06:11,831 [INFO] Command clearbackupfiles succeeded
2021-06-11 14:06:11,835 [INFO] Running config AWSEBCfnHupEndpointOverride
2021-06-11 14:06:11,838 [INFO] Command clearbackupfiles succeeded
2021-06-11 14:06:11,840 [INFO] ConfigSets completed
2021-06-11 14:06:11,840 [INFO] -----------------------Build complete-----------------------
******************* End of taillog *******************


[2021-06-11T14:06:19.915Z] Tailing /var/log/cfn-hup.log

******************* cfn-hup taillog *******************
2021-06-11 14:06:16,929 [DEBUG] CloudFormation client initialized with endpoint https://cloudformation.us-east-1.amazonaws.com
2021-06-11 14:06:16,929 [DEBUG] SQS client initialized with endpoint https://sqs.us-east-1.amazonaws.com
2021-06-11 14:06:16,929 [DEBUG] CloudFormation client initialized with endpoint https://cloudformation.us-east-1.amazonaws.com
2021-06-11 14:06:16,930 [DEBUG] Enabled single threading mode.
2021-06-11 14:06:16,930 [DEBUG] Creating /var/lib/cfn-hup/data
2021-06-11 14:06:16,946 [INFO] No umask value specified in config file. Using the default one: 0o22
2021-06-11 14:06:17,826 [INFO] Refreshing listener credentials
2021-06-11 14:06:17,955 [INFO] Scheduling next credential refresh in 1799.0 seconds
******************* End of taillog *******************


+ RESULT=0
+ [[ 0 -ne 0 ]]
+ exit 0
[2021-06-11T14:06:19.934Z] Completed EB Bootstrapping Script.
