2021/06/11 14:07:33.491756 [INFO] Loading Manifest...
2021/06/11 14:07:33.491856 [INFO] no eb envtier info file found, skip loading env tier info.
2021/06/11 14:07:33.508783 [INFO] Running command /bin/sh -c /opt/aws/bin/cfn-get-metadata -s arn:aws:cloudformation:us-east-1:718795813953:stack/awseb-e-emhnxc6vv3-stack/02cba6b0-cabe-11eb-b271-0a0703eab8ad -r AWSEBAutoScalingGroup --region us-east-1
2021/06/11 14:07:34.199487 [INFO] Running command /bin/sh -c /opt/aws/bin/cfn-get-metadata -s arn:aws:cloudformation:us-east-1:718795813953:stack/awseb-e-emhnxc6vv3-stack/02cba6b0-cabe-11eb-b271-0a0703eab8ad -r AWSEBBeanstalkMetadata --region us-east-1
2021/06/11 14:07:34.674086 [INFO] Checking if docker is running...
2021/06/11 14:07:34.674111 [INFO] Fetch current app container id...
2021/06/11 14:07:34.674134 [INFO] Running command /bin/sh -c docker ps | grep e001674721ab
2021/06/11 14:07:34.714269 [INFO] e001674721ab   bab128bb5c2c   "docker-entrypoint.s…"   7 seconds ago   Up 7 seconds   3000/tcp   competent_benz

2021/06/11 14:07:34.714298 [INFO] Running command /bin/sh -c docker wait  e001674721ab
2021/06/11 16:53:09.583150 [INFO] Loading Manifest...
2021/06/11 16:53:09.586729 [INFO] no eb envtier info file found, skip loading env tier info.
2021/06/11 16:53:09.612030 [INFO] Running command /bin/sh -c /opt/aws/bin/cfn-get-metadata -s arn:aws:cloudformation:us-east-1:718795813953:stack/awseb-e-emhnxc6vv3-stack/02cba6b0-cabe-11eb-b271-0a0703eab8ad -r AWSEBAutoScalingGroup --region us-east-1
2021/06/11 16:53:10.294370 [INFO] Running command /bin/sh -c /opt/aws/bin/cfn-get-metadata -s arn:aws:cloudformation:us-east-1:718795813953:stack/awseb-e-emhnxc6vv3-stack/02cba6b0-cabe-11eb-b271-0a0703eab8ad -r AWSEBBeanstalkMetadata --region us-east-1
2021/06/11 16:53:10.771968 [INFO] Checking if docker is running...
2021/06/11 16:53:10.771986 [INFO] Fetch current app container id...
2021/06/11 16:53:10.772009 [INFO] Running command /bin/sh -c docker ps | grep a9cefb8b6f9f
2021/06/11 16:53:10.812718 [INFO] a9cefb8b6f9f   bab128bb5c2c   "docker-entrypoint.s…"   7 seconds ago   Up 6 seconds   3000/tcp   nifty_hodgkin

2021/06/11 16:53:10.812747 [INFO] Running command /bin/sh -c docker wait  a9cefb8b6f9f
2021/06/17 13:30:09.735268 [INFO] Loading Manifest...
2021/06/17 13:30:09.738187 [INFO] no eb envtier info file found, skip loading env tier info.
2021/06/17 13:30:09.766638 [INFO] Running command /bin/sh -c /opt/aws/bin/cfn-get-metadata -s arn:aws:cloudformation:us-east-1:718795813953:stack/awseb-e-emhnxc6vv3-stack/02cba6b0-cabe-11eb-b271-0a0703eab8ad -r AWSEBAutoScalingGroup --region us-east-1
2021/06/17 13:30:10.456286 [INFO] Running command /bin/sh -c /opt/aws/bin/cfn-get-metadata -s arn:aws:cloudformation:us-east-1:718795813953:stack/awseb-e-emhnxc6vv3-stack/02cba6b0-cabe-11eb-b271-0a0703eab8ad -r AWSEBBeanstalkMetadata --region us-east-1
2021/06/17 13:30:10.947293 [INFO] Checking if docker is running...
2021/06/17 13:30:10.947310 [INFO] Fetch current app container id...
2021/06/17 13:30:10.947334 [INFO] Running command /bin/sh -c docker ps | grep f973dfaa91e4
2021/06/17 13:30:10.987347 [INFO] f973dfaa91e4   bab128bb5c2c   "docker-entrypoint.s…"   7 seconds ago   Up 6 seconds   3000/tcp   dreamy_blackwell

2021/06/17 13:30:10.987378 [INFO] Running command /bin/sh -c docker wait  f973dfaa91e4
2021/06/17 13:36:01.445003 [INFO] Loading Manifest...
2021/06/17 13:36:01.455963 [INFO] no eb envtier info file found, skip loading env tier info.
2021/06/17 13:36:01.704869 [INFO] Running command /bin/sh -c /opt/aws/bin/cfn-get-metadata -s arn:aws:cloudformation:us-east-1:718795813953:stack/awseb-e-emhnxc6vv3-stack/02cba6b0-cabe-11eb-b271-0a0703eab8ad -r AWSEBAutoScalingGroup --region us-east-1
2021/06/17 13:36:02.375225 [INFO] Running command /bin/sh -c /opt/aws/bin/cfn-get-metadata -s arn:aws:cloudformation:us-east-1:718795813953:stack/awseb-e-emhnxc6vv3-stack/02cba6b0-cabe-11eb-b271-0a0703eab8ad -r AWSEBBeanstalkMetadata --region us-east-1
2021/06/17 13:36:02.733828 [INFO] Checking if docker is running...
2021/06/17 13:36:02.733846 [INFO] Fetch current app container id...
2021/06/17 13:36:02.734235 [INFO] Running command /bin/sh -c docker ps | grep 2094b92f83fe
2021/06/17 13:36:02.774420 [INFO] 2094b92f83fe   bab128bb5c2c   "docker-entrypoint.s…"   7 seconds ago   Up 6 seconds   3000/tcp   loving_ishizaka

2021/06/17 13:36:02.774450 [INFO] Running command /bin/sh -c docker wait  2094b92f83fe
2021/06/17 13:38:08.595437 [INFO] Loading Manifest...
2021/06/17 13:38:08.599630 [INFO] no eb envtier info file found, skip loading env tier info.
2021/06/17 13:38:08.615730 [INFO] Running command /bin/sh -c /opt/aws/bin/cfn-get-metadata -s arn:aws:cloudformation:us-east-1:718795813953:stack/awseb-e-emhnxc6vv3-stack/02cba6b0-cabe-11eb-b271-0a0703eab8ad -r AWSEBAutoScalingGroup --region us-east-1
2021/06/17 13:38:09.322600 [INFO] Running command /bin/sh -c /opt/aws/bin/cfn-get-metadata -s arn:aws:cloudformation:us-east-1:718795813953:stack/awseb-e-emhnxc6vv3-stack/02cba6b0-cabe-11eb-b271-0a0703eab8ad -r AWSEBBeanstalkMetadata --region us-east-1
2021/06/17 13:38:09.822038 [INFO] Checking if docker is running...
2021/06/17 13:38:09.822056 [INFO] Fetch current app container id...
2021/06/17 13:38:09.822080 [INFO] Running command /bin/sh -c docker ps | grep 3a96f67d6851
2021/06/17 13:38:09.862954 [INFO] 3a96f67d6851   c29838b2cdf9   "docker-entrypoint.s…"   7 seconds ago   Up 6 seconds   3000/tcp   sleepy_borg

2021/06/17 13:38:09.862984 [INFO] Running command /bin/sh -c docker wait  3a96f67d6851
2021/06/17 14:06:39.835571 [INFO] 0

2021/06/17 14:06:46.792399 [INFO] Loading Manifest...
2021/06/17 14:06:46.792488 [INFO] no eb envtier info file found, skip loading env tier info.
2021/06/17 14:06:46.808071 [INFO] Running command /bin/sh -c /opt/aws/bin/cfn-get-metadata -s arn:aws:cloudformation:us-east-1:718795813953:stack/awseb-e-emhnxc6vv3-stack/02cba6b0-cabe-11eb-b271-0a0703eab8ad -r AWSEBAutoScalingGroup --region us-east-1
2021/06/17 14:06:47.483926 [INFO] Running command /bin/sh -c /opt/aws/bin/cfn-get-metadata -s arn:aws:cloudformation:us-east-1:718795813953:stack/awseb-e-emhnxc6vv3-stack/02cba6b0-cabe-11eb-b271-0a0703eab8ad -r AWSEBBeanstalkMetadata --region us-east-1
2021/06/17 14:06:47.985393 [INFO] Checking if docker is running...
2021/06/17 14:06:47.985411 [INFO] Fetch current app container id...
2021/06/17 14:06:47.985438 [INFO] Running command /bin/sh -c docker ps | grep 9bd1c509d86a
2021/06/17 14:06:48.026855 [INFO] 9bd1c509d86a   2f1382ca0aa7   "docker-entrypoint.s…"   8 seconds ago   Up 6 seconds   3000/tcp   quirky_northcutt

2021/06/17 14:06:48.026885 [INFO] Running command /bin/sh -c docker wait  9bd1c509d86a
2021/06/25 04:06:36.637996 [INFO] Loading Manifest...
2021/06/25 04:06:36.638800 [INFO] no eb envtier info file found, skip loading env tier info.
2021/06/25 04:06:36.651173 [INFO] Running command /bin/sh -c /opt/aws/bin/cfn-get-metadata -s arn:aws:cloudformation:us-east-1:718795813953:stack/awseb-e-emhnxc6vv3-stack/02cba6b0-cabe-11eb-b271-0a0703eab8ad -r AWSEBAutoScalingGroup --region us-east-1
2021/06/25 04:06:37.340254 [INFO] Running command /bin/sh -c /opt/aws/bin/cfn-get-metadata -s arn:aws:cloudformation:us-east-1:718795813953:stack/awseb-e-emhnxc6vv3-stack/02cba6b0-cabe-11eb-b271-0a0703eab8ad -r AWSEBBeanstalkMetadata --region us-east-1
2021/06/25 04:06:37.808254 [INFO] Checking if docker is running...
2021/06/25 04:06:37.808272 [INFO] Fetch current app container id...
2021/06/25 04:06:37.808295 [INFO] Running command /bin/sh -c docker ps | grep 918655ebf3bd
2021/06/25 04:06:37.847697 [INFO] 918655ebf3bd   48fe76c0688e   "docker-entrypoint.s…"   7 seconds ago   Up 6 seconds   3000/tcp   focused_lumiere

2021/06/25 04:06:37.847729 [INFO] Running command /bin/sh -c docker wait  918655ebf3bd
2021/06/27 05:19:06.968465 [ERROR] docker wait was interrupted with error Command /bin/sh -c docker wait  918655ebf3bd failed with error signal: terminated
2021/06/27 05:19:13.923941 [INFO] Loading Manifest...
2021/06/27 05:19:13.924064 [INFO] no eb envtier info file found, skip loading env tier info.
2021/06/27 05:19:13.938202 [INFO] Running command /bin/sh -c /opt/aws/bin/cfn-get-metadata -s arn:aws:cloudformation:us-east-1:718795813953:stack/awseb-e-emhnxc6vv3-stack/02cba6b0-cabe-11eb-b271-0a0703eab8ad -r AWSEBAutoScalingGroup --region us-east-1
2021/06/27 05:19:14.620232 [INFO] Running command /bin/sh -c /opt/aws/bin/cfn-get-metadata -s arn:aws:cloudformation:us-east-1:718795813953:stack/awseb-e-emhnxc6vv3-stack/02cba6b0-cabe-11eb-b271-0a0703eab8ad -r AWSEBBeanstalkMetadata --region us-east-1
2021/06/27 05:19:15.128931 [INFO] Checking if docker is running...
2021/06/27 05:19:15.128952 [INFO] Fetch current app container id...
2021/06/27 05:19:15.128978 [INFO] Running command /bin/sh -c docker ps | grep 6a03c2444c14
2021/06/27 05:19:15.170491 [INFO] 6a03c2444c14   9b2bb2431565   "docker-entrypoint.s…"   8 seconds ago   Up 6 seconds   3000/tcp   nice_cerf

2021/06/27 05:19:15.170523 [INFO] Running command /bin/sh -c docker wait  6a03c2444c14
2021/06/27 16:42:31.499016 [INFO] Loading Manifest...
2021/06/27 16:42:31.515279 [INFO] no eb envtier info file found, skip loading env tier info.
2021/06/27 16:42:31.540911 [INFO] Running command /bin/sh -c /opt/aws/bin/cfn-get-metadata -s arn:aws:cloudformation:us-east-1:718795813953:stack/awseb-e-emhnxc6vv3-stack/02cba6b0-cabe-11eb-b271-0a0703eab8ad -r AWSEBAutoScalingGroup --region us-east-1
2021/06/27 16:42:32.204796 [INFO] Running command /bin/sh -c /opt/aws/bin/cfn-get-metadata -s arn:aws:cloudformation:us-east-1:718795813953:stack/awseb-e-emhnxc6vv3-stack/02cba6b0-cabe-11eb-b271-0a0703eab8ad -r AWSEBBeanstalkMetadata --region us-east-1
2021/06/27 16:42:32.659548 [INFO] Checking if docker is running...
2021/06/27 16:42:32.659568 [INFO] Fetch current app container id...
2021/06/27 16:42:32.659590 [INFO] Running command /bin/sh -c docker ps | grep e224d18341a3
2021/06/27 16:42:32.699627 [INFO] e224d18341a3   e67143631f89   "docker-entrypoint.s…"   7 seconds ago   Up 6 seconds   3000/tcp   optimistic_chaum

2021/06/27 16:42:32.699658 [INFO] Running command /bin/sh -c docker wait  e224d18341a3
2021/06/28 07:33:51.174428 [INFO] Loading Manifest...
2021/06/28 07:33:51.175202 [INFO] no eb envtier info file found, skip loading env tier info.
2021/06/28 07:33:51.211642 [INFO] Running command /bin/sh -c /opt/aws/bin/cfn-get-metadata -s arn:aws:cloudformation:us-east-1:718795813953:stack/awseb-e-emhnxc6vv3-stack/02cba6b0-cabe-11eb-b271-0a0703eab8ad -r AWSEBAutoScalingGroup --region us-east-1
2021/06/28 07:33:51.872259 [INFO] Running command /bin/sh -c /opt/aws/bin/cfn-get-metadata -s arn:aws:cloudformation:us-east-1:718795813953:stack/awseb-e-emhnxc6vv3-stack/02cba6b0-cabe-11eb-b271-0a0703eab8ad -r AWSEBBeanstalkMetadata --region us-east-1
2021/06/28 07:33:52.391282 [INFO] Checking if docker is running...
2021/06/28 07:33:52.391301 [INFO] Fetch current app container id...
2021/06/28 07:33:52.391326 [INFO] Running command /bin/sh -c docker ps | grep 7ef809c3277e
2021/06/28 07:33:52.431883 [INFO] 7ef809c3277e   3830e7348d93   "docker-entrypoint.s…"   8 seconds ago   Up 6 seconds   3000/tcp   exciting_archimedes

2021/06/28 07:33:52.431918 [INFO] Running command /bin/sh -c docker wait  7ef809c3277e
2021/06/28 15:10:52.963125 [INFO] Loading Manifest...
2021/06/28 15:10:52.969077 [INFO] no eb envtier info file found, skip loading env tier info.
2021/06/28 15:10:53.007308 [INFO] Running command /bin/sh -c /opt/aws/bin/cfn-get-metadata -s arn:aws:cloudformation:us-east-1:718795813953:stack/awseb-e-emhnxc6vv3-stack/02cba6b0-cabe-11eb-b271-0a0703eab8ad -r AWSEBAutoScalingGroup --region us-east-1
2021/06/28 15:10:53.705212 [INFO] Running command /bin/sh -c /opt/aws/bin/cfn-get-metadata -s arn:aws:cloudformation:us-east-1:718795813953:stack/awseb-e-emhnxc6vv3-stack/02cba6b0-cabe-11eb-b271-0a0703eab8ad -r AWSEBBeanstalkMetadata --region us-east-1
2021/06/28 15:10:54.150719 [INFO] Checking if docker is running...
2021/06/28 15:10:54.150739 [INFO] Fetch current app container id...
2021/06/28 15:10:54.150762 [INFO] Running command /bin/sh -c docker ps | grep 871de39d9de7
2021/06/28 15:10:54.191612 [INFO] 871de39d9de7   b9cb8eca960e   "docker-entrypoint.s…"   8 seconds ago   Up 6 seconds   3000/tcp   xenodochial_benz

2021/06/28 15:10:54.191652 [INFO] Running command /bin/sh -c docker wait  871de39d9de7
2021/06/28 15:29:07.770264 [INFO] Loading Manifest...
2021/06/28 15:29:07.771048 [INFO] no eb envtier info file found, skip loading env tier info.
2021/06/28 15:29:07.811538 [INFO] Running command /bin/sh -c /opt/aws/bin/cfn-get-metadata -s arn:aws:cloudformation:us-east-1:718795813953:stack/awseb-e-emhnxc6vv3-stack/02cba6b0-cabe-11eb-b271-0a0703eab8ad -r AWSEBAutoScalingGroup --region us-east-1
2021/06/28 15:29:08.504242 [INFO] Running command /bin/sh -c /opt/aws/bin/cfn-get-metadata -s arn:aws:cloudformation:us-east-1:718795813953:stack/awseb-e-emhnxc6vv3-stack/02cba6b0-cabe-11eb-b271-0a0703eab8ad -r AWSEBBeanstalkMetadata --region us-east-1
2021/06/28 15:29:08.948517 [INFO] Checking if docker is running...
2021/06/28 15:29:08.948538 [INFO] Fetch current app container id...
2021/06/28 15:29:08.948564 [INFO] Running command /bin/sh -c docker ps | grep c2063b92b2a9
2021/06/28 15:29:08.989915 [INFO] c2063b92b2a9   8bf4c3f50eb1   "docker-entrypoint.s…"   7 seconds ago   Up 6 seconds   3000/tcp   focused_elion

2021/06/28 15:29:08.989946 [INFO] Running command /bin/sh -c docker wait  c2063b92b2a9
2021/06/29 02:14:30.747203 [INFO] Loading Manifest...
2021/06/29 02:14:30.750694 [INFO] no eb envtier info file found, skip loading env tier info.
2021/06/29 02:14:30.796975 [INFO] Running command /bin/sh -c /opt/aws/bin/cfn-get-metadata -s arn:aws:cloudformation:us-east-1:718795813953:stack/awseb-e-emhnxc6vv3-stack/02cba6b0-cabe-11eb-b271-0a0703eab8ad -r AWSEBAutoScalingGroup --region us-east-1
2021/06/29 02:14:31.472223 [INFO] Running command /bin/sh -c /opt/aws/bin/cfn-get-metadata -s arn:aws:cloudformation:us-east-1:718795813953:stack/awseb-e-emhnxc6vv3-stack/02cba6b0-cabe-11eb-b271-0a0703eab8ad -r AWSEBBeanstalkMetadata --region us-east-1
2021/06/29 02:14:31.914578 [INFO] Checking if docker is running...
2021/06/29 02:14:31.914598 [INFO] Fetch current app container id...
2021/06/29 02:14:31.914622 [INFO] Running command /bin/sh -c docker ps | grep bd120689982d
2021/06/29 02:14:31.955573 [INFO] bd120689982d   43c5e7881ad5   "docker-entrypoint.s…"   7 seconds ago   Up 6 seconds   3000/tcp   objective_gates

2021/06/29 02:14:31.955604 [INFO] Running command /bin/sh -c docker wait  bd120689982d
2021/06/29 02:24:01.175708 [INFO] Loading Manifest...
2021/06/29 02:24:01.176293 [INFO] no eb envtier info file found, skip loading env tier info.
2021/06/29 02:24:01.399818 [INFO] Running command /bin/sh -c /opt/aws/bin/cfn-get-metadata -s arn:aws:cloudformation:us-east-1:718795813953:stack/awseb-e-emhnxc6vv3-stack/02cba6b0-cabe-11eb-b271-0a0703eab8ad -r AWSEBAutoScalingGroup --region us-east-1
2021/06/29 02:24:02.364774 [INFO] Running command /bin/sh -c /opt/aws/bin/cfn-get-metadata -s arn:aws:cloudformation:us-east-1:718795813953:stack/awseb-e-emhnxc6vv3-stack/02cba6b0-cabe-11eb-b271-0a0703eab8ad -r AWSEBBeanstalkMetadata --region us-east-1
2021/06/29 02:24:02.690947 [INFO] Checking if docker is running...
2021/06/29 02:24:02.690993 [INFO] Fetch current app container id...
2021/06/29 02:24:02.691020 [INFO] Running command /bin/sh -c docker ps | grep c3c70968b257
2021/06/29 02:24:02.735404 [INFO] c3c70968b257   53e993bb36e4   "docker-entrypoint.s…"   8 seconds ago   Up 7 seconds   3000/tcp   unruffled_feistel

2021/06/29 02:24:02.735437 [INFO] Running command /bin/sh -c docker wait  c3c70968b257
2021/06/29 03:22:57.461795 [INFO] Loading Manifest...
2021/06/29 03:22:57.464087 [INFO] no eb envtier info file found, skip loading env tier info.
2021/06/29 03:22:57.496509 [INFO] Running command /bin/sh -c /opt/aws/bin/cfn-get-metadata -s arn:aws:cloudformation:us-east-1:718795813953:stack/awseb-e-emhnxc6vv3-stack/02cba6b0-cabe-11eb-b271-0a0703eab8ad -r AWSEBAutoScalingGroup --region us-east-1
2021/06/29 03:22:58.180737 [INFO] Running command /bin/sh -c /opt/aws/bin/cfn-get-metadata -s arn:aws:cloudformation:us-east-1:718795813953:stack/awseb-e-emhnxc6vv3-stack/02cba6b0-cabe-11eb-b271-0a0703eab8ad -r AWSEBBeanstalkMetadata --region us-east-1
2021/06/29 03:22:58.667859 [INFO] Checking if docker is running...
2021/06/29 03:22:58.667882 [INFO] Fetch current app container id...
2021/06/29 03:22:58.667907 [INFO] Running command /bin/sh -c docker ps | grep 728aa8b84f95
2021/06/29 03:22:58.709324 [INFO] 728aa8b84f95   378df7e72736   "docker-entrypoint.s…"   7 seconds ago   Up 7 seconds   3000/tcp   beautiful_cori

2021/06/29 03:22:58.709366 [INFO] Running command /bin/sh -c docker wait  728aa8b84f95
2021/06/29 03:26:22.922072 [INFO] Loading Manifest...
2021/06/29 03:26:22.922167 [INFO] no eb envtier info file found, skip loading env tier info.
2021/06/29 03:26:22.973002 [INFO] Running command /bin/sh -c /opt/aws/bin/cfn-get-metadata -s arn:aws:cloudformation:us-east-1:718795813953:stack/awseb-e-emhnxc6vv3-stack/02cba6b0-cabe-11eb-b271-0a0703eab8ad -r AWSEBAutoScalingGroup --region us-east-1
2021/06/29 03:26:23.668836 [INFO] Running command /bin/sh -c /opt/aws/bin/cfn-get-metadata -s arn:aws:cloudformation:us-east-1:718795813953:stack/awseb-e-emhnxc6vv3-stack/02cba6b0-cabe-11eb-b271-0a0703eab8ad -r AWSEBBeanstalkMetadata --region us-east-1
2021/06/29 03:26:24.133915 [INFO] Checking if docker is running...
2021/06/29 03:26:24.133933 [INFO] Fetch current app container id...
2021/06/29 03:26:24.133955 [INFO] Running command /bin/sh -c docker ps | grep 19ce5f40f63b
2021/06/29 03:26:24.174365 [INFO] 19ce5f40f63b   378df7e72736   "docker-entrypoint.s…"   8 seconds ago   Up 6 seconds   3000/tcp   vigorous_ganguly

2021/06/29 03:26:24.174396 [INFO] Running command /bin/sh -c docker wait  19ce5f40f63b
